#
# There is insufficient memory for the Java Runtime Environment to continue.
# Native memory allocation (mmap) failed to map 65536 bytes for Failed to commit metaspace.
# Possible reasons:
#   The system is out of physical RAM or swap space
#   The process is running with CompressedOops enabled, and the Java Heap may be blocking the growth of the native heap
# Possible solutions:
#   Reduce memory load on the system
#   Increase physical memory or swap space
#   Check if swap backing store is full
#   Decrease Java heap size (-Xmx/-Xms)
#   Decrease number of Java threads
#   Decrease Java thread stack sizes (-Xss)
#   Set larger code cache with -XX:ReservedCodeCacheSize=
#   JVM is running with Unscaled Compressed Oops mode in which the Java heap is
#     placed in the first 4GB address space. The Java Heap base address is the
#     maximum limit for the native heap growth. Please use -XX:HeapBaseMinAddress
#     to set the Java Heap base and to place the Java Heap above 4GB virtual address.
# This output file may be truncated or incomplete.
#
#  Out of Memory Error (virtualSpaceNode.cpp:110), pid=1964, tid=21080
#
# JRE version: Java(TM) SE Runtime Environment (18.0.1.1+2) (build 18.0.1.1+2-6)
# Java VM: Java HotSpot(TM) 64-Bit Server VM (18.0.1.1+2-6, mixed mode, sharing, tiered, compressed oops, compressed class ptrs, g1 gc, windows-amd64)
# No core dump will be written. Minidumps are not enabled by default on client versions of Windows
#

---------------  S U M M A R Y ------------

Command Line: -Dclassworlds.conf=C:\Program Files\NetBeans-14\netbeans\java\maven\bin\m2.conf -Dmaven.home=C:\Program Files\NetBeans-14\netbeans\java\maven -Dlibrary.jansi.path=C:\Program Files\NetBeans-14\netbeans\java\maven\lib\jansi-native -Dmaven.multiModuleProjectDirectory=D:\Java\fastJavaProgram org.codehaus.plexus.classworlds.launcher.Launcher -Dexec.vmArgs= -Dexec.args=${exec.vmArgs} -classpath %classpath ${exec.mainClass} ${exec.appArgs} -Dexec.appArgs= -Dexec.mainClass=com.mycompany.fastjavaprogram.FastJavaProgram -Dexec.executable=C:\Program Files\Java\jdk-18.0.1.1\bin\java.exe -Dmaven.ext.class.path=C:\Program Files\NetBeans-14\netbeans\java\maven-nblib\netbeans-eventspy.jar org.codehaus.mojo:exec-maven-plugin:3.0.0:exec

Host: Intel(R) Core(TM) i3-10100 CPU @ 3.60GHz, 8 cores, 7G,  Windows 10 , 64 bit Build 19041 (10.0.19041.2546)
Time: Sun Apr  2 13:02:46 2023 Bangladesh Standard Time elapsed time: 9.158264 seconds (0d 0h 0m 9s)

---------------  T H R E A D  ---------------

Current thread (0x0000028680decff0):  JavaThread "main" [_thread_in_vm, id=21080, stack(0x000000bf65000000,0x000000bf65100000)]

Stack: [0x000000bf65000000,0x000000bf65100000]
Native frames: (J=compiled Java code, j=interpreted, Vv=VM code, C=native code)
V  [jvm.dll+0x69887a]
V  [jvm.dll+0x7f38bd]
V  [jvm.dll+0x7f51ce]
V  [jvm.dll+0x7f5883]
V  [jvm.dll+0x25ca3f]
V  [jvm.dll+0x7ef5cb]
V  [jvm.dll+0x63ea76]
V  [jvm.dll+0x1d721e]
V  [jvm.dll+0x64141b]
V  [jvm.dll+0x64121e]
V  [jvm.dll+0x63f43e]
V  [jvm.dll+0x649ab7]
V  [jvm.dll+0x202381]
V  [jvm.dll+0x2028b5]
V  [jvm.dll+0x2032ef]
V  [jvm.dll+0x1f8781]
V  [jvm.dll+0x55d685]
V  [jvm.dll+0x76db23]
V  [jvm.dll+0x76dc04]
V  [jvm.dll+0x42d234]
V  [jvm.dll+0x432f3f]
C  [java.dll+0x17ec]

Java frames: (J=compiled Java code, j=interpreted, Vv=VM code)
J 830  java.lang.ClassLoader.defineClass1(Ljava/lang/ClassLoader;Ljava/lang/String;[BIILjava/security/ProtectionDomain;Ljava/lang/String;)Ljava/lang/Class; java.base@18.0.1.1 (0 bytes) @ 0x000002869228a2e3 [0x000002869228a220+0x00000000000000c3]
J 840 c1 java.lang.ClassLoader.defineClass(Ljava/lang/String;[BIILjava/security/ProtectionDomain;)Ljava/lang/Class; java.base@18.0.1.1 (43 bytes) @ 0x000002868aec1e54 [0x000002868aec1b00+0x0000000000000354]
J 847 c1 java.security.SecureClassLoader.defineClass(Ljava/lang/String;[BIILjava/security/CodeSource;)Ljava/lang/Class; java.base@18.0.1.1 (16 bytes) @ 0x000002868aec390c [0x000002868aec3840+0x00000000000000cc]
J 755 c1 java.net.URLClassLoader.defineClass(Ljava/lang/String;Ljdk/internal/loader/Resource;)Ljava/lang/Class; java.base@18.0.1.1 (224 bytes) @ 0x000002868ae9cb5c [0x000002868ae9b4a0+0x00000000000016bc]
J 754 c1 java.net.URLClassLoader$1.run()Ljava/lang/Class; java.base@18.0.1.1 (81 bytes) @ 0x000002868ae99bdc [0x000002868ae98fa0+0x0000000000000c3c]
J 753 c1 java.net.URLClassLoader$1.run()Ljava/lang/Object; java.base@18.0.1.1 (5 bytes) @ 0x000002868ae98ac4 [0x000002868ae98a40+0x0000000000000084]
J 464 c1 java.security.AccessController.doPrivileged(Ljava/security/PrivilegedExceptionAction;Ljava/security/AccessControlContext;)Ljava/lang/Object; java.base@18.0.1.1 (26 bytes) @ 0x000002868add067c [0x000002868add04a0+0x00000000000001dc]
J 751 c1 java.net.URLClassLoader.findClass(Ljava/lang/String;)Ljava/lang/Class; java.base@18.0.1.1 (47 bytes) @ 0x000002868ae97d1c [0x000002868ae97b80+0x000000000000019c]
J 759 c1 org.codehaus.plexus.classworlds.realm.ClassRealm.loadClassFromSelf(Ljava/lang/String;)Ljava/lang/Class; (40 bytes) @ 0x000002868ae9fac4 [0x000002868ae9f880+0x0000000000000244]
J 695 c1 org.codehaus.plexus.classworlds.strategy.SelfFirstStrategy.loadClass(Ljava/lang/String;)Ljava/lang/Class; (50 bytes) @ 0x000002868ae72a14 [0x000002868ae727c0+0x0000000000000254]
J 473 c1 org.codehaus.plexus.classworlds.realm.ClassRealm.loadClass(Ljava/lang/String;Z)Ljava/lang/Class; (33 bytes) @ 0x000002868add514c [0x000002868add4fe0+0x000000000000016c]
J 472 c1 org.codehaus.plexus.classworlds.realm.ClassRealm.loadClass(Ljava/lang/String;)Ljava/lang/Class; (7 bytes) @ 0x000002868add4ccc [0x000002868add4c40+0x000000000000008c]
J 695 c1 org.codehaus.plexus.classworlds.strategy.SelfFirstStrategy.loadClass(Ljava/lang/String;)Ljava/lang/Class; (50 bytes) @ 0x000002868ae72c4c [0x000002868ae727c0+0x000000000000048c]
J 473 c1 org.codehaus.plexus.classworlds.realm.ClassRealm.loadClass(Ljava/lang/String;Z)Ljava/lang/Class; (33 bytes) @ 0x000002868add514c [0x000002868add4fe0+0x000000000000016c]
J 472 c1 org.codehaus.plexus.classworlds.realm.ClassRealm.loadClass(Ljava/lang/String;)Ljava/lang/Class; (7 bytes) @ 0x000002868add4ccc [0x000002868add4c40+0x000000000000008c]
j  org.eclipse.sisu.space.URLClassSpace.loadClass(Ljava/lang/String;)Ljava/lang/Class;+5
j  org.eclipse.sisu.plexus.PlexusTypeRegistry.loadRole(Ljava/lang/String;Ljava/lang/String;)Ljava/lang/Class;+5
j  org.eclipse.sisu.plexus.PlexusTypeRegistry.addComponent(Ljava/lang/String;Ljava/lang/String;Ljava/lang/String;Ljava/lang/String;Ljava/lang/String;)Ljava/lang/String;+4
j  org.eclipse.sisu.plexus.PlexusXmlScanner.parseComponent(Lorg/codehaus/plexus/util/xml/pull/MXParser;Lorg/eclipse/sisu/plexus/PlexusTypeRegistry;)V+269
j  org.eclipse.sisu.plexus.PlexusXmlScanner.parseComponentsXml(Ljava/net/URL;Lorg/eclipse/sisu/plexus/PlexusTypeRegistry;)V+63
j  org.eclipse.sisu.plexus.PlexusXmlScanner.scan(Lorg/eclipse/sisu/space/ClassSpace;Z)Ljava/util/Map;+70
j  org.eclipse.sisu.plexus.PlexusXmlBeanModule.configure(Lcom/google/inject/Binder;)Lorg/eclipse/sisu/plexus/PlexusBeanSource;+71
j  org.eclipse.sisu.plexus.PlexusBindingModule.configure(Lcom/google/inject/Binder;)V+37
j  com.google.inject.spi.Elements$RecordingBinder.install(Lcom/google/inject/Module;)V+161
j  com.google.inject.spi.Elements.getElements(Lcom/google/inject/Stage;Ljava/lang/Iterable;)Ljava/util/List;+40
j  com.google.inject.spi.Elements.getElements(Ljava/lang/Iterable;)Ljava/util/List;+4
j  org.eclipse.sisu.wire.WireModule.configure(Lcom/google/inject/Binder;)V+13
j  com.google.inject.spi.Elements$RecordingBinder.install(Lcom/google/inject/Module;)V+161
j  com.google.inject.spi.Elements.getElements(Lcom/google/inject/Stage;Ljava/lang/Iterable;)Ljava/util/List;+40
j  com.google.inject.internal.InjectorShell$Builder.build(Lcom/google/inject/internal/Initializer;Lcom/google/inject/internal/ProcessedBindingData;Lcom/google/inject/internal/util/Stopwatch;Lcom/google/inject/internal/Errors;)Ljava/util/List;+122
j  com.google.inject.internal.InternalInjectorCreator.build()Lcom/google/inject/Injector;+48
j  com.google.inject.Guice.createInjector(Lcom/google/inject/Stage;Ljava/lang/Iterable;)Lcom/google/inject/Injector;+15
j  com.google.inject.Guice.createInjector(Ljava/lang/Iterable;)Lcom/google/inject/Injector;+4
j  com.google.inject.Guice.createInjector([Lcom/google/inject/Module;)Lcom/google/inject/Injector;+4
j  org.codehaus.plexus.DefaultPlexusContainer.addPlexusInjector(Ljava/util/List;[Lcom/google/inject/Module;)Lcom/google/inject/Injector;+88
j  org.codehaus.plexus.DefaultPlexusContainer.<init>(Lorg/codehaus/plexus/ContainerConfiguration;[Lcom/google/inject/Module;)V+396
j  org.apache.maven.cli.MavenCli.container(Lorg/apache/maven/cli/CliRequest;)Lorg/codehaus/plexus/PlexusContainer;+275
j  org.apache.maven.cli.MavenCli.doMain(Lorg/apache/maven/cli/CliRequest;)I+34
j  org.apache.maven.cli.MavenCli.main([Ljava/lang/String;Lorg/codehaus/plexus/classworlds/ClassWorld;)I+24
j  java.lang.invoke.DirectMethodHandle$Holder.invokeStatic(Ljava/lang/Object;Ljava/lang/Object;Ljava/lang/Object;)I+11 java.base@18.0.1.1
j  java.lang.invoke.LambdaForm$MH+0x0000000800c08800.invoke(Ljava/lang/Object;Ljava/lang/Object;Ljava/lang/Object;Ljava/lang/Object;)Ljava/lang/Object;+54 java.base@18.0.1.1
j  java.lang.invoke.LambdaForm$MH+0x0000000800c08c00.invokeExact_MT(Ljava/lang/Object;Ljava/lang/Object;Ljava/lang/Object;Ljava/lang/Object;Ljava/lang/Object;)Ljava/lang/Object;+22 java.base@18.0.1.1
j  jdk.internal.reflect.DirectMethodHandleAccessor.invokeImpl(Ljava/lang/Object;[Ljava/lang/Object;)Ljava/lang/Object;+72 java.base@18.0.1.1
j  jdk.internal.reflect.DirectMethodHandleAccessor.invoke(Ljava/lang/Object;[Ljava/lang/Object;)Ljava/lang/Object;+23 java.base@18.0.1.1
j  java.lang.reflect.Method.invoke(Ljava/lang/Object;[Ljava/lang/Object;)Ljava/lang/Object;+102 java.base@18.0.1.1
j  org.codehaus.plexus.classworlds.launcher.Launcher.launchEnhanced([Ljava/lang/String;)V+45
j  org.codehaus.plexus.classworlds.launcher.Launcher.launch([Ljava/lang/String;)V+2
j  org.codehaus.plexus.classworlds.launcher.Launcher.mainWithExitCode([Ljava/lang/String;)I+101
j  org.codehaus.plexus.classworlds.launcher.Launcher.main([Ljava/lang/String;)V+1
v  ~StubRoutines::call_stub

---------------  P R O C E S S  ---------------

Threads class SMR info:
_java_thread_list=0x00000286a0fd0c70, length=12, elements={
0x0000028680decff0, 0x00000286a0f4d410, 0x00000286a0f4e070, 0x00000286a0f6a5d0,
0x00000286a0f6bf80, 0x00000286a0f6c920, 0x00000286a0f6d2c0, 0x00000286a0f6df90,
0x00000286a0f6f180, 0x00000286a0f71b70, 0x00000286a0fcaf80, 0x00000286a0fd48a0
}

Java Threads: ( => current thread )
=>0x0000028680decff0 JavaThread "main" [_thread_in_vm, id=21080, stack(0x000000bf65000000,0x000000bf65100000)]
  0x00000286a0f4d410 JavaThread "Reference Handler" daemon [_thread_blocked, id=1356, stack(0x000000bf65800000,0x000000bf65900000)]
  0x00000286a0f4e070 JavaThread "Finalizer" daemon [_thread_blocked, id=5100, stack(0x000000bf65900000,0x000000bf65a00000)]
  0x00000286a0f6a5d0 JavaThread "Signal Dispatcher" daemon [_thread_blocked, id=18116, stack(0x000000bf65a00000,0x000000bf65b00000)]
  0x00000286a0f6bf80 JavaThread "Attach Listener" daemon [_thread_blocked, id=18120, stack(0x000000bf65b00000,0x000000bf65c00000)]
  0x00000286a0f6c920 JavaThread "Service Thread" daemon [_thread_blocked, id=18124, stack(0x000000bf65c00000,0x000000bf65d00000)]
  0x00000286a0f6d2c0 JavaThread "Monitor Deflation Thread" daemon [_thread_blocked, id=18128, stack(0x000000bf65d00000,0x000000bf65e00000)]
  0x00000286a0f6df90 JavaThread "C2 CompilerThread0" daemon [_thread_blocked, id=18132, stack(0x000000bf65e00000,0x000000bf65f00000)]
  0x00000286a0f6f180 JavaThread "C1 CompilerThread0" daemon [_thread_blocked, id=18156, stack(0x000000bf65f00000,0x000000bf66000000)]
  0x00000286a0f71b70 JavaThread "Sweeper thread" daemon [_thread_blocked, id=18332, stack(0x000000bf66000000,0x000000bf66100000)]
  0x00000286a0fcaf80 JavaThread "Notification Thread" daemon [_thread_blocked, id=1152, stack(0x000000bf66100000,0x000000bf66200000)]
  0x00000286a0fd48a0 JavaThread "Common-Cleaner" daemon [_thread_blocked, id=9264, stack(0x000000bf66300000,0x000000bf66400000)]

Other Threads:
  0x00000286a0f4ac80 VMThread "VM Thread" [stack: 0x000000bf65700000,0x000000bf65800000] [id=10788]
  0x00000286a0fd3470 WatcherThread "VM Periodic Task Thread" [stack: 0x000000bf66200000,0x000000bf66300000] [id=17196]
  0x0000028682ea4380 WorkerThread "GC Thread#0" [stack: 0x000000bf65200000,0x000000bf65300000] [id=21396]
  0x0000028682eb4eb0 ConcurrentGCThread "G1 Main Marker" [stack: 0x000000bf65300000,0x000000bf65400000] [id=21400]
  0x0000028682eb58a0 WorkerThread "G1 Conc#0" [stack: 0x000000bf65400000,0x000000bf65500000] [id=21404]
  0x0000028682f03ec0 ConcurrentGCThread "G1 Refine#0" [stack: 0x000000bf65500000,0x000000bf65600000] [id=21420]
  0x0000028682f047d0 ConcurrentGCThread "G1 Service" [stack: 0x000000bf65600000,0x000000bf65700000] [id=21424]

Threads with active compile tasks:

VM state: not at safepoint (normal execution)

VM Mutex/Monitor currently owned by a thread:  ([mutex/lock_event])
[0x0000028682e438a0] Metaspace_lock - owner thread: 0x0000028680decff0

Heap address: 0x0000000082000000, size: 2016 MB, Compressed Oops mode: 32-bit

CDS archive(s) mapped at: [0x0000000800000000-0x0000000800ba0000-0x0000000800ba0000), size 12189696, SharedBaseAddress: 0x0000000800000000, ArchiveRelocationMode: 0.
Compressed class space mapped at: 0x0000000800c00000-0x0000000840c00000, reserved size: 1073741824
Narrow klass base: 0x0000000800000000, Narrow klass shift: 0, Narrow klass range: 0x100000000

GC Precious Log:
 CardTable entry size: 512
 Card Set container configuration: InlinePtr #cards 5 size 8 Array Of Cards #cards 12 size 40 Howl #buckets 4 coarsen threshold 1843 Howl Bitmap #cards 512 size 80 coarsen threshold 460 Card regions per heap region 1 cards per card region 2048
 CPUs: 8 total, 8 available
 Memory: 8058M
 Large Page Support: Disabled
 NUMA Support: Disabled
 Compressed Oops: Enabled (32-bit)
 Heap Region Size: 1M
 Heap Min Capacity: 8M
 Heap Initial Capacity: 126M
 Heap Max Capacity: 2016M
 Pre-touch: Disabled
 Parallel Workers: 8
 Concurrent Workers: 2
 Concurrent Refinement Workers: 8
 Periodic GC: Disabled

Heap:
 garbage-first heap   total 129024K, used 20480K [0x0000000082000000, 0x0000000100000000)
  region size 1024K, 22 young (22528K), 0 survivors (0K)
 Metaspace       used 4748K, committed 4928K, reserved 1114112K
  class space    used 544K, committed 640K, reserved 1048576K

Heap Regions: E=young(eden), S=young(survivor), O=old, HS=humongous(starts), HC=humongous(continues), CS=collection set, F=free, OA=open archive, CA=closed archive, TAMS=top-at-mark-start (previous, next)
|   0|0x0000000082000000, 0x0000000082000000, 0x0000000082100000|  0%| F|  |TAMS 0x0000000082000000, 0x0000000082000000| Untracked 
|   1|0x0000000082100000, 0x0000000082100000, 0x0000000082200000|  0%| F|  |TAMS 0x0000000082100000, 0x0000000082100000| Untracked 
|   2|0x0000000082200000, 0x0000000082200000, 0x0000000082300000|  0%| F|  |TAMS 0x0000000082200000, 0x0000000082200000| Untracked 
|   3|0x0000000082300000, 0x0000000082300000, 0x0000000082400000|  0%| F|  |TAMS 0x0000000082300000, 0x0000000082300000| Untracked 
|   4|0x0000000082400000, 0x0000000082400000, 0x0000000082500000|  0%| F|  |TAMS 0x0000000082400000, 0x0000000082400000| Untracked 
|   5|0x0000000082500000, 0x0000000082500000, 0x0000000082600000|  0%| F|  |TAMS 0x0000000082500000, 0x0000000082500000| Untracked 
|   6|0x0000000082600000, 0x0000000082600000, 0x0000000082700000|  0%| F|  |TAMS 0x0000000082600000, 0x0000000082600000| Untracked 
|   7|0x0000000082700000, 0x0000000082700000, 0x0000000082800000|  0%| F|  |TAMS 0x0000000082700000, 0x0000000082700000| Untracked 
|   8|0x0000000082800000, 0x0000000082800000, 0x0000000082900000|  0%| F|  |TAMS 0x0000000082800000, 0x0000000082800000| Untracked 
|   9|0x0000000082900000, 0x0000000082900000, 0x0000000082a00000|  0%| F|  |TAMS 0x0000000082900000, 0x0000000082900000| Untracked 
|  10|0x0000000082a00000, 0x0000000082a00000, 0x0000000082b00000|  0%| F|  |TAMS 0x0000000082a00000, 0x0000000082a00000| Untracked 
|  11|0x0000000082b00000, 0x0000000082b00000, 0x0000000082c00000|  0%| F|  |TAMS 0x0000000082b00000, 0x0000000082b00000| Untracked 
|  12|0x0000000082c00000, 0x0000000082c00000, 0x0000000082d00000|  0%| F|  |TAMS 0x0000000082c00000, 0x0000000082c00000| Untracked 
|  13|0x0000000082d00000, 0x0000000082d00000, 0x0000000082e00000|  0%| F|  |TAMS 0x0000000082d00000, 0x0000000082d00000| Untracked 
|  14|0x0000000082e00000, 0x0000000082e00000, 0x0000000082f00000|  0%| F|  |TAMS 0x0000000082e00000, 0x0000000082e00000| Untracked 
|  15|0x0000000082f00000, 0x0000000082f00000, 0x0000000083000000|  0%| F|  |TAMS 0x0000000082f00000, 0x0000000082f00000| Untracked 
|  16|0x0000000083000000, 0x0000000083000000, 0x0000000083100000|  0%| F|  |TAMS 0x0000000083000000, 0x0000000083000000| Untracked 
|  17|0x0000000083100000, 0x0000000083100000, 0x0000000083200000|  0%| F|  |TAMS 0x0000000083100000, 0x0000000083100000| Untracked 
|  18|0x0000000083200000, 0x0000000083200000, 0x0000000083300000|  0%| F|  |TAMS 0x0000000083200000, 0x0000000083200000| Untracked 
|  19|0x0000000083300000, 0x0000000083300000, 0x0000000083400000|  0%| F|  |TAMS 0x0000000083300000, 0x0000000083300000| Untracked 
|  20|0x0000000083400000, 0x0000000083400000, 0x0000000083500000|  0%| F|  |TAMS 0x0000000083400000, 0x0000000083400000| Untracked 
|  21|0x0000000083500000, 0x0000000083500000, 0x0000000083600000|  0%| F|  |TAMS 0x0000000083500000, 0x0000000083500000| Untracked 
|  22|0x0000000083600000, 0x0000000083600000, 0x0000000083700000|  0%| F|  |TAMS 0x0000000083600000, 0x0000000083600000| Untracked 
|  23|0x0000000083700000, 0x0000000083700000, 0x0000000083800000|  0%| F|  |TAMS 0x0000000083700000, 0x0000000083700000| Untracked 
|  24|0x0000000083800000, 0x0000000083800000, 0x0000000083900000|  0%| F|  |TAMS 0x0000000083800000, 0x0000000083800000| Untracked 
|  25|0x0000000083900000, 0x0000000083900000, 0x0000000083a00000|  0%| F|  |TAMS 0x0000000083900000, 0x0000000083900000| Untracked 
|  26|0x0000000083a00000, 0x0000000083a00000, 0x0000000083b00000|  0%| F|  |TAMS 0x0000000083a00000, 0x0000000083a00000| Untracked 
|  27|0x0000000083b00000, 0x0000000083b00000, 0x0000000083c00000|  0%| F|  |TAMS 0x0000000083b00000, 0x0000000083b00000| Untracked 
|  28|0x0000000083c00000, 0x0000000083c00000, 0x0000000083d00000|  0%| F|  |TAMS 0x0000000083c00000, 0x0000000083c00000| Untracked 
|  29|0x0000000083d00000, 0x0000000083d00000, 0x0000000083e00000|  0%| F|  |TAMS 0x0000000083d00000, 0x0000000083d00000| Untracked 
|  30|0x0000000083e00000, 0x0000000083e00000, 0x0000000083f00000|  0%| F|  |TAMS 0x0000000083e00000, 0x0000000083e00000| Untracked 
|  31|0x0000000083f00000, 0x0000000083f00000, 0x0000000084000000|  0%| F|  |TAMS 0x0000000083f00000, 0x0000000083f00000| Untracked 
|  32|0x0000000084000000, 0x0000000084000000, 0x0000000084100000|  0%| F|  |TAMS 0x0000000084000000, 0x0000000084000000| Untracked 
|  33|0x0000000084100000, 0x0000000084100000, 0x0000000084200000|  0%| F|  |TAMS 0x0000000084100000, 0x0000000084100000| Untracked 
|  34|0x0000000084200000, 0x0000000084200000, 0x0000000084300000|  0%| F|  |TAMS 0x0000000084200000, 0x0000000084200000| Untracked 
|  35|0x0000000084300000, 0x0000000084300000, 0x0000000084400000|  0%| F|  |TAMS 0x0000000084300000, 0x0000000084300000| Untracked 
|  36|0x0000000084400000, 0x0000000084400000, 0x0000000084500000|  0%| F|  |TAMS 0x0000000084400000, 0x0000000084400000| Untracked 
|  37|0x0000000084500000, 0x0000000084500000, 0x0000000084600000|  0%| F|  |TAMS 0x0000000084500000, 0x0000000084500000| Untracked 
|  38|0x0000000084600000, 0x0000000084600000, 0x0000000084700000|  0%| F|  |TAMS 0x0000000084600000, 0x0000000084600000| Untracked 
|  39|0x0000000084700000, 0x0000000084700000, 0x0000000084800000|  0%| F|  |TAMS 0x0000000084700000, 0x0000000084700000| Untracked 
|  40|0x0000000084800000, 0x0000000084800000, 0x0000000084900000|  0%| F|  |TAMS 0x0000000084800000, 0x0000000084800000| Untracked 
|  41|0x0000000084900000, 0x0000000084900000, 0x0000000084a00000|  0%| F|  |TAMS 0x0000000084900000, 0x0000000084900000| Untracked 
|  42|0x0000000084a00000, 0x0000000084a00000, 0x0000000084b00000|  0%| F|  |TAMS 0x0000000084a00000, 0x0000000084a00000| Untracked 
|  43|0x0000000084b00000, 0x0000000084b00000, 0x0000000084c00000|  0%| F|  |TAMS 0x0000000084b00000, 0x0000000084b00000| Untracked 
|  44|0x0000000084c00000, 0x0000000084c00000, 0x0000000084d00000|  0%| F|  |TAMS 0x0000000084c00000, 0x0000000084c00000| Untracked 
|  45|0x0000000084d00000, 0x0000000084d00000, 0x0000000084e00000|  0%| F|  |TAMS 0x0000000084d00000, 0x0000000084d00000| Untracked 
|  46|0x0000000084e00000, 0x0000000084e00000, 0x0000000084f00000|  0%| F|  |TAMS 0x0000000084e00000, 0x0000000084e00000| Untracked 
|  47|0x0000000084f00000, 0x0000000084f00000, 0x0000000085000000|  0%| F|  |TAMS 0x0000000084f00000, 0x0000000084f00000| Untracked 
|  48|0x0000000085000000, 0x0000000085000000, 0x0000000085100000|  0%| F|  |TAMS 0x0000000085000000, 0x0000000085000000| Untracked 
|  49|0x0000000085100000, 0x0000000085100000, 0x0000000085200000|  0%| F|  |TAMS 0x0000000085100000, 0x0000000085100000| Untracked 
|  50|0x0000000085200000, 0x0000000085200000, 0x0000000085300000|  0%| F|  |TAMS 0x0000000085200000, 0x0000000085200000| Untracked 
|  51|0x0000000085300000, 0x0000000085300000, 0x0000000085400000|  0%| F|  |TAMS 0x0000000085300000, 0x0000000085300000| Untracked 
|  52|0x0000000085400000, 0x0000000085400000, 0x0000000085500000|  0%| F|  |TAMS 0x0000000085400000, 0x0000000085400000| Untracked 
|  53|0x0000000085500000, 0x0000000085500000, 0x0000000085600000|  0%| F|  |TAMS 0x0000000085500000, 0x0000000085500000| Untracked 
|  54|0x0000000085600000, 0x0000000085600000, 0x0000000085700000|  0%| F|  |TAMS 0x0000000085600000, 0x0000000085600000| Untracked 
|  55|0x0000000085700000, 0x0000000085700000, 0x0000000085800000|  0%| F|  |TAMS 0x0000000085700000, 0x0000000085700000| Untracked 
|  56|0x0000000085800000, 0x0000000085800000, 0x0000000085900000|  0%| F|  |TAMS 0x0000000085800000, 0x0000000085800000| Untracked 
|  57|0x0000000085900000, 0x0000000085900000, 0x0000000085a00000|  0%| F|  |TAMS 0x0000000085900000, 0x0000000085900000| Untracked 
|  58|0x0000000085a00000, 0x0000000085a00000, 0x0000000085b00000|  0%| F|  |TAMS 0x0000000085a00000, 0x0000000085a00000| Untracked 
|  59|0x0000000085b00000, 0x0000000085b00000, 0x0000000085c00000|  0%| F|  |TAMS 0x0000000085b00000, 0x0000000085b00000| Untracked 
|  60|0x0000000085c00000, 0x0000000085c00000, 0x0000000085d00000|  0%| F|  |TAMS 0x0000000085c00000, 0x0000000085c00000| Untracked 
|  61|0x0000000085d00000, 0x0000000085d00000, 0x0000000085e00000|  0%| F|  |TAMS 0x0000000085d00000, 0x0000000085d00000| Untracked 
|  62|0x0000000085e00000, 0x0000000085e00000, 0x0000000085f00000|  0%| F|  |TAMS 0x0000000085e00000, 0x0000000085e00000| Untracked 
|  63|0x0000000085f00000, 0x0000000085f00000, 0x0000000086000000|  0%| F|  |TAMS 0x0000000085f00000, 0x0000000085f00000| Untracked 
|  64|0x0000000086000000, 0x0000000086000000, 0x0000000086100000|  0%| F|  |TAMS 0x0000000086000000, 0x0000000086000000| Untracked 
|  65|0x0000000086100000, 0x0000000086100000, 0x0000000086200000|  0%| F|  |TAMS 0x0000000086100000, 0x0000000086100000| Untracked 
|  66|0x0000000086200000, 0x0000000086200000, 0x0000000086300000|  0%| F|  |TAMS 0x0000000086200000, 0x0000000086200000| Untracked 
|  67|0x0000000086300000, 0x0000000086300000, 0x0000000086400000|  0%| F|  |TAMS 0x0000000086300000, 0x0000000086300000| Untracked 
|  68|0x0000000086400000, 0x0000000086400000, 0x0000000086500000|  0%| F|  |TAMS 0x0000000086400000, 0x0000000086400000| Untracked 
|  69|0x0000000086500000, 0x0000000086500000, 0x0000000086600000|  0%| F|  |TAMS 0x0000000086500000, 0x0000000086500000| Untracked 
|  70|0x0000000086600000, 0x0000000086600000, 0x0000000086700000|  0%| F|  |TAMS 0x0000000086600000, 0x0000000086600000| Untracked 
|  71|0x0000000086700000, 0x0000000086700000, 0x0000000086800000|  0%| F|  |TAMS 0x0000000086700000, 0x0000000086700000| Untracked 
|  72|0x0000000086800000, 0x0000000086800000, 0x0000000086900000|  0%| F|  |TAMS 0x0000000086800000, 0x0000000086800000| Untracked 
|  73|0x0000000086900000, 0x0000000086900000, 0x0000000086a00000|  0%| F|  |TAMS 0x0000000086900000, 0x0000000086900000| Untracked 
|  74|0x0000000086a00000, 0x0000000086a00000, 0x0000000086b00000|  0%| F|  |TAMS 0x0000000086a00000, 0x0000000086a00000| Untracked 
|  75|0x0000000086b00000, 0x0000000086b00000, 0x0000000086c00000|  0%| F|  |TAMS 0x0000000086b00000, 0x0000000086b00000| Untracked 
|  76|0x0000000086c00000, 0x0000000086c00000, 0x0000000086d00000|  0%| F|  |TAMS 0x0000000086c00000, 0x0000000086c00000| Untracked 
|  77|0x0000000086d00000, 0x0000000086d00000, 0x0000000086e00000|  0%| F|  |TAMS 0x0000000086d00000, 0x0000000086d00000| Untracked 
|  78|0x0000000086e00000, 0x0000000086e00000, 0x0000000086f00000|  0%| F|  |TAMS 0x0000000086e00000, 0x0000000086e00000| Untracked 
|  79|0x0000000086f00000, 0x0000000086f00000, 0x0000000087000000|  0%| F|  |TAMS 0x0000000086f00000, 0x0000000086f00000| Untracked 
|  80|0x0000000087000000, 0x0000000087000000, 0x0000000087100000|  0%| F|  |TAMS 0x0000000087000000, 0x0000000087000000| Untracked 
|  81|0x0000000087100000, 0x0000000087100000, 0x0000000087200000|  0%| F|  |TAMS 0x0000000087100000, 0x0000000087100000| Untracked 
|  82|0x0000000087200000, 0x0000000087200000, 0x0000000087300000|  0%| F|  |TAMS 0x0000000087200000, 0x0000000087200000| Untracked 
|  83|0x0000000087300000, 0x0000000087300000, 0x0000000087400000|  0%| F|  |TAMS 0x0000000087300000, 0x0000000087300000| Untracked 
|  84|0x0000000087400000, 0x0000000087400000, 0x0000000087500000|  0%| F|  |TAMS 0x0000000087400000, 0x0000000087400000| Untracked 
|  85|0x0000000087500000, 0x0000000087500000, 0x0000000087600000|  0%| F|  |TAMS 0x0000000087500000, 0x0000000087500000| Untracked 
|  86|0x0000000087600000, 0x0000000087600000, 0x0000000087700000|  0%| F|  |TAMS 0x0000000087600000, 0x0000000087600000| Untracked 
|  87|0x0000000087700000, 0x0000000087700000, 0x0000000087800000|  0%| F|  |TAMS 0x0000000087700000, 0x0000000087700000| Untracked 
|  88|0x0000000087800000, 0x0000000087800000, 0x0000000087900000|  0%| F|  |TAMS 0x0000000087800000, 0x0000000087800000| Untracked 
|  89|0x0000000087900000, 0x0000000087900000, 0x0000000087a00000|  0%| F|  |TAMS 0x0000000087900000, 0x0000000087900000| Untracked 
|  90|0x0000000087a00000, 0x0000000087a00000, 0x0000000087b00000|  0%| F|  |TAMS 0x0000000087a00000, 0x0000000087a00000| Untracked 
|  91|0x0000000087b00000, 0x0000000087b00000, 0x0000000087c00000|  0%| F|  |TAMS 0x0000000087b00000, 0x0000000087b00000| Untracked 
|  92|0x0000000087c00000, 0x0000000087c00000, 0x0000000087d00000|  0%| F|  |TAMS 0x0000000087c00000, 0x0000000087c00000| Untracked 
|  93|0x0000000087d00000, 0x0000000087d00000, 0x0000000087e00000|  0%| F|  |TAMS 0x0000000087d00000, 0x0000000087d00000| Untracked 
|  94|0x0000000087e00000, 0x0000000087e00000, 0x0000000087f00000|  0%| F|  |TAMS 0x0000000087e00000, 0x0000000087e00000| Untracked 
|  95|0x0000000087f00000, 0x0000000087f00000, 0x0000000088000000|  0%| F|  |TAMS 0x0000000087f00000, 0x0000000087f00000| Untracked 
|  96|0x0000000088000000, 0x0000000088000000, 0x0000000088100000|  0%| F|  |TAMS 0x0000000088000000, 0x0000000088000000| Untracked 
|  97|0x0000000088100000, 0x0000000088100000, 0x0000000088200000|  0%| F|  |TAMS 0x0000000088100000, 0x0000000088100000| Untracked 
|  98|0x0000000088200000, 0x0000000088200000, 0x0000000088300000|  0%| F|  |TAMS 0x0000000088200000, 0x0000000088200000| Untracked 
|  99|0x0000000088300000, 0x0000000088300000, 0x0000000088400000|  0%| F|  |TAMS 0x0000000088300000, 0x0000000088300000| Untracked 
| 100|0x0000000088400000, 0x0000000088400000, 0x0000000088500000|  0%| F|  |TAMS 0x0000000088400000, 0x0000000088400000| Untracked 
| 101|0x0000000088500000, 0x0000000088500000, 0x0000000088600000|  0%| F|  |TAMS 0x0000000088500000, 0x0000000088500000| Untracked 
| 102|0x0000000088600000, 0x0000000088600000, 0x0000000088700000|  0%| F|  |TAMS 0x0000000088600000, 0x0000000088600000| Untracked 
| 103|0x0000000088700000, 0x0000000088700000, 0x0000000088800000|  0%| F|  |TAMS 0x0000000088700000, 0x0000000088700000| Untracked 
| 104|0x0000000088800000, 0x0000000088876460, 0x0000000088900000| 46%| E|  |TAMS 0x0000000088800000, 0x0000000088800000| Complete 
| 105|0x0000000088900000, 0x0000000088a00000, 0x0000000088a00000|100%| E|CS|TAMS 0x0000000088900000, 0x0000000088900000| Complete 
| 106|0x0000000088a00000, 0x0000000088b00000, 0x0000000088b00000|100%| E|CS|TAMS 0x0000000088a00000, 0x0000000088a00000| Complete 
| 107|0x0000000088b00000, 0x0000000088c00000, 0x0000000088c00000|100%| E|CS|TAMS 0x0000000088b00000, 0x0000000088b00000| Complete 
| 108|0x0000000088c00000, 0x0000000088d00000, 0x0000000088d00000|100%| E|CS|TAMS 0x0000000088c00000, 0x0000000088c00000| Complete 
| 109|0x0000000088d00000, 0x0000000088e00000, 0x0000000088e00000|100%| E|CS|TAMS 0x0000000088d00000, 0x0000000088d00000| Complete 
| 110|0x0000000088e00000, 0x0000000088f00000, 0x0000000088f00000|100%| E|CS|TAMS 0x0000000088e00000, 0x0000000088e00000| Complete 
| 111|0x0000000088f00000, 0x0000000089000000, 0x0000000089000000|100%| E|CS|TAMS 0x0000000088f00000, 0x0000000088f00000| Complete 
| 112|0x0000000089000000, 0x0000000089100000, 0x0000000089100000|100%| E|CS|TAMS 0x0000000089000000, 0x0000000089000000| Complete 
| 113|0x0000000089100000, 0x0000000089200000, 0x0000000089200000|100%| E|  |TAMS 0x0000000089100000, 0x0000000089100000| Complete 
| 114|0x0000000089200000, 0x0000000089300000, 0x0000000089300000|100%| E|CS|TAMS 0x0000000089200000, 0x0000000089200000| Complete 
| 115|0x0000000089300000, 0x0000000089400000, 0x0000000089400000|100%| E|CS|TAMS 0x0000000089300000, 0x0000000089300000| Complete 
| 116|0x0000000089400000, 0x0000000089500000, 0x0000000089500000|100%| E|CS|TAMS 0x0000000089400000, 0x0000000089400000| Complete 
| 117|0x0000000089500000, 0x0000000089600000, 0x0000000089600000|100%| E|CS|TAMS 0x0000000089500000, 0x0000000089500000| Complete 
| 118|0x0000000089600000, 0x0000000089700000, 0x0000000089700000|100%| E|CS|TAMS 0x0000000089600000, 0x0000000089600000| Complete 
| 119|0x0000000089700000, 0x0000000089800000, 0x0000000089800000|100%| E|CS|TAMS 0x0000000089700000, 0x0000000089700000| Complete 
| 120|0x0000000089800000, 0x0000000089900000, 0x0000000089900000|100%| E|CS|TAMS 0x0000000089800000, 0x0000000089800000| Complete 
| 121|0x0000000089900000, 0x0000000089a00000, 0x0000000089a00000|100%| E|CS|TAMS 0x0000000089900000, 0x0000000089900000| Complete 
| 122|0x0000000089a00000, 0x0000000089b00000, 0x0000000089b00000|100%| E|CS|TAMS 0x0000000089a00000, 0x0000000089a00000| Complete 
| 123|0x0000000089b00000, 0x0000000089c00000, 0x0000000089c00000|100%| E|CS|TAMS 0x0000000089b00000, 0x0000000089b00000| Complete 
| 124|0x0000000089c00000, 0x0000000089d00000, 0x0000000089d00000|100%| E|CS|TAMS 0x0000000089c00000, 0x0000000089c00000| Complete 
| 125|0x0000000089d00000, 0x0000000089e00000, 0x0000000089e00000|100%| E|CS|TAMS 0x0000000089d00000, 0x0000000089d00000| Complete 

Card table byte_map: [0x0000028699eb0000,0x000002869a2a0000] _byte_map_base: 0x0000028699aa0000

Marking Bits (Prev, Next): (CMBitMap*) 0x0000028682ea4980, (CMBitMap*) 0x0000028682ea49c0
 Prev Bits: [0x000002869a690000, 0x000002869c610000)
 Next Bits: [0x000002869c610000, 0x000002869e590000)

Polling page: 0x0000028680e00000

Metaspace:

Usage:
  Non-class:      4.11 MB used.
      Class:    544.02 KB used.
       Both:      4.64 MB used.

Virtual space:
  Non-class space:       64.00 MB reserved,       4.19 MB (  7%) committed,  1 nodes.
      Class space:        1.00 GB reserved,     640.00 KB ( <1%) committed,  1 nodes.
             Both:        1.06 GB reserved,       4.81 MB ( <1%) committed. 

Chunk freelists:
   Non-Class:  1.42 MB
       Class:  3.34 MB
        Both:  4.77 MB

MaxMetaspaceSize: unlimited
CompressedClassSpaceSize: 1.00 GB
Initial GC threshold: 21.00 MB
Current GC threshold: 21.00 MB
CDS: on
MetaspaceReclaimPolicy: balanced
 - commit_granule_bytes: 65536.
 - commit_granule_words: 8192.
 - virtual_space_node_default_size: 8388608.
 - enlarge_chunks_in_place: 1.
 - new_chunks_are_fully_committed: 0.
 - uncommit_free_chunks: 1.
 - use_allocation_guard: 0.


Internal statistics:

num_allocs_failed_limit: 0.
num_arena_births: 34.
num_arena_deaths: 0.
num_vsnodes_births: 2.
num_vsnodes_deaths: 0.
num_space_committed: 77.
num_space_uncommitted: 0.
num_chunks_returned_to_freelist: 0.
num_chunks_taken_from_freelist: 160.
num_chunk_merges: 0.
num_chunk_splits: 118.
num_chunks_enlarged: 102.
num_inconsistent_stats: 0.

CodeHeap 'non-profiled nmethods': size=120000Kb used=307Kb max_used=307Kb free=119692Kb
 bounds [0x0000028692250000, 0x00000286924c0000, 0x0000028699780000]
CodeHeap 'profiled nmethods': size=120000Kb used=1998Kb max_used=1998Kb free=118001Kb
 bounds [0x000002868ad20000, 0x000002868af90000, 0x0000028692250000]
CodeHeap 'non-nmethods': size=5760Kb used=1155Kb max_used=1191Kb free=4604Kb
 bounds [0x000002868a780000, 0x000002868a9f0000, 0x000002868ad20000]
 total_blobs=1402 nmethods=967 adapters=348
 compilation: enabled
              stopped_count=0, restarted_count=0
 full_count=0

Compilation events (20 events):
Event: 9.114 Thread 0x00000286a0f6f180 nmethod 959 0x000002868af0d410 code [0x000002868af0d5a0, 0x000002868af0d738]
Event: 9.114 Thread 0x00000286a0f6df90 nmethod 952 0x0000028692298110 code [0x0000028692298280, 0x0000028692298518]
Event: 9.114 Thread 0x00000286a0f6df90  961       4       org.codehaus.plexus.util.InterpolationFilterReader::read (477 bytes)
Event: 9.116 Thread 0x00000286a0f6f180  963       1       org.codehaus.plexus.util.xml.pull.MXParser::getDepth (5 bytes)
Event: 9.116 Thread 0x00000286a0f6f180 nmethod 963 0x0000028692298610 code [0x00000286922987a0, 0x0000028692298878]
Event: 9.117 Thread 0x00000286a0f6df90 nmethod 961 0x0000028692298910 code [0x0000028692298ac0, 0x0000028692298db8]
Event: 9.117 Thread 0x00000286a0f6df90  964       4       org.codehaus.plexus.util.xml.pull.MXParser::nextImpl (1202 bytes)
Event: 9.137 Thread 0x00000286a0f6df90 nmethod 964 0x0000028692299190 code [0x0000028692299400, 0x000002869229a058]
Event: 9.137 Thread 0x00000286a0f6df90  954       4       java.nio.CharBuffer::<init> (24 bytes)
Event: 9.148 Thread 0x00000286a0f6f180  965       3       java.util.HashMap::<init> (11 bytes)
Event: 9.148 Thread 0x00000286a0f6f180 nmethod 965 0x000002868af0d810 code [0x000002868af0d9c0, 0x000002868af0db98]
Event: 9.149 Thread 0x00000286a0f6df90 nmethod 954 0x000002869229ab10 code [0x000002869229aca0, 0x000002869229b098]
Event: 9.149 Thread 0x00000286a0f6df90  955       4       java.nio.HeapCharBuffer::<init> (23 bytes)
Event: 9.152 Thread 0x00000286a0f6df90 nmethod 955 0x000002869229b390 code [0x000002869229b520, 0x000002869229b918]
Event: 9.152 Thread 0x00000286a0f6df90  962       4       java.lang.StringBuilder::append (8 bytes)
Event: 9.155 Thread 0x00000286a0f6f180  966 %     3       org.codehaus.plexus.util.InterpolationFilterReader::read @ 3 (48 bytes)
Event: 9.155 Thread 0x00000286a0f6f180 nmethod 966% 0x000002868af0dc90 code [0x000002868af0de60, 0x000002868af0e248]
Event: 9.157 Thread 0x00000286a0f6f180  967       3       org.codehaus.plexus.util.xml.pull.MXParser::require (443 bytes)
Event: 9.157 Thread 0x00000286a0f6df90 nmethod 962 0x000002869229bc10 code [0x000002869229bda0, 0x000002869229c388]
Event: 9.157 Thread 0x00000286a0f6df90  948       4       java.nio.ByteBuffer::position (8 bytes)

GC Heap History (0 events):
No events

Deoptimization events (20 events):
Event: 9.025 Thread 0x0000028680decff0 DEOPT PACKING pc=0x000002869228d7c8 sp=0x000000bf650fdb40
Event: 9.025 Thread 0x0000028680decff0 DEOPT UNPACKING pc=0x000002868a7d23a3 sp=0x000000bf650fdac8 mode 2
Event: 9.025 Thread 0x0000028680decff0 Uncommon trap: trap_request=0xffffffde fr.pc=0x000002869228d7c8 relative=0x0000000000000128
Event: 9.025 Thread 0x0000028680decff0 Uncommon trap: reason=class_check action=maybe_recompile pc=0x000002869228d7c8 method=jdk.internal.misc.Unsafe.allocateUninitializedArray(Ljava/lang/Class;I)Ljava/lang/Object; @ 51 c2
Event: 9.025 Thread 0x0000028680decff0 DEOPT PACKING pc=0x000002869228d7c8 sp=0x000000bf650fdbe0
Event: 9.025 Thread 0x0000028680decff0 DEOPT UNPACKING pc=0x000002868a7d23a3 sp=0x000000bf650fdb68 mode 2
Event: 9.025 Thread 0x0000028680decff0 Uncommon trap: trap_request=0xffffffde fr.pc=0x000002869228d7c8 relative=0x0000000000000128
Event: 9.025 Thread 0x0000028680decff0 Uncommon trap: reason=class_check action=maybe_recompile pc=0x000002869228d7c8 method=jdk.internal.misc.Unsafe.allocateUninitializedArray(Ljava/lang/Class;I)Ljava/lang/Object; @ 51 c2
Event: 9.025 Thread 0x0000028680decff0 DEOPT PACKING pc=0x000002869228d7c8 sp=0x000000bf650fda10
Event: 9.025 Thread 0x0000028680decff0 DEOPT UNPACKING pc=0x000002868a7d23a3 sp=0x000000bf650fd998 mode 2
Event: 9.025 Thread 0x0000028680decff0 Uncommon trap: trap_request=0xffffffde fr.pc=0x000002869228d7c8 relative=0x0000000000000128
Event: 9.025 Thread 0x0000028680decff0 Uncommon trap: reason=class_check action=maybe_recompile pc=0x000002869228d7c8 method=jdk.internal.misc.Unsafe.allocateUninitializedArray(Ljava/lang/Class;I)Ljava/lang/Object; @ 51 c2
Event: 9.025 Thread 0x0000028680decff0 DEOPT PACKING pc=0x000002869228d7c8 sp=0x000000bf650fdab0
Event: 9.025 Thread 0x0000028680decff0 DEOPT UNPACKING pc=0x000002868a7d23a3 sp=0x000000bf650fda38 mode 2
Event: 9.102 Thread 0x0000028680decff0 Uncommon trap: trap_request=0xffffff45 fr.pc=0x00000286922945f4 relative=0x0000000000000234
Event: 9.102 Thread 0x0000028680decff0 Uncommon trap: reason=unstable_if action=reinterpret pc=0x00000286922945f4 method=java.io.Reader.read()I @ 12 c2
Event: 9.102 Thread 0x0000028680decff0 DEOPT PACKING pc=0x00000286922945f4 sp=0x000000bf650fdcb0
Event: 9.102 Thread 0x0000028680decff0 DEOPT UNPACKING pc=0x000002868a7d23a3 sp=0x000000bf650fdbc0 mode 2
Event: 9.108 Thread 0x0000028680decff0 DEOPT PACKING pc=0x000002868ad5d726 sp=0x000000bf650fdd30
Event: 9.108 Thread 0x0000028680decff0 DEOPT UNPACKING pc=0x000002868a7d2b43 sp=0x000000bf650fd200 mode 0

Classes loaded (20 events):
Event: 9.001 Loading class sun/reflect/generics/repository/AbstractRepository
Event: 9.001 Loading class sun/reflect/generics/repository/AbstractRepository done
Event: 9.001 Loading class sun/reflect/generics/repository/GenericDeclRepository done
Event: 9.001 Loading class sun/reflect/generics/repository/ClassRepository done
Event: 9.001 Loading class sun/reflect/generics/tree/FormalTypeParameter
Event: 9.001 Loading class sun/reflect/generics/tree/FormalTypeParameter done
Event: 9.001 Loading class sun/reflect/generics/tree/ClassSignature
Event: 9.001 Loading class sun/reflect/generics/tree/Signature
Event: 9.001 Loading class sun/reflect/generics/tree/Signature done
Event: 9.001 Loading class sun/reflect/generics/tree/ClassSignature done
Event: 9.002 Loading class java/lang/reflect/TypeVariable
Event: 9.002 Loading class java/lang/reflect/TypeVariable done
Event: 9.002 Loading class java/lang/reflect/WildcardType
Event: 9.002 Loading class java/lang/reflect/WildcardType done
Event: 9.004 Loading class sun/reflect/generics/tree/TypeVariableSignature
Event: 9.004 Loading class sun/reflect/generics/tree/TypeVariableSignature done
Event: 9.013 Loading class java/lang/annotation/IncompleteAnnotationException
Event: 9.014 Loading class java/lang/annotation/IncompleteAnnotationException done
Event: 9.100 Loading class jdk/internal/access/foreign/MemorySegmentProxy
Event: 9.100 Loading class jdk/internal/access/foreign/MemorySegmentProxy done

Classes unloaded (0 events):
No events

Classes redefined (0 events):
No events

Internal exceptions (12 events):
Event: 6.077 Thread 0x0000028680decff0 Exception <a 'java/lang/NoSuchMethodError'{0x0000000089aa79b8}: 'java.lang.Object java.lang.invoke.Invokers$Holder.invokeExact_MT(java.lang.Object, java.lang.Object, java.lang.Object, java.lang.Object, java.lang.Object)'> (0x0000000089aa79b8) 
thrown [s\open\src\hotspot\share\interpreter\linkResolver.cpp, line 766]
Event: 6.114 Thread 0x0000028680decff0 Exception <a 'java/lang/NullPointerException'{0x00000000899009b8}> (0x00000000899009b8) 
thrown [s\open\src\hotspot\share\interpreter\linkResolver.cpp, line 1357]
Event: 8.242 Thread 0x0000028680decff0 Exception <a 'java/lang/NullPointerException'{0x000000008992d2e0}> (0x000000008992d2e0) 
thrown [s\open\src\hotspot\share\interpreter\linkResolver.cpp, line 1357]
Event: 8.242 Thread 0x0000028680decff0 Exception <a 'java/lang/NullPointerException'{0x000000008992d5b8}> (0x000000008992d5b8) 
thrown [s\open\src\hotspot\share\interpreter\linkResolver.cpp, line 1357]
Event: 8.242 Thread 0x0000028680decff0 Exception <a 'java/lang/NullPointerException'{0x000000008992d890}> (0x000000008992d890) 
thrown [s\open\src\hotspot\share\interpreter\linkResolver.cpp, line 1357]
Event: 8.244 Thread 0x0000028680decff0 Exception <a 'java/lang/NullPointerException'{0x0000000089932aa0}> (0x0000000089932aa0) 
thrown [s\open\src\hotspot\share\interpreter\linkResolver.cpp, line 1357]
Event: 8.249 Thread 0x0000028680decff0 Exception <a 'java/lang/NullPointerException'{0x0000000089947678}> (0x0000000089947678) 
thrown [s\open\src\hotspot\share\interpreter\linkResolver.cpp, line 1357]
Event: 8.249 Thread 0x0000028680decff0 Exception <a 'java/lang/NullPointerException'{0x0000000089947950}> (0x0000000089947950) 
thrown [s\open\src\hotspot\share\interpreter\linkResolver.cpp, line 1357]
Event: 8.249 Thread 0x0000028680decff0 Exception <a 'java/lang/NullPointerException'{0x0000000089947c28}> (0x0000000089947c28) 
thrown [s\open\src\hotspot\share\interpreter\linkResolver.cpp, line 1357]
Event: 8.249 Thread 0x0000028680decff0 Exception <a 'java/lang/NullPointerException'{0x0000000089947f00}> (0x0000000089947f00) 
thrown [s\open\src\hotspot\share\interpreter\linkResolver.cpp, line 1357]
Event: 8.959 Thread 0x0000028680decff0 Exception <a 'java/lang/NoSuchMethodError'{0x0000000088f009b0}: 'java.lang.Object java.lang.invoke.DirectMethodHandle$Holder.newInvokeSpecial(java.lang.Object, java.lang.Object, java.lang.Object, java.lang.Object, java.lang.Object)'> (0x0000000088f009b0) 
thrown [s\open\src\hotspot\share\interpreter\linkResolver.cpp, line 766]
Event: 9.014 Thread 0x0000028680decff0 Exception <a 'java/lang/NoClassDefFoundError'{0x0000000088e57198}: javax/enterprise/inject/Typed> (0x0000000088e57198) 
thrown [s\open\src\hotspot\share\classfile\systemDictionary.cpp, line 244]

VM Operations (16 events):
Event: 3.151 Executing VM operation: Cleanup
Event: 3.151 Executing VM operation: Cleanup done
Event: 4.152 Executing VM operation: Cleanup
Event: 4.152 Executing VM operation: Cleanup done
Event: 5.161 Executing VM operation: Cleanup
Event: 5.197 Executing VM operation: Cleanup done
Event: 6.113 Executing VM operation: HandshakeAllThreads
Event: 6.113 Executing VM operation: HandshakeAllThreads done
Event: 6.127 Executing VM operation: HandshakeAllThreads
Event: 6.127 Executing VM operation: HandshakeAllThreads done
Event: 7.141 Executing VM operation: Cleanup
Event: 7.141 Executing VM operation: Cleanup done
Event: 8.432 Executing VM operation: HandshakeAllThreads
Event: 8.433 Executing VM operation: HandshakeAllThreads done
Event: 8.433 Executing VM operation: Cleanup
Event: 8.433 Executing VM operation: Cleanup done

Events (20 events):
Event: 0.472 Loaded shared library C:\Program Files\Java\jdk-18.0.1.1\bin\java.dll
Event: 0.924 Loaded shared library C:\Program Files\Java\jdk-18.0.1.1\bin\jsvml.dll
Event: 0.925 Thread 0x0000028680decff0 Thread added: 0x0000028680decff0
Event: 1.140 Thread 0x00000286a0f4d410 Thread added: 0x00000286a0f4d410
Event: 1.141 Thread 0x00000286a0f4e070 Thread added: 0x00000286a0f4e070
Event: 1.321 Thread 0x00000286a0f6a5d0 Thread added: 0x00000286a0f6a5d0
Event: 1.321 Thread 0x00000286a0f6bf80 Thread added: 0x00000286a0f6bf80
Event: 1.321 Thread 0x00000286a0f6c920 Thread added: 0x00000286a0f6c920
Event: 1.321 Thread 0x00000286a0f6d2c0 Thread added: 0x00000286a0f6d2c0
Event: 1.322 Thread 0x00000286a0f6df90 Thread added: 0x00000286a0f6df90
Event: 1.323 Thread 0x00000286a0f6f180 Thread added: 0x00000286a0f6f180
Event: 1.327 Thread 0x00000286a0f71b70 Thread added: 0x00000286a0f71b70
Event: 1.365 Thread 0x00000286a0fcaf80 Thread added: 0x00000286a0fcaf80
Event: 1.371 Thread 0x00000286a0fd48a0 Thread added: 0x00000286a0fd48a0
Event: 2.327 Loaded shared library C:\Program Files\Java\jdk-18.0.1.1\bin\net.dll
Event: 2.694 Loaded shared library C:\Program Files\Java\jdk-18.0.1.1\bin\nio.dll
Event: 2.698 Loaded shared library C:\Program Files\Java\jdk-18.0.1.1\bin\zip.dll
Event: 6.123 Loaded shared library C:\Program Files\Java\jdk-18.0.1.1\bin\jimage.dll
Event: 8.236 Loaded shared library C:\Program Files\NetBeans-14\netbeans\java\maven\lib\jansi-native\Windows\x86_64\jansi.dll
Event: 8.254 Loaded shared library C:\Program Files\Java\jdk-18.0.1.1\bin\verify.dll


Dynamic libraries:
0x00007ff73cf50000 - 0x00007ff73cf60000 	C:\Program Files\Java\jdk-18.0.1.1\bin\java.exe
0x00007ffca9ff0000 - 0x00007ffcaa1e8000 	C:\WINDOWS\SYSTEM32\ntdll.dll
0x00007ffca9890000 - 0x00007ffca994f000 	C:\WINDOWS\System32\KERNEL32.DLL
0x00007ffca79b0000 - 0x00007ffca7c82000 	C:\WINDOWS\System32\KERNELBASE.dll
0x00007ffca7730000 - 0x00007ffca7830000 	C:\WINDOWS\System32\ucrtbase.dll
0x00007ffc92ff0000 - 0x00007ffc93008000 	C:\Program Files\Java\jdk-18.0.1.1\bin\jli.dll
0x00007ffca9950000 - 0x00007ffca99fe000 	C:\WINDOWS\System32\ADVAPI32.dll
0x00007ffca97f0000 - 0x00007ffca988e000 	C:\WINDOWS\System32\msvcrt.dll
0x00007ffca86c0000 - 0x00007ffca875c000 	C:\WINDOWS\System32\sechost.dll
0x00007ffca95f0000 - 0x00007ffca9715000 	C:\WINDOWS\System32\RPCRT4.dll
0x00007ffca8310000 - 0x00007ffca84b1000 	C:\WINDOWS\System32\USER32.dll
0x00007ffca7d30000 - 0x00007ffca7d52000 	C:\WINDOWS\System32\win32u.dll
0x00007ffca9ab0000 - 0x00007ffca9adb000 	C:\WINDOWS\System32\GDI32.dll
0x00007ffca7830000 - 0x00007ffca793f000 	C:\WINDOWS\System32\gdi32full.dll
0x00007ffca7c90000 - 0x00007ffca7d2d000 	C:\WINDOWS\System32\msvcp_win.dll
0x00007ffc7f640000 - 0x00007ffc7f65a000 	C:\Program Files\Java\jdk-18.0.1.1\bin\VCRUNTIME140.dll
0x00007ffc86d90000 - 0x00007ffc8702a000 	C:\WINDOWS\WinSxS\amd64_microsoft.windows.common-controls_6595b64144ccf1df_6.0.19041.1110_none_60b5254171f9507e\COMCTL32.dll
0x00007ffca18a0000 - 0x00007ffca18aa000 	C:\WINDOWS\SYSTEM32\VERSION.dll
0x00007ffca9a70000 - 0x00007ffca9aa2000 	C:\WINDOWS\System32\IMM32.DLL
0x00007ffc8f780000 - 0x00007ffc8f78c000 	C:\Program Files\Java\jdk-18.0.1.1\bin\vcruntime140_1.dll
0x00007ffc69510000 - 0x00007ffc6959d000 	C:\Program Files\Java\jdk-18.0.1.1\bin\msvcp140.dll
0x00007ffc474d0000 - 0x00007ffc480e0000 	C:\Program Files\Java\jdk-18.0.1.1\bin\server\jvm.dll
0x00007ffca9530000 - 0x00007ffca9538000 	C:\WINDOWS\System32\PSAPI.DLL
0x00007ffc8f7c0000 - 0x00007ffc8f7c9000 	C:\WINDOWS\SYSTEM32\WSOCK32.dll
0x00007ffca9a00000 - 0x00007ffca9a6b000 	C:\WINDOWS\System32\WS2_32.dll
0x00007ffc8d6b0000 - 0x00007ffc8d6d7000 	C:\WINDOWS\SYSTEM32\WINMM.dll
0x00007ffca55c0000 - 0x00007ffca55d2000 	C:\WINDOWS\SYSTEM32\kernel.appcore.dll
0x00007ffc8f2b0000 - 0x00007ffc8f2ba000 	C:\Program Files\Java\jdk-18.0.1.1\bin\jimage.dll
0x00007ffc95fb0000 - 0x00007ffc96194000 	C:\WINDOWS\SYSTEM32\DBGHELP.DLL
0x00007ffc965a0000 - 0x00007ffc965d5000 	C:\WINDOWS\SYSTEM32\dbgcore.DLL
0x00007ffca7f70000 - 0x00007ffca7ff2000 	C:\WINDOWS\System32\bcryptPrimitives.dll
0x00007ffc69bc0000 - 0x00007ffc69be5000 	C:\Program Files\Java\jdk-18.0.1.1\bin\java.dll
0x00007ffc69ac0000 - 0x00007ffc69b96000 	C:\Program Files\Java\jdk-18.0.1.1\bin\jsvml.dll
0x00007ffca89a0000 - 0x00007ffca90e5000 	C:\WINDOWS\System32\SHELL32.dll
0x00007ffca57c0000 - 0x00007ffca5f52000 	C:\WINDOWS\SYSTEM32\windows.storage.dll
0x00007ffca91d0000 - 0x00007ffca9525000 	C:\WINDOWS\System32\combase.dll
0x00007ffca70d0000 - 0x00007ffca7100000 	C:\WINDOWS\SYSTEM32\Wldp.dll
0x00007ffca8580000 - 0x00007ffca862d000 	C:\WINDOWS\System32\SHCORE.dll
0x00007ffca8760000 - 0x00007ffca87b5000 	C:\WINDOWS\System32\shlwapi.dll
0x00007ffca7620000 - 0x00007ffca763f000 	C:\WINDOWS\SYSTEM32\profapi.dll
0x00007ffc69aa0000 - 0x00007ffc69ab3000 	C:\Program Files\Java\jdk-18.0.1.1\bin\net.dll
0x00007ffca00a0000 - 0x00007ffca01ac000 	C:\WINDOWS\SYSTEM32\WINHTTP.dll
0x00007ffca6dc0000 - 0x00007ffca6e2a000 	C:\WINDOWS\system32\mswsock.dll
0x00007ffc69a80000 - 0x00007ffc69a96000 	C:\Program Files\Java\jdk-18.0.1.1\bin\nio.dll
0x00007ffc69a60000 - 0x00007ffc69a78000 	C:\Program Files\Java\jdk-18.0.1.1\bin\zip.dll
0x0000000069ac0000 - 0x0000000069ae4000 	C:\Program Files\NetBeans-14\netbeans\java\maven\lib\jansi-native\Windows\x86_64\jansi.dll
0x00007ffc81910000 - 0x00007ffc81920000 	C:\Program Files\Java\jdk-18.0.1.1\bin\verify.dll

dbghelp: loaded successfully - version: 4.0.5 - missing functions: none
symbol engine: initialized successfully - sym options: 0x614 - pdb path: .;C:\Program Files\Java\jdk-18.0.1.1\bin;C:\WINDOWS\SYSTEM32;C:\WINDOWS\WinSxS\amd64_microsoft.windows.common-controls_6595b64144ccf1df_6.0.19041.1110_none_60b5254171f9507e;C:\Program Files\Java\jdk-18.0.1.1\bin\server;C:\Program Files\NetBeans-14\netbeans\java\maven\lib\jansi-native\Windows\x86_64

VM Arguments:
jvm_args: -Dclassworlds.conf=C:\Program Files\NetBeans-14\netbeans\java\maven\bin\m2.conf -Dmaven.home=C:\Program Files\NetBeans-14\netbeans\java\maven -Dlibrary.jansi.path=C:\Program Files\NetBeans-14\netbeans\java\maven\lib\jansi-native -Dmaven.multiModuleProjectDirectory=D:\Java\fastJavaProgram 
java_command: org.codehaus.plexus.classworlds.launcher.Launcher -Dexec.vmArgs= -Dexec.args=${exec.vmArgs} -classpath %classpath ${exec.mainClass} ${exec.appArgs} -Dexec.appArgs= -Dexec.mainClass=com.mycompany.fastjavaprogram.FastJavaProgram -Dexec.executable=C:\Program Files\Java\jdk-18.0.1.1\bin\java.exe -Dmaven.ext.class.path=C:\Program Files\NetBeans-14\netbeans\java\maven-nblib\netbeans-eventspy.jar org.codehaus.mojo:exec-maven-plugin:3.0.0:exec
java_class_path (initial): C:\Program Files\NetBeans-14\netbeans\java\maven\boot\plexus-classworlds-2.6.0.jar
Launcher Type: SUN_STANDARD

[Global flags]
     intx CICompilerCount                          = 4                                         {product} {ergonomic}
     uint ConcGCThreads                            = 2                                         {product} {ergonomic}
     uint G1ConcRefinementThreads                  = 8                                         {product} {ergonomic}
   size_t G1HeapRegionSize                         = 1048576                                   {product} {ergonomic}
    uintx GCDrainStackTargetSize                   = 64                                        {product} {ergonomic}
   size_t InitialHeapSize                          = 132120576                                 {product} {ergonomic}
   size_t MarkStackSize                            = 4194304                                   {product} {ergonomic}
   size_t MaxHeapSize                              = 2113929216                                {product} {ergonomic}
   size_t MaxNewSize                               = 1267728384                                {product} {ergonomic}
   size_t MinHeapDeltaBytes                        = 1048576                                   {product} {ergonomic}
   size_t MinHeapSize                              = 8388608                                   {product} {ergonomic}
    uintx NonNMethodCodeHeapSize                   = 5839372                                {pd product} {ergonomic}
    uintx NonProfiledCodeHeapSize                  = 122909434                              {pd product} {ergonomic}
    uintx ProfiledCodeHeapSize                     = 122909434                              {pd product} {ergonomic}
    uintx ReservedCodeCacheSize                    = 251658240                              {pd product} {ergonomic}
     bool SegmentedCodeCache                       = true                                      {product} {ergonomic}
   size_t SoftMaxHeapSize                          = 2113929216                             {manageable} {ergonomic}
     bool UseCompressedClassPointers               = true                           {product lp64_product} {ergonomic}
     bool UseCompressedOops                        = true                           {product lp64_product} {ergonomic}
     bool UseG1GC                                  = true                                      {product} {ergonomic}
     bool UseLargePagesIndividualAllocation        = false                                  {pd product} {ergonomic}

Logging:
Log output configuration:
 #0: stdout all=warning uptime,level,tags foldmultilines=false
 #1: stderr all=off uptime,level,tags foldmultilines=false

Environment Variables:
JAVA_HOME=C:\Program Files\Java\jdk-18.0.1.1
PATH=C:\Program Files\Common Files\Oracle\Java\javapath;C:\WINDOWS\system32;C:\WINDOWS;C:\WINDOWS\System32\Wbem;C:\WINDOWS\System32\WindowsPowerShell\v1.0\;C:\WINDOWS\System32\OpenSSH\;C:\Program Files\Git\cmd;C:\xampp\php;C:\composer;C:\Program Files\nodejs\;C:\Users\SHAKOUAT HOSSEN\AppData\Local\Pub\Cache\bin;C:\Users\SHAKOUAT HOSSEN\AppData\Local\Microsoft\WindowsApps;C:\Users\SHAKOUAT HOSSEN\AppData\Local\Programs\Microsoft VS Code\bin;C:\src\flutter\bin;C:\Program Files\Java\jdk-18.0.1.1\bin;C:\MinGW\bin;C:\Users\SHAKOUAT HOSSEN\AppData\Roaming\Composer\vendor\bin;C:\Users\SHAKOUAT HOSSEN\AppData\Local\GitHubDesktop\bin;C:\Users\SHAKOUAT HOSSEN\AppData\Roaming\npm;C:\Users\SHAKOUAT HOSSEN\AppData\Local\Pub\Cache\bin;
USERNAME=SHAKOUAT HOSSEN
OS=Windows_NT
PROCESSOR_IDENTIFIER=Intel64 Family 6 Model 165 Stepping 3, GenuineIntel



---------------  S Y S T E M  ---------------

OS:
 Windows 10 , 64 bit Build 19041 (10.0.19041.2546)
OS uptime: 1 days 18:10 hours

CPU: total 8 (initial active 8) (4 cores per cpu, 2 threads per core) family 6 model 165 stepping 3 microcode 0xcc, cx8, cmov, fxsr, ht, mmx, 3dnowpref, sse, sse2, sse3, ssse3, sse4.1, sse4.2, popcnt, lzcnt, tsc, tscinvbit, avx, avx2, aes, erms, clmul, bmi1, bmi2, adx, fma, vzeroupper, clflush, clflushopt

Memory: 4k page, system-wide physical 8058M (378M free)
TotalPageFile size 22804M (AvailPageFile size 3M)
current process WorkingSet (physical memory assigned to process): 69M, peak: 69M
current process commit charge ("private bytes"): 223M, peak: 224M

vm_info: Java HotSpot(TM) 64-Bit Server VM (18.0.1.1+2-6) for windows-amd64 JRE (18.0.1.1+2-6), built on Apr 25 2022 21:53:15 by "mach5one" with MS VC++ 16.8 / 16.9 (VS2019)

END.
