#
# There is insufficient memory for the Java Runtime Environment to continue.
# Native memory allocation (malloc) failed to allocate 46656 bytes for Chunk::new
# Possible reasons:
#   The system is out of physical RAM or swap space
#   The process is running with CompressedOops enabled, and the Java Heap may be blocking the growth of the native heap
# Possible solutions:
#   Reduce memory load on the system
#   Increase physical memory or swap space
#   Check if swap backing store is full
#   Decrease Java heap size (-Xmx/-Xms)
#   Decrease number of Java threads
#   Decrease Java thread stack sizes (-Xss)
#   Set larger code cache with -XX:ReservedCodeCacheSize=
#   JVM is running with Unscaled Compressed Oops mode in which the Java heap is
#     placed in the first 4GB address space. The Java Heap base address is the
#     maximum limit for the native heap growth. Please use -XX:HeapBaseMinAddress
#     to set the Java Heap base and to place the Java Heap above 4GB virtual address.
# This output file may be truncated or incomplete.
#
#  Out of Memory Error (arena.cpp:184), pid=18204, tid=18672
#
# JRE version: Java(TM) SE Runtime Environment (18.0.1.1+2) (build 18.0.1.1+2-6)
# Java VM: Java HotSpot(TM) 64-Bit Server VM (18.0.1.1+2-6, mixed mode, sharing, tiered, compressed oops, compressed class ptrs, g1 gc, windows-amd64)
# No core dump will be written. Minidumps are not enabled by default on client versions of Windows
#

---------------  S U M M A R Y ------------

Command Line: -Dclassworlds.conf=C:\Program Files\NetBeans-14\netbeans\java\maven\bin\m2.conf -Dmaven.home=C:\Program Files\NetBeans-14\netbeans\java\maven -Dlibrary.jansi.path=C:\Program Files\NetBeans-14\netbeans\java\maven\lib\jansi-native -Dmaven.multiModuleProjectDirectory=D:\Java\fastJavaProgram org.codehaus.plexus.classworlds.launcher.Launcher -Dexec.vmArgs= -Dexec.args=${exec.vmArgs} -classpath %classpath ${exec.mainClass} ${exec.appArgs} -Dexec.appArgs= -Dexec.mainClass=com.mycompany.fastjavaprogram.FastJavaProgram -Dexec.executable=C:\Program Files\Java\jdk-18.0.1.1\bin\java.exe -Dmaven.ext.class.path=C:\Program Files\NetBeans-14\netbeans\java\maven-nblib\netbeans-eventspy.jar org.codehaus.mojo:exec-maven-plugin:3.0.0:exec

Host: Intel(R) Core(TM) i3-10100 CPU @ 3.60GHz, 8 cores, 7G,  Windows 10 , 64 bit Build 19041 (10.0.19041.2546)
Time: Sun Apr  2 13:02:37 2023 Bangladesh Standard Time elapsed time: 10.580522 seconds (0d 0h 0m 10s)

---------------  T H R E A D  ---------------

Current thread (0x0000016f5b61df80):  JavaThread "C2 CompilerThread0" daemon [_thread_in_native, id=18672, stack(0x000000552ac00000,0x000000552ad00000)]


Current CompileTask:
C2:  10580 1069       4       java.util.HashMap::getNode (150 bytes)

Stack: [0x000000552ac00000,0x000000552ad00000]
Native frames: (J=compiled Java code, j=interpreted, Vv=VM code, C=native code)
V  [jvm.dll+0x69887a]
V  [jvm.dll+0x7f38bd]
V  [jvm.dll+0x7f51ce]
V  [jvm.dll+0x7f5883]
V  [jvm.dll+0x25ca3f]
V  [jvm.dll+0xb8c2f]
V  [jvm.dll+0xb8fa5]
V  [jvm.dll+0x2c794f]
V  [jvm.dll+0x5a05b0]
V  [jvm.dll+0x237f1e]
V  [jvm.dll+0x231559]
V  [jvm.dll+0x22eeeb]
V  [jvm.dll+0x1b9cfc]
V  [jvm.dll+0x23e8ca]
V  [jvm.dll+0x23cbb5]
V  [jvm.dll+0x7a5fb1]
V  [jvm.dll+0x7a03ea]
V  [jvm.dll+0x697725]
C  [ucrtbase.dll+0x21bb2]
C  [KERNEL32.DLL+0x17614]
C  [ntdll.dll+0x526a1]


---------------  P R O C E S S  ---------------

Threads class SMR info:
_java_thread_list=0x0000016f5f827270, length=12, elements={
0x0000016f3b39cff0, 0x0000016f5b5fe450, 0x0000016f5b5ff0b0, 0x0000016f5b61a5c0,
0x0000016f5b61bf70, 0x0000016f5b61c910, 0x0000016f5b61d2b0, 0x0000016f5b61df80,
0x0000016f5b61e960, 0x0000016f5b68e750, 0x0000016f5f824670, 0x0000016f5f82bf80
}

Java Threads: ( => current thread )
  0x0000016f3b39cff0 JavaThread "main" [_thread_in_vm, id=18388, stack(0x0000005529e00000,0x0000005529f00000)]
  0x0000016f5b5fe450 JavaThread "Reference Handler" daemon [_thread_blocked, id=18556, stack(0x000000552a600000,0x000000552a700000)]
  0x0000016f5b5ff0b0 JavaThread "Finalizer" daemon [_thread_blocked, id=18560, stack(0x000000552a700000,0x000000552a800000)]
  0x0000016f5b61a5c0 JavaThread "Signal Dispatcher" daemon [_thread_blocked, id=18656, stack(0x000000552a800000,0x000000552a900000)]
  0x0000016f5b61bf70 JavaThread "Attach Listener" daemon [_thread_blocked, id=18660, stack(0x000000552a900000,0x000000552aa00000)]
  0x0000016f5b61c910 JavaThread "Service Thread" daemon [_thread_blocked, id=18664, stack(0x000000552aa00000,0x000000552ab00000)]
  0x0000016f5b61d2b0 JavaThread "Monitor Deflation Thread" daemon [_thread_blocked, id=18668, stack(0x000000552ab00000,0x000000552ac00000)]
=>0x0000016f5b61df80 JavaThread "C2 CompilerThread0" daemon [_thread_in_native, id=18672, stack(0x000000552ac00000,0x000000552ad00000)]
  0x0000016f5b61e960 JavaThread "C1 CompilerThread0" daemon [_thread_blocked, id=18680, stack(0x000000552ad00000,0x000000552ae00000)]
  0x0000016f5b68e750 JavaThread "Sweeper thread" daemon [_thread_blocked, id=18724, stack(0x000000552ae00000,0x000000552af00000)]
  0x0000016f5f824670 JavaThread "Notification Thread" daemon [_thread_blocked, id=18808, stack(0x000000552af00000,0x000000552b000000)]
  0x0000016f5f82bf80 JavaThread "Common-Cleaner" daemon [_thread_blocked, id=18816, stack(0x000000552b100000,0x000000552b200000)]

Other Threads:
  0x0000016f5b5fb520 VMThread "VM Thread" [stack: 0x000000552a500000,0x000000552a600000] [id=18496]
  0x0000016f5f82ab50 WatcherThread "VM Periodic Task Thread" [stack: 0x000000552b000000,0x000000552b100000] [id=18812]
  0x0000016f3d564380 WorkerThread "GC Thread#0" [stack: 0x000000552a000000,0x000000552a100000] [id=17536]
  0x0000016f5fbf45b0 WorkerThread "GC Thread#1" [stack: 0x000000552b200000,0x000000552b300000] [id=21072]
  0x0000016f60325230 WorkerThread "GC Thread#2" [stack: 0x000000552b300000,0x000000552b400000] [id=21076]
  0x0000016f6031ad70 WorkerThread "GC Thread#3" [stack: 0x000000552b400000,0x000000552b500000] [id=21196]
  0x0000016f6029a060 WorkerThread "GC Thread#4" [stack: 0x0000000000000000,0x0000000000000000] [id=21200]
  0x0000016f6029a300 WorkerThread "GC Thread#5" [stack: 0x0000000000000000,0x0000000000000000] [id=21204]
  0x0000016f6029a5a0 WorkerThread "GC Thread#6" [stack: 0x000000552b700000,0x000000552b800000] [id=21208]
  0x0000016f3d574eb0 ConcurrentGCThread "G1 Main Marker" [stack: 0x000000552a100000,0x000000552a200000] [id=17540]
  0x0000016f3d5758a0 WorkerThread "G1 Conc#0" [stack: 0x000000552a200000,0x000000552a300000] [id=17544]
  0x0000016f3d5c2eb0 ConcurrentGCThread "G1 Refine#0" [stack: 0x000000552a300000,0x000000552a400000] [id=17548]
  0x0000016f3d5c37c0 ConcurrentGCThread "G1 Service" [stack: 0x000000552a400000,0x000000552a500000] [id=17552]

Threads with active compile tasks:
C2 CompilerThread0    10760 1069       4       java.util.HashMap::getNode (150 bytes)

VM state: not at safepoint (normal execution)

VM Mutex/Monitor currently owned by a thread: None

Heap address: 0x0000000082000000, size: 2016 MB, Compressed Oops mode: 32-bit

CDS archive(s) mapped at: [0x0000000800000000-0x0000000800ba0000-0x0000000800ba0000), size 12189696, SharedBaseAddress: 0x0000000800000000, ArchiveRelocationMode: 0.
Compressed class space mapped at: 0x0000000800c00000-0x0000000840c00000, reserved size: 1073741824
Narrow klass base: 0x0000000800000000, Narrow klass shift: 0, Narrow klass range: 0x100000000

GC Precious Log:
 CardTable entry size: 512
 Card Set container configuration: InlinePtr #cards 5 size 8 Array Of Cards #cards 12 size 40 Howl #buckets 4 coarsen threshold 1843 Howl Bitmap #cards 512 size 80 coarsen threshold 460 Card regions per heap region 1 cards per card region 2048
 CPUs: 8 total, 8 available
 Memory: 8058M
 Large Page Support: Disabled
 NUMA Support: Disabled
 Compressed Oops: Enabled (32-bit)
 Heap Region Size: 1M
 Heap Min Capacity: 8M
 Heap Initial Capacity: 126M
 Heap Max Capacity: 2016M
 Pre-touch: Disabled
 Parallel Workers: 8
 Concurrent Workers: 2
 Concurrent Refinement Workers: 8
 Periodic GC: Disabled

Heap:
 garbage-first heap   total 129024K, used 6643K [0x0000000082000000, 0x0000000100000000)
  region size 1024K, 7 young (7168K), 3 survivors (3072K)
 Metaspace       used 5268K, committed 5440K, reserved 1114112K
  class space    used 603K, committed 704K, reserved 1048576K

Heap Regions: E=young(eden), S=young(survivor), O=old, HS=humongous(starts), HC=humongous(continues), CS=collection set, F=free, OA=open archive, CA=closed archive, TAMS=top-at-mark-start (previous, next)
|   0|0x0000000082000000, 0x000000008207ce00, 0x0000000082100000| 48%| O|  |TAMS 0x0000000082000000, 0x0000000082000000| Untracked 
|   1|0x0000000082100000, 0x0000000082100000, 0x0000000082200000|  0%| F|  |TAMS 0x0000000082100000, 0x0000000082100000| Untracked 
|   2|0x0000000082200000, 0x0000000082200000, 0x0000000082300000|  0%| F|  |TAMS 0x0000000082200000, 0x0000000082200000| Untracked 
|   3|0x0000000082300000, 0x0000000082300000, 0x0000000082400000|  0%| F|  |TAMS 0x0000000082300000, 0x0000000082300000| Untracked 
|   4|0x0000000082400000, 0x0000000082400000, 0x0000000082500000|  0%| F|  |TAMS 0x0000000082400000, 0x0000000082400000| Untracked 
|   5|0x0000000082500000, 0x0000000082500000, 0x0000000082600000|  0%| F|  |TAMS 0x0000000082500000, 0x0000000082500000| Untracked 
|   6|0x0000000082600000, 0x0000000082600000, 0x0000000082700000|  0%| F|  |TAMS 0x0000000082600000, 0x0000000082600000| Untracked 
|   7|0x0000000082700000, 0x0000000082700000, 0x0000000082800000|  0%| F|  |TAMS 0x0000000082700000, 0x0000000082700000| Untracked 
|   8|0x0000000082800000, 0x0000000082800000, 0x0000000082900000|  0%| F|  |TAMS 0x0000000082800000, 0x0000000082800000| Untracked 
|   9|0x0000000082900000, 0x0000000082900000, 0x0000000082a00000|  0%| F|  |TAMS 0x0000000082900000, 0x0000000082900000| Untracked 
|  10|0x0000000082a00000, 0x0000000082a00000, 0x0000000082b00000|  0%| F|  |TAMS 0x0000000082a00000, 0x0000000082a00000| Untracked 
|  11|0x0000000082b00000, 0x0000000082b00000, 0x0000000082c00000|  0%| F|  |TAMS 0x0000000082b00000, 0x0000000082b00000| Untracked 
|  12|0x0000000082c00000, 0x0000000082c00000, 0x0000000082d00000|  0%| F|  |TAMS 0x0000000082c00000, 0x0000000082c00000| Untracked 
|  13|0x0000000082d00000, 0x0000000082d00000, 0x0000000082e00000|  0%| F|  |TAMS 0x0000000082d00000, 0x0000000082d00000| Untracked 
|  14|0x0000000082e00000, 0x0000000082e00000, 0x0000000082f00000|  0%| F|  |TAMS 0x0000000082e00000, 0x0000000082e00000| Untracked 
|  15|0x0000000082f00000, 0x0000000082f00000, 0x0000000083000000|  0%| F|  |TAMS 0x0000000082f00000, 0x0000000082f00000| Untracked 
|  16|0x0000000083000000, 0x0000000083000000, 0x0000000083100000|  0%| F|  |TAMS 0x0000000083000000, 0x0000000083000000| Untracked 
|  17|0x0000000083100000, 0x0000000083100000, 0x0000000083200000|  0%| F|  |TAMS 0x0000000083100000, 0x0000000083100000| Untracked 
|  18|0x0000000083200000, 0x0000000083200000, 0x0000000083300000|  0%| F|  |TAMS 0x0000000083200000, 0x0000000083200000| Untracked 
|  19|0x0000000083300000, 0x0000000083300000, 0x0000000083400000|  0%| F|  |TAMS 0x0000000083300000, 0x0000000083300000| Untracked 
|  20|0x0000000083400000, 0x0000000083400000, 0x0000000083500000|  0%| F|  |TAMS 0x0000000083400000, 0x0000000083400000| Untracked 
|  21|0x0000000083500000, 0x0000000083500000, 0x0000000083600000|  0%| F|  |TAMS 0x0000000083500000, 0x0000000083500000| Untracked 
|  22|0x0000000083600000, 0x0000000083600000, 0x0000000083700000|  0%| F|  |TAMS 0x0000000083600000, 0x0000000083600000| Untracked 
|  23|0x0000000083700000, 0x0000000083700000, 0x0000000083800000|  0%| F|  |TAMS 0x0000000083700000, 0x0000000083700000| Untracked 
|  24|0x0000000083800000, 0x0000000083800000, 0x0000000083900000|  0%| F|  |TAMS 0x0000000083800000, 0x0000000083800000| Untracked 
|  25|0x0000000083900000, 0x0000000083900000, 0x0000000083a00000|  0%| F|  |TAMS 0x0000000083900000, 0x0000000083900000| Untracked 
|  26|0x0000000083a00000, 0x0000000083a00000, 0x0000000083b00000|  0%| F|  |TAMS 0x0000000083a00000, 0x0000000083a00000| Untracked 
|  27|0x0000000083b00000, 0x0000000083b00000, 0x0000000083c00000|  0%| F|  |TAMS 0x0000000083b00000, 0x0000000083b00000| Untracked 
|  28|0x0000000083c00000, 0x0000000083c00000, 0x0000000083d00000|  0%| F|  |TAMS 0x0000000083c00000, 0x0000000083c00000| Untracked 
|  29|0x0000000083d00000, 0x0000000083d00000, 0x0000000083e00000|  0%| F|  |TAMS 0x0000000083d00000, 0x0000000083d00000| Untracked 
|  30|0x0000000083e00000, 0x0000000083e00000, 0x0000000083f00000|  0%| F|  |TAMS 0x0000000083e00000, 0x0000000083e00000| Untracked 
|  31|0x0000000083f00000, 0x0000000083f00000, 0x0000000084000000|  0%| F|  |TAMS 0x0000000083f00000, 0x0000000083f00000| Untracked 
|  32|0x0000000084000000, 0x0000000084000000, 0x0000000084100000|  0%| F|  |TAMS 0x0000000084000000, 0x0000000084000000| Untracked 
|  33|0x0000000084100000, 0x0000000084100000, 0x0000000084200000|  0%| F|  |TAMS 0x0000000084100000, 0x0000000084100000| Untracked 
|  34|0x0000000084200000, 0x0000000084200000, 0x0000000084300000|  0%| F|  |TAMS 0x0000000084200000, 0x0000000084200000| Untracked 
|  35|0x0000000084300000, 0x0000000084300000, 0x0000000084400000|  0%| F|  |TAMS 0x0000000084300000, 0x0000000084300000| Untracked 
|  36|0x0000000084400000, 0x0000000084400000, 0x0000000084500000|  0%| F|  |TAMS 0x0000000084400000, 0x0000000084400000| Untracked 
|  37|0x0000000084500000, 0x0000000084500000, 0x0000000084600000|  0%| F|  |TAMS 0x0000000084500000, 0x0000000084500000| Untracked 
|  38|0x0000000084600000, 0x0000000084600000, 0x0000000084700000|  0%| F|  |TAMS 0x0000000084600000, 0x0000000084600000| Untracked 
|  39|0x0000000084700000, 0x0000000084700000, 0x0000000084800000|  0%| F|  |TAMS 0x0000000084700000, 0x0000000084700000| Untracked 
|  40|0x0000000084800000, 0x0000000084800000, 0x0000000084900000|  0%| F|  |TAMS 0x0000000084800000, 0x0000000084800000| Untracked 
|  41|0x0000000084900000, 0x0000000084900000, 0x0000000084a00000|  0%| F|  |TAMS 0x0000000084900000, 0x0000000084900000| Untracked 
|  42|0x0000000084a00000, 0x0000000084a00000, 0x0000000084b00000|  0%| F|  |TAMS 0x0000000084a00000, 0x0000000084a00000| Untracked 
|  43|0x0000000084b00000, 0x0000000084b00000, 0x0000000084c00000|  0%| F|  |TAMS 0x0000000084b00000, 0x0000000084b00000| Untracked 
|  44|0x0000000084c00000, 0x0000000084c00000, 0x0000000084d00000|  0%| F|  |TAMS 0x0000000084c00000, 0x0000000084c00000| Untracked 
|  45|0x0000000084d00000, 0x0000000084d00000, 0x0000000084e00000|  0%| F|  |TAMS 0x0000000084d00000, 0x0000000084d00000| Untracked 
|  46|0x0000000084e00000, 0x0000000084e00000, 0x0000000084f00000|  0%| F|  |TAMS 0x0000000084e00000, 0x0000000084e00000| Untracked 
|  47|0x0000000084f00000, 0x0000000084f00000, 0x0000000085000000|  0%| F|  |TAMS 0x0000000084f00000, 0x0000000084f00000| Untracked 
|  48|0x0000000085000000, 0x0000000085000000, 0x0000000085100000|  0%| F|  |TAMS 0x0000000085000000, 0x0000000085000000| Untracked 
|  49|0x0000000085100000, 0x0000000085100000, 0x0000000085200000|  0%| F|  |TAMS 0x0000000085100000, 0x0000000085100000| Untracked 
|  50|0x0000000085200000, 0x0000000085200000, 0x0000000085300000|  0%| F|  |TAMS 0x0000000085200000, 0x0000000085200000| Untracked 
|  51|0x0000000085300000, 0x0000000085300000, 0x0000000085400000|  0%| F|  |TAMS 0x0000000085300000, 0x0000000085300000| Untracked 
|  52|0x0000000085400000, 0x0000000085400000, 0x0000000085500000|  0%| F|  |TAMS 0x0000000085400000, 0x0000000085400000| Untracked 
|  53|0x0000000085500000, 0x0000000085500000, 0x0000000085600000|  0%| F|  |TAMS 0x0000000085500000, 0x0000000085500000| Untracked 
|  54|0x0000000085600000, 0x0000000085600000, 0x0000000085700000|  0%| F|  |TAMS 0x0000000085600000, 0x0000000085600000| Untracked 
|  55|0x0000000085700000, 0x0000000085700000, 0x0000000085800000|  0%| F|  |TAMS 0x0000000085700000, 0x0000000085700000| Untracked 
|  56|0x0000000085800000, 0x0000000085800000, 0x0000000085900000|  0%| F|  |TAMS 0x0000000085800000, 0x0000000085800000| Untracked 
|  57|0x0000000085900000, 0x0000000085900000, 0x0000000085a00000|  0%| F|  |TAMS 0x0000000085900000, 0x0000000085900000| Untracked 
|  58|0x0000000085a00000, 0x0000000085a00000, 0x0000000085b00000|  0%| F|  |TAMS 0x0000000085a00000, 0x0000000085a00000| Untracked 
|  59|0x0000000085b00000, 0x0000000085b00000, 0x0000000085c00000|  0%| F|  |TAMS 0x0000000085b00000, 0x0000000085b00000| Untracked 
|  60|0x0000000085c00000, 0x0000000085c00000, 0x0000000085d00000|  0%| F|  |TAMS 0x0000000085c00000, 0x0000000085c00000| Untracked 
|  61|0x0000000085d00000, 0x0000000085d00000, 0x0000000085e00000|  0%| F|  |TAMS 0x0000000085d00000, 0x0000000085d00000| Untracked 
|  62|0x0000000085e00000, 0x0000000085e00000, 0x0000000085f00000|  0%| F|  |TAMS 0x0000000085e00000, 0x0000000085e00000| Untracked 
|  63|0x0000000085f00000, 0x0000000085f00000, 0x0000000086000000|  0%| F|  |TAMS 0x0000000085f00000, 0x0000000085f00000| Untracked 
|  64|0x0000000086000000, 0x0000000086000000, 0x0000000086100000|  0%| F|  |TAMS 0x0000000086000000, 0x0000000086000000| Untracked 
|  65|0x0000000086100000, 0x0000000086100000, 0x0000000086200000|  0%| F|  |TAMS 0x0000000086100000, 0x0000000086100000| Untracked 
|  66|0x0000000086200000, 0x0000000086200000, 0x0000000086300000|  0%| F|  |TAMS 0x0000000086200000, 0x0000000086200000| Untracked 
|  67|0x0000000086300000, 0x0000000086300000, 0x0000000086400000|  0%| F|  |TAMS 0x0000000086300000, 0x0000000086300000| Untracked 
|  68|0x0000000086400000, 0x0000000086400000, 0x0000000086500000|  0%| F|  |TAMS 0x0000000086400000, 0x0000000086400000| Untracked 
|  69|0x0000000086500000, 0x0000000086500000, 0x0000000086600000|  0%| F|  |TAMS 0x0000000086500000, 0x0000000086500000| Untracked 
|  70|0x0000000086600000, 0x0000000086600000, 0x0000000086700000|  0%| F|  |TAMS 0x0000000086600000, 0x0000000086600000| Untracked 
|  71|0x0000000086700000, 0x0000000086700000, 0x0000000086800000|  0%| F|  |TAMS 0x0000000086700000, 0x0000000086700000| Untracked 
|  72|0x0000000086800000, 0x0000000086800000, 0x0000000086900000|  0%| F|  |TAMS 0x0000000086800000, 0x0000000086800000| Untracked 
|  73|0x0000000086900000, 0x0000000086900000, 0x0000000086a00000|  0%| F|  |TAMS 0x0000000086900000, 0x0000000086900000| Untracked 
|  74|0x0000000086a00000, 0x0000000086a00000, 0x0000000086b00000|  0%| F|  |TAMS 0x0000000086a00000, 0x0000000086a00000| Untracked 
|  75|0x0000000086b00000, 0x0000000086b00000, 0x0000000086c00000|  0%| F|  |TAMS 0x0000000086b00000, 0x0000000086b00000| Untracked 
|  76|0x0000000086c00000, 0x0000000086c00000, 0x0000000086d00000|  0%| F|  |TAMS 0x0000000086c00000, 0x0000000086c00000| Untracked 
|  77|0x0000000086d00000, 0x0000000086d00000, 0x0000000086e00000|  0%| F|  |TAMS 0x0000000086d00000, 0x0000000086d00000| Untracked 
|  78|0x0000000086e00000, 0x0000000086e00000, 0x0000000086f00000|  0%| F|  |TAMS 0x0000000086e00000, 0x0000000086e00000| Untracked 
|  79|0x0000000086f00000, 0x0000000086f00000, 0x0000000087000000|  0%| F|  |TAMS 0x0000000086f00000, 0x0000000086f00000| Untracked 
|  80|0x0000000087000000, 0x0000000087000000, 0x0000000087100000|  0%| F|  |TAMS 0x0000000087000000, 0x0000000087000000| Untracked 
|  81|0x0000000087100000, 0x0000000087100000, 0x0000000087200000|  0%| F|  |TAMS 0x0000000087100000, 0x0000000087100000| Untracked 
|  82|0x0000000087200000, 0x0000000087200000, 0x0000000087300000|  0%| F|  |TAMS 0x0000000087200000, 0x0000000087200000| Untracked 
|  83|0x0000000087300000, 0x0000000087300000, 0x0000000087400000|  0%| F|  |TAMS 0x0000000087300000, 0x0000000087300000| Untracked 
|  84|0x0000000087400000, 0x0000000087400000, 0x0000000087500000|  0%| F|  |TAMS 0x0000000087400000, 0x0000000087400000| Untracked 
|  85|0x0000000087500000, 0x0000000087500000, 0x0000000087600000|  0%| F|  |TAMS 0x0000000087500000, 0x0000000087500000| Untracked 
|  86|0x0000000087600000, 0x0000000087600000, 0x0000000087700000|  0%| F|  |TAMS 0x0000000087600000, 0x0000000087600000| Untracked 
|  87|0x0000000087700000, 0x0000000087700000, 0x0000000087800000|  0%| F|  |TAMS 0x0000000087700000, 0x0000000087700000| Untracked 
|  88|0x0000000087800000, 0x0000000087800000, 0x0000000087900000|  0%| F|  |TAMS 0x0000000087800000, 0x0000000087800000| Untracked 
|  89|0x0000000087900000, 0x0000000087900000, 0x0000000087a00000|  0%| F|  |TAMS 0x0000000087900000, 0x0000000087900000| Untracked 
|  90|0x0000000087a00000, 0x0000000087a00000, 0x0000000087b00000|  0%| F|  |TAMS 0x0000000087a00000, 0x0000000087a00000| Untracked 
|  91|0x0000000087b00000, 0x0000000087b00000, 0x0000000087c00000|  0%| F|  |TAMS 0x0000000087b00000, 0x0000000087b00000| Untracked 
|  92|0x0000000087c00000, 0x0000000087c00000, 0x0000000087d00000|  0%| F|  |TAMS 0x0000000087c00000, 0x0000000087c00000| Untracked 
|  93|0x0000000087d00000, 0x0000000087d00000, 0x0000000087e00000|  0%| F|  |TAMS 0x0000000087d00000, 0x0000000087d00000| Untracked 
|  94|0x0000000087e00000, 0x0000000087e00000, 0x0000000087f00000|  0%| F|  |TAMS 0x0000000087e00000, 0x0000000087e00000| Untracked 
|  95|0x0000000087f00000, 0x0000000087f00000, 0x0000000088000000|  0%| F|  |TAMS 0x0000000087f00000, 0x0000000087f00000| Untracked 
|  96|0x0000000088000000, 0x0000000088000000, 0x0000000088100000|  0%| F|  |TAMS 0x0000000088000000, 0x0000000088000000| Untracked 
|  97|0x0000000088100000, 0x0000000088100000, 0x0000000088200000|  0%| F|  |TAMS 0x0000000088100000, 0x0000000088100000| Untracked 
|  98|0x0000000088200000, 0x0000000088200000, 0x0000000088300000|  0%| F|  |TAMS 0x0000000088200000, 0x0000000088200000| Untracked 
|  99|0x0000000088300000, 0x0000000088300000, 0x0000000088400000|  0%| F|  |TAMS 0x0000000088300000, 0x0000000088300000| Untracked 
| 100|0x0000000088400000, 0x0000000088500000, 0x0000000088500000|100%| S|CS|TAMS 0x0000000088400000, 0x0000000088400000| Complete 
| 101|0x0000000088500000, 0x0000000088600000, 0x0000000088600000|100%| S|CS|TAMS 0x0000000088500000, 0x0000000088500000| Complete 
| 102|0x0000000088600000, 0x0000000088700000, 0x0000000088700000|100%| S|CS|TAMS 0x0000000088600000, 0x0000000088600000| Complete 
| 103|0x0000000088700000, 0x0000000088700000, 0x0000000088800000|  0%| F|  |TAMS 0x0000000088700000, 0x0000000088700000| Untracked 
| 104|0x0000000088800000, 0x0000000088800000, 0x0000000088900000|  0%| F|  |TAMS 0x0000000088800000, 0x0000000088800000| Untracked 
| 105|0x0000000088900000, 0x0000000088900000, 0x0000000088a00000|  0%| F|  |TAMS 0x0000000088900000, 0x0000000088900000| Untracked 
| 106|0x0000000088a00000, 0x0000000088a00000, 0x0000000088b00000|  0%| F|  |TAMS 0x0000000088a00000, 0x0000000088a00000| Untracked 
| 107|0x0000000088b00000, 0x0000000088b00000, 0x0000000088c00000|  0%| F|  |TAMS 0x0000000088b00000, 0x0000000088b00000| Untracked 
| 108|0x0000000088c00000, 0x0000000088c00000, 0x0000000088d00000|  0%| F|  |TAMS 0x0000000088c00000, 0x0000000088c00000| Untracked 
| 109|0x0000000088d00000, 0x0000000088d00000, 0x0000000088e00000|  0%| F|  |TAMS 0x0000000088d00000, 0x0000000088d00000| Untracked 
| 110|0x0000000088e00000, 0x0000000088e00000, 0x0000000088f00000|  0%| F|  |TAMS 0x0000000088e00000, 0x0000000088e00000| Untracked 
| 111|0x0000000088f00000, 0x0000000088f00000, 0x0000000089000000|  0%| F|  |TAMS 0x0000000088f00000, 0x0000000088f00000| Untracked 
| 112|0x0000000089000000, 0x0000000089000000, 0x0000000089100000|  0%| F|  |TAMS 0x0000000089000000, 0x0000000089000000| Untracked 
| 113|0x0000000089100000, 0x0000000089100000, 0x0000000089200000|  0%| F|  |TAMS 0x0000000089100000, 0x0000000089100000| Untracked 
| 114|0x0000000089200000, 0x0000000089200000, 0x0000000089300000|  0%| F|  |TAMS 0x0000000089200000, 0x0000000089200000| Untracked 
| 115|0x0000000089300000, 0x0000000089300000, 0x0000000089400000|  0%| F|  |TAMS 0x0000000089300000, 0x0000000089300000| Untracked 
| 116|0x0000000089400000, 0x0000000089400000, 0x0000000089500000|  0%| F|  |TAMS 0x0000000089400000, 0x0000000089400000| Untracked 
| 117|0x0000000089500000, 0x0000000089500000, 0x0000000089600000|  0%| F|  |TAMS 0x0000000089500000, 0x0000000089500000| Untracked 
| 118|0x0000000089600000, 0x0000000089600000, 0x0000000089700000|  0%| F|  |TAMS 0x0000000089600000, 0x0000000089600000| Untracked 
| 119|0x0000000089700000, 0x0000000089700000, 0x0000000089800000|  0%| F|  |TAMS 0x0000000089700000, 0x0000000089700000| Untracked 
| 120|0x0000000089800000, 0x0000000089800000, 0x0000000089900000|  0%| F|  |TAMS 0x0000000089800000, 0x0000000089800000| Untracked 
| 121|0x0000000089900000, 0x0000000089900000, 0x0000000089a00000|  0%| F|  |TAMS 0x0000000089900000, 0x0000000089900000| Untracked 
| 122|0x0000000089a00000, 0x0000000089a67a28, 0x0000000089b00000| 40%| E|  |TAMS 0x0000000089a00000, 0x0000000089a00000| Complete 
| 123|0x0000000089b00000, 0x0000000089c00000, 0x0000000089c00000|100%| E|CS|TAMS 0x0000000089b00000, 0x0000000089b00000| Complete 
| 124|0x0000000089c00000, 0x0000000089d00000, 0x0000000089d00000|100%| E|CS|TAMS 0x0000000089c00000, 0x0000000089c00000| Complete 
| 125|0x0000000089d00000, 0x0000000089e00000, 0x0000000089e00000|100%| E|CS|TAMS 0x0000000089d00000, 0x0000000089d00000| Complete 

Card table byte_map: [0x0000016f54560000,0x0000016f54950000] _byte_map_base: 0x0000016f54150000

Marking Bits (Prev, Next): (CMBitMap*) 0x0000016f3d564980, (CMBitMap*) 0x0000016f3d5649c0
 Prev Bits: [0x0000016f54d40000, 0x0000016f56cc0000)
 Next Bits: [0x0000016f56cc0000, 0x0000016f58c40000)

Polling page: 0x0000016f3ccd0000

Metaspace:

Usage:
  Non-class:      4.57 MB used.
      Class:    605.25 KB used.
       Both:      5.16 MB used.

Virtual space:
  Non-class space:       64.00 MB reserved,       4.62 MB (  7%) committed,  1 nodes.
      Class space:        1.00 GB reserved,     704.00 KB ( <1%) committed,  1 nodes.
             Both:        1.06 GB reserved,       5.31 MB ( <1%) committed. 

Chunk freelists:
   Non-Class:  1.06 MB
       Class:  3.28 MB
        Both:  4.34 MB

MaxMetaspaceSize: unlimited
CompressedClassSpaceSize: 1.00 GB
Initial GC threshold: 21.00 MB
Current GC threshold: 21.00 MB
CDS: on
MetaspaceReclaimPolicy: balanced
 - commit_granule_bytes: 65536.
 - commit_granule_words: 8192.
 - virtual_space_node_default_size: 8388608.
 - enlarge_chunks_in_place: 1.
 - new_chunks_are_fully_committed: 0.
 - uncommit_free_chunks: 1.
 - use_allocation_guard: 0.


Internal statistics:

num_allocs_failed_limit: 0.
num_arena_births: 34.
num_arena_deaths: 0.
num_vsnodes_births: 2.
num_vsnodes_deaths: 0.
num_space_committed: 85.
num_space_uncommitted: 0.
num_chunks_returned_to_freelist: 0.
num_chunks_taken_from_freelist: 174.
num_chunk_merges: 0.
num_chunk_splits: 131.
num_chunks_enlarged: 116.
num_inconsistent_stats: 0.

CodeHeap 'non-profiled nmethods': size=120000Kb used=374Kb max_used=374Kb free=119626Kb
 bounds [0x0000016f4c910000, 0x0000016f4cb80000, 0x0000016f53e40000]
CodeHeap 'profiled nmethods': size=120000Kb used=2329Kb max_used=2329Kb free=117670Kb
 bounds [0x0000016f453e0000, 0x0000016f45650000, 0x0000016f4c910000]
CodeHeap 'non-nmethods': size=5760Kb used=1155Kb max_used=1192Kb free=4604Kb
 bounds [0x0000016f44e40000, 0x0000016f450b0000, 0x0000016f453e0000]
 total_blobs=1580 nmethods=1145 adapters=348
 compilation: enabled
              stopped_count=0, restarted_count=0
 full_count=0

Compilation events (20 events):
Event: 10.570 Thread 0x0000016f5b61e960 1059       1       java.lang.reflect.Field::getDeclaringClass (5 bytes)
Event: 10.570 Thread 0x0000016f5b61e960 nmethod 1059 0x0000016f4c96a210 code [0x0000016f4c96a3a0, 0x0000016f4c96a478]
Event: 10.570 Thread 0x0000016f5b61e960 1060       1       sun.reflect.generics.reflectiveObjects.ParameterizedTypeImpl::getOwnerType (5 bytes)
Event: 10.570 Thread 0x0000016f5b61e960 nmethod 1060 0x0000016f4c96a510 code [0x0000016f4c96a6a0, 0x0000016f4c96a778]
Event: 10.570 Thread 0x0000016f5b61e960 1061       1       com.google.common.collect.SingletonImmutableSet::isPartialView (2 bytes)
Event: 10.570 Thread 0x0000016f5b61e960 nmethod 1061 0x0000016f4c96a810 code [0x0000016f4c96a9a0, 0x0000016f4c96aa78]
Event: 10.570 Thread 0x0000016f5b61e960 1062       3       java.lang.reflect.Field::getAnnotation (23 bytes)
Event: 10.571 Thread 0x0000016f5b61e960 nmethod 1062 0x0000016f455fa090 code [0x0000016f455fa2a0, 0x0000016f455fa948]
Event: 10.572 Thread 0x0000016f5b61e960 1063       1       java.lang.Boolean::booleanValue (5 bytes)
Event: 10.572 Thread 0x0000016f5b61e960 nmethod 1063 0x0000016f4c96ab10 code [0x0000016f4c96aca0, 0x0000016f4c96ad78]
Event: 10.572 Thread 0x0000016f5b61e960 1064       3       java.lang.Class::privateGetDeclaredMethods (64 bytes)
Event: 10.573 Thread 0x0000016f5b61e960 nmethod 1064 0x0000016f455fab90 code [0x0000016f455fadc0, 0x0000016f455fb5b8]
Event: 10.573 Thread 0x0000016f5b61e960 1066       3       java.lang.reflect.AccessibleObject::<init> (5 bytes)
Event: 10.573 Thread 0x0000016f5b61e960 nmethod 1066 0x0000016f455fb810 code [0x0000016f455fb9a0, 0x0000016f455fbaf8]
Event: 10.573 Thread 0x0000016f5b61e960 1067       3       com.google.common.cache.LocalCache::expiresAfterAccess (15 bytes)
Event: 10.573 Thread 0x0000016f5b61e960 nmethod 1067 0x0000016f455fbb90 code [0x0000016f455fbd20, 0x0000016f455fbe98]
Event: 10.573 Thread 0x0000016f5b61e960 1068       3       com.google.inject.internal.BindingImpl::<init> (30 bytes)
Event: 10.573 Thread 0x0000016f5b61df80 1069       4       java.util.HashMap::getNode (150 bytes)
Event: 10.573 Thread 0x0000016f5b61e960 nmethod 1068 0x0000016f455fbf10 code [0x0000016f455fc0c0, 0x0000016f455fc398]
Event: 10.573 Thread 0x0000016f5b61e960 1070       3       com.google.inject.TypeLiteral::resolveType (309 bytes)

GC Heap History (2 events):
Event: 10.060 GC heap before
{Heap before GC invocations=0 (full 0):
 garbage-first heap   total 129024K, used 22528K [0x0000000082000000, 0x0000000100000000)
  region size 1024K, 23 young (23552K), 0 survivors (0K)
 Metaspace       used 4826K, committed 4992K, reserved 1114112K
  class space    used 557K, committed 640K, reserved 1048576K
}
Event: 10.538 GC heap after
{Heap after GC invocations=1 (full 0):
 garbage-first heap   total 129024K, used 3571K [0x0000000082000000, 0x0000000100000000)
  region size 1024K, 3 young (3072K), 3 survivors (3072K)
 Metaspace       used 4826K, committed 4992K, reserved 1114112K
  class space    used 557K, committed 640K, reserved 1048576K
}

Deoptimization events (20 events):
Event: 9.696 Thread 0x0000016f3b39cff0 DEOPT PACKING pc=0x0000016f4c94e548 sp=0x0000005529efde90
Event: 9.696 Thread 0x0000016f3b39cff0 DEOPT UNPACKING pc=0x0000016f44e923a3 sp=0x0000005529efde18 mode 2
Event: 9.696 Thread 0x0000016f3b39cff0 Uncommon trap: trap_request=0xffffffde fr.pc=0x0000016f4c94e548 relative=0x0000000000000128
Event: 9.696 Thread 0x0000016f3b39cff0 Uncommon trap: reason=class_check action=maybe_recompile pc=0x0000016f4c94e548 method=jdk.internal.misc.Unsafe.allocateUninitializedArray(Ljava/lang/Class;I)Ljava/lang/Object; @ 51 c2
Event: 9.696 Thread 0x0000016f3b39cff0 DEOPT PACKING pc=0x0000016f4c94e548 sp=0x0000005529efddf0
Event: 9.696 Thread 0x0000016f3b39cff0 DEOPT UNPACKING pc=0x0000016f44e923a3 sp=0x0000005529efdd78 mode 2
Event: 9.696 Thread 0x0000016f3b39cff0 Uncommon trap: trap_request=0xffffffde fr.pc=0x0000016f4c94e548 relative=0x0000000000000128
Event: 9.696 Thread 0x0000016f3b39cff0 Uncommon trap: reason=class_check action=maybe_recompile pc=0x0000016f4c94e548 method=jdk.internal.misc.Unsafe.allocateUninitializedArray(Ljava/lang/Class;I)Ljava/lang/Object; @ 51 c2
Event: 9.696 Thread 0x0000016f3b39cff0 DEOPT PACKING pc=0x0000016f4c94e548 sp=0x0000005529efde90
Event: 9.696 Thread 0x0000016f3b39cff0 DEOPT UNPACKING pc=0x0000016f44e923a3 sp=0x0000005529efde18 mode 2
Event: 9.743 Thread 0x0000016f3b39cff0 DEOPT PACKING pc=0x0000016f45422f26 sp=0x0000005529efe110
Event: 9.743 Thread 0x0000016f3b39cff0 DEOPT UNPACKING pc=0x0000016f44e92b43 sp=0x0000005529efd5e0 mode 0
Event: 9.743 Thread 0x0000016f3b39cff0 Uncommon trap: trap_request=0xffffff45 fr.pc=0x0000016f4c9509e8 relative=0x00000000000019c8
Event: 9.743 Thread 0x0000016f3b39cff0 Uncommon trap: reason=unstable_if action=reinterpret pc=0x0000016f4c9509e8 method=java.nio.charset.CharsetDecoder.decode(Ljava/nio/ByteBuffer;Ljava/nio/CharBuffer;Z)Ljava/nio/charset/CoderResult; @ 15 c2
Event: 9.743 Thread 0x0000016f3b39cff0 DEOPT PACKING pc=0x0000016f4c9509e8 sp=0x0000005529efe170
Event: 9.743 Thread 0x0000016f3b39cff0 DEOPT UNPACKING pc=0x0000016f44e923a3 sp=0x0000005529efdf08 mode 2
Event: 10.540 Thread 0x0000016f3b39cff0 Uncommon trap: trap_request=0xffffff45 fr.pc=0x0000016f4c95da38 relative=0x0000000000000a38
Event: 10.540 Thread 0x0000016f3b39cff0 Uncommon trap: reason=unstable_if action=reinterpret pc=0x0000016f4c95da38 method=org.codehaus.plexus.util.xml.pull.MXParser.nextImpl()I @ 241 c2
Event: 10.540 Thread 0x0000016f3b39cff0 DEOPT PACKING pc=0x0000016f4c95da38 sp=0x0000005529efe560
Event: 10.540 Thread 0x0000016f3b39cff0 DEOPT UNPACKING pc=0x0000016f44e923a3 sp=0x0000005529efe4d8 mode 2

Classes loaded (20 events):
Event: 9.437 Loading class sun/reflect/generics/tree/Signature done
Event: 9.437 Loading class sun/reflect/generics/tree/ClassSignature done
Event: 9.437 Loading class java/lang/reflect/TypeVariable
Event: 9.437 Loading class java/lang/reflect/TypeVariable done
Event: 9.438 Loading class java/lang/reflect/WildcardType
Event: 9.438 Loading class java/lang/reflect/WildcardType done
Event: 9.440 Loading class sun/reflect/generics/tree/TypeVariableSignature
Event: 9.440 Loading class sun/reflect/generics/tree/TypeVariableSignature done
Event: 9.456 Loading class java/lang/annotation/IncompleteAnnotationException
Event: 9.457 Loading class java/lang/annotation/IncompleteAnnotationException done
Event: 9.724 Loading class jdk/internal/access/foreign/MemorySegmentProxy
Event: 9.724 Loading class jdk/internal/access/foreign/MemorySegmentProxy done
Event: 10.551 Loading class sun/reflect/generics/reflectiveObjects/TypeVariableImpl
Event: 10.551 Loading class sun/reflect/generics/reflectiveObjects/LazyReflectiveObjectGenerator
Event: 10.551 Loading class sun/reflect/generics/reflectiveObjects/LazyReflectiveObjectGenerator done
Event: 10.551 Loading class sun/reflect/generics/reflectiveObjects/TypeVariableImpl done
Event: 10.551 Loading class sun/reflect/generics/reflectiveObjects/ParameterizedTypeImpl
Event: 10.551 Loading class sun/reflect/generics/reflectiveObjects/ParameterizedTypeImpl done
Event: 10.552 Loading class sun/reflect/misc/ReflectUtil
Event: 10.552 Loading class sun/reflect/misc/ReflectUtil done

Classes unloaded (0 events):
No events

Classes redefined (0 events):
No events

Internal exceptions (12 events):
Event: 7.889 Thread 0x0000016f3b39cff0 Exception <a 'java/lang/NoSuchMethodError'{0x0000000089aa7a88}: 'java.lang.Object java.lang.invoke.Invokers$Holder.invokeExact_MT(java.lang.Object, java.lang.Object, java.lang.Object, java.lang.Object, java.lang.Object)'> (0x0000000089aa7a88) 
thrown [s\open\src\hotspot\share\interpreter\linkResolver.cpp, line 766]
Event: 8.116 Thread 0x0000016f3b39cff0 Exception <a 'java/lang/NullPointerException'{0x00000000899009a8}> (0x00000000899009a8) 
thrown [s\open\src\hotspot\share\interpreter\linkResolver.cpp, line 1357]
Event: 8.137 Thread 0x0000016f3b39cff0 Exception <a 'java/lang/NullPointerException'{0x000000008992d108}> (0x000000008992d108) 
thrown [s\open\src\hotspot\share\interpreter\linkResolver.cpp, line 1357]
Event: 8.137 Thread 0x0000016f3b39cff0 Exception <a 'java/lang/NullPointerException'{0x000000008992d3e0}> (0x000000008992d3e0) 
thrown [s\open\src\hotspot\share\interpreter\linkResolver.cpp, line 1357]
Event: 8.137 Thread 0x0000016f3b39cff0 Exception <a 'java/lang/NullPointerException'{0x000000008992d6b8}> (0x000000008992d6b8) 
thrown [s\open\src\hotspot\share\interpreter\linkResolver.cpp, line 1357]
Event: 8.139 Thread 0x0000016f3b39cff0 Exception <a 'java/lang/NullPointerException'{0x00000000899328c8}> (0x00000000899328c8) 
thrown [s\open\src\hotspot\share\interpreter\linkResolver.cpp, line 1357]
Event: 8.160 Thread 0x0000016f3b39cff0 Exception <a 'java/lang/NullPointerException'{0x00000000899474a0}> (0x00000000899474a0) 
thrown [s\open\src\hotspot\share\interpreter\linkResolver.cpp, line 1357]
Event: 8.160 Thread 0x0000016f3b39cff0 Exception <a 'java/lang/NullPointerException'{0x0000000089947778}> (0x0000000089947778) 
thrown [s\open\src\hotspot\share\interpreter\linkResolver.cpp, line 1357]
Event: 8.160 Thread 0x0000016f3b39cff0 Exception <a 'java/lang/NullPointerException'{0x0000000089947a50}> (0x0000000089947a50) 
thrown [s\open\src\hotspot\share\interpreter\linkResolver.cpp, line 1357]
Event: 8.160 Thread 0x0000016f3b39cff0 Exception <a 'java/lang/NullPointerException'{0x0000000089947d28}> (0x0000000089947d28) 
thrown [s\open\src\hotspot\share\interpreter\linkResolver.cpp, line 1357]
Event: 9.342 Thread 0x0000016f3b39cff0 Exception <a 'java/lang/NoSuchMethodError'{0x00000000890fdfc0}: 'java.lang.Object java.lang.invoke.DirectMethodHandle$Holder.newInvokeSpecial(java.lang.Object, java.lang.Object, java.lang.Object, java.lang.Object, java.lang.Object)'> (0x00000000890fdfc0) 
thrown [s\open\src\hotspot\share\interpreter\linkResolver.cpp, line 766]
Event: 9.457 Thread 0x0000016f3b39cff0 Exception <a 'java/lang/NoClassDefFoundError'{0x0000000088e54ea0}: javax/enterprise/inject/Typed> (0x0000000088e54ea0) 
thrown [s\open\src\hotspot\share\classfile\systemDictionary.cpp, line 244]

VM Operations (18 events):
Event: 2.722 Executing VM operation: Cleanup
Event: 2.722 Executing VM operation: Cleanup done
Event: 4.753 Executing VM operation: Cleanup
Event: 4.753 Executing VM operation: Cleanup done
Event: 5.769 Executing VM operation: Cleanup
Event: 5.769 Executing VM operation: Cleanup done
Event: 7.799 Executing VM operation: Cleanup
Event: 7.799 Executing VM operation: Cleanup done
Event: 8.114 Executing VM operation: HandshakeAllThreads
Event: 8.114 Executing VM operation: HandshakeAllThreads done
Event: 8.126 Executing VM operation: HandshakeAllThreads
Event: 8.126 Executing VM operation: HandshakeAllThreads done
Event: 8.525 Executing VM operation: HandshakeAllThreads
Event: 8.525 Executing VM operation: HandshakeAllThreads done
Event: 9.533 Executing VM operation: Cleanup
Event: 9.537 Executing VM operation: Cleanup done
Event: 10.060 Executing VM operation: G1CollectForAllocation
Event: 10.538 Executing VM operation: G1CollectForAllocation done

Events (20 events):
Event: 0.166 Loaded shared library C:\Program Files\Java\jdk-18.0.1.1\bin\java.dll
Event: 0.440 Loaded shared library C:\Program Files\Java\jdk-18.0.1.1\bin\jsvml.dll
Event: 0.441 Thread 0x0000016f3b39cff0 Thread added: 0x0000016f3b39cff0
Event: 0.701 Thread 0x0000016f5b5fe450 Thread added: 0x0000016f5b5fe450
Event: 0.701 Thread 0x0000016f5b5ff0b0 Thread added: 0x0000016f5b5ff0b0
Event: 1.040 Thread 0x0000016f5b61a5c0 Thread added: 0x0000016f5b61a5c0
Event: 1.040 Thread 0x0000016f5b61bf70 Thread added: 0x0000016f5b61bf70
Event: 1.040 Thread 0x0000016f5b61c910 Thread added: 0x0000016f5b61c910
Event: 1.040 Thread 0x0000016f5b61d2b0 Thread added: 0x0000016f5b61d2b0
Event: 1.040 Thread 0x0000016f5b61df80 Thread added: 0x0000016f5b61df80
Event: 1.091 Thread 0x0000016f5b61e960 Thread added: 0x0000016f5b61e960
Event: 1.127 Thread 0x0000016f5b68e750 Thread added: 0x0000016f5b68e750
Event: 1.236 Thread 0x0000016f5f824670 Thread added: 0x0000016f5f824670
Event: 1.240 Thread 0x0000016f5f82bf80 Thread added: 0x0000016f5f82bf80
Event: 1.841 Loaded shared library C:\Program Files\Java\jdk-18.0.1.1\bin\net.dll
Event: 1.843 Loaded shared library C:\Program Files\Java\jdk-18.0.1.1\bin\nio.dll
Event: 1.874 Loaded shared library C:\Program Files\Java\jdk-18.0.1.1\bin\zip.dll
Event: 8.123 Loaded shared library C:\Program Files\Java\jdk-18.0.1.1\bin\jimage.dll
Event: 8.132 Loaded shared library C:\Program Files\NetBeans-14\netbeans\java\maven\lib\jansi-native\Windows\x86_64\jansi.dll
Event: 8.172 Loaded shared library C:\Program Files\Java\jdk-18.0.1.1\bin\verify.dll


Dynamic libraries:
0x00007ff73cf50000 - 0x00007ff73cf60000 	C:\Program Files\Java\jdk-18.0.1.1\bin\java.exe
0x00007ffca9ff0000 - 0x00007ffcaa1e8000 	C:\WINDOWS\SYSTEM32\ntdll.dll
0x00007ffca9890000 - 0x00007ffca994f000 	C:\WINDOWS\System32\KERNEL32.DLL
0x00007ffca79b0000 - 0x00007ffca7c82000 	C:\WINDOWS\System32\KERNELBASE.dll
0x00007ffca7730000 - 0x00007ffca7830000 	C:\WINDOWS\System32\ucrtbase.dll
0x00007ffc92ff0000 - 0x00007ffc93008000 	C:\Program Files\Java\jdk-18.0.1.1\bin\jli.dll
0x00007ffca9950000 - 0x00007ffca99fe000 	C:\WINDOWS\System32\ADVAPI32.dll
0x00007ffca97f0000 - 0x00007ffca988e000 	C:\WINDOWS\System32\msvcrt.dll
0x00007ffca86c0000 - 0x00007ffca875c000 	C:\WINDOWS\System32\sechost.dll
0x00007ffca95f0000 - 0x00007ffca9715000 	C:\WINDOWS\System32\RPCRT4.dll
0x00007ffca8310000 - 0x00007ffca84b1000 	C:\WINDOWS\System32\USER32.dll
0x00007ffca7d30000 - 0x00007ffca7d52000 	C:\WINDOWS\System32\win32u.dll
0x00007ffca9ab0000 - 0x00007ffca9adb000 	C:\WINDOWS\System32\GDI32.dll
0x00007ffca7830000 - 0x00007ffca793f000 	C:\WINDOWS\System32\gdi32full.dll
0x00007ffca7c90000 - 0x00007ffca7d2d000 	C:\WINDOWS\System32\msvcp_win.dll
0x00007ffc7f640000 - 0x00007ffc7f65a000 	C:\Program Files\Java\jdk-18.0.1.1\bin\VCRUNTIME140.dll
0x00007ffc86d90000 - 0x00007ffc8702a000 	C:\WINDOWS\WinSxS\amd64_microsoft.windows.common-controls_6595b64144ccf1df_6.0.19041.1110_none_60b5254171f9507e\COMCTL32.dll
0x00007ffca18a0000 - 0x00007ffca18aa000 	C:\WINDOWS\SYSTEM32\VERSION.dll
0x00007ffca9a70000 - 0x00007ffca9aa2000 	C:\WINDOWS\System32\IMM32.DLL
0x00007ffc8f780000 - 0x00007ffc8f78c000 	C:\Program Files\Java\jdk-18.0.1.1\bin\vcruntime140_1.dll
0x00007ffc69510000 - 0x00007ffc6959d000 	C:\Program Files\Java\jdk-18.0.1.1\bin\msvcp140.dll
0x00007ffc474d0000 - 0x00007ffc480e0000 	C:\Program Files\Java\jdk-18.0.1.1\bin\server\jvm.dll
0x00007ffca9530000 - 0x00007ffca9538000 	C:\WINDOWS\System32\PSAPI.DLL
0x00007ffc8f7c0000 - 0x00007ffc8f7c9000 	C:\WINDOWS\SYSTEM32\WSOCK32.dll
0x00007ffca9a00000 - 0x00007ffca9a6b000 	C:\WINDOWS\System32\WS2_32.dll
0x00007ffc8d6b0000 - 0x00007ffc8d6d7000 	C:\WINDOWS\SYSTEM32\WINMM.dll
0x00007ffca55c0000 - 0x00007ffca55d2000 	C:\WINDOWS\SYSTEM32\kernel.appcore.dll
0x00007ffc8f2b0000 - 0x00007ffc8f2ba000 	C:\Program Files\Java\jdk-18.0.1.1\bin\jimage.dll
0x00007ffc95fb0000 - 0x00007ffc96194000 	C:\WINDOWS\SYSTEM32\DBGHELP.DLL
0x00007ffc965a0000 - 0x00007ffc965d5000 	C:\WINDOWS\SYSTEM32\dbgcore.DLL
0x00007ffca7f70000 - 0x00007ffca7ff2000 	C:\WINDOWS\System32\bcryptPrimitives.dll
0x00007ffc69bc0000 - 0x00007ffc69be5000 	C:\Program Files\Java\jdk-18.0.1.1\bin\java.dll
0x00007ffc69ac0000 - 0x00007ffc69b96000 	C:\Program Files\Java\jdk-18.0.1.1\bin\jsvml.dll
0x00007ffca89a0000 - 0x00007ffca90e5000 	C:\WINDOWS\System32\SHELL32.dll
0x00007ffca57c0000 - 0x00007ffca5f52000 	C:\WINDOWS\SYSTEM32\windows.storage.dll
0x00007ffca91d0000 - 0x00007ffca9525000 	C:\WINDOWS\System32\combase.dll
0x00007ffca70d0000 - 0x00007ffca7100000 	C:\WINDOWS\SYSTEM32\Wldp.dll
0x00007ffca8580000 - 0x00007ffca862d000 	C:\WINDOWS\System32\SHCORE.dll
0x00007ffca8760000 - 0x00007ffca87b5000 	C:\WINDOWS\System32\shlwapi.dll
0x00007ffca7620000 - 0x00007ffca763f000 	C:\WINDOWS\SYSTEM32\profapi.dll
0x00007ffc69aa0000 - 0x00007ffc69ab3000 	C:\Program Files\Java\jdk-18.0.1.1\bin\net.dll
0x00007ffca00a0000 - 0x00007ffca01ac000 	C:\WINDOWS\SYSTEM32\WINHTTP.dll
0x00007ffca6dc0000 - 0x00007ffca6e2a000 	C:\WINDOWS\system32\mswsock.dll
0x00007ffc69a80000 - 0x00007ffc69a96000 	C:\Program Files\Java\jdk-18.0.1.1\bin\nio.dll
0x00007ffc69a60000 - 0x00007ffc69a78000 	C:\Program Files\Java\jdk-18.0.1.1\bin\zip.dll
0x0000000069ac0000 - 0x0000000069ae4000 	C:\Program Files\NetBeans-14\netbeans\java\maven\lib\jansi-native\Windows\x86_64\jansi.dll
0x00007ffc81910000 - 0x00007ffc81920000 	C:\Program Files\Java\jdk-18.0.1.1\bin\verify.dll

dbghelp: loaded successfully - version: 4.0.5 - missing functions: none
symbol engine: initialized successfully - sym options: 0x614 - pdb path: .;C:\Program Files\Java\jdk-18.0.1.1\bin;C:\WINDOWS\SYSTEM32;C:\WINDOWS\WinSxS\amd64_microsoft.windows.common-controls_6595b64144ccf1df_6.0.19041.1110_none_60b5254171f9507e;C:\Program Files\Java\jdk-18.0.1.1\bin\server;C:\Program Files\NetBeans-14\netbeans\java\maven\lib\jansi-native\Windows\x86_64

VM Arguments:
jvm_args: -Dclassworlds.conf=C:\Program Files\NetBeans-14\netbeans\java\maven\bin\m2.conf -Dmaven.home=C:\Program Files\NetBeans-14\netbeans\java\maven -Dlibrary.jansi.path=C:\Program Files\NetBeans-14\netbeans\java\maven\lib\jansi-native -Dmaven.multiModuleProjectDirectory=D:\Java\fastJavaProgram 
java_command: org.codehaus.plexus.classworlds.launcher.Launcher -Dexec.vmArgs= -Dexec.args=${exec.vmArgs} -classpath %classpath ${exec.mainClass} ${exec.appArgs} -Dexec.appArgs= -Dexec.mainClass=com.mycompany.fastjavaprogram.FastJavaProgram -Dexec.executable=C:\Program Files\Java\jdk-18.0.1.1\bin\java.exe -Dmaven.ext.class.path=C:\Program Files\NetBeans-14\netbeans\java\maven-nblib\netbeans-eventspy.jar org.codehaus.mojo:exec-maven-plugin:3.0.0:exec
java_class_path (initial): C:\Program Files\NetBeans-14\netbeans\java\maven\boot\plexus-classworlds-2.6.0.jar
Launcher Type: SUN_STANDARD

[Global flags]
     intx CICompilerCount                          = 4                                         {product} {ergonomic}
     uint ConcGCThreads                            = 2                                         {product} {ergonomic}
     uint G1ConcRefinementThreads                  = 8                                         {product} {ergonomic}
   size_t G1HeapRegionSize                         = 1048576                                   {product} {ergonomic}
    uintx GCDrainStackTargetSize                   = 64                                        {product} {ergonomic}
   size_t InitialHeapSize                          = 132120576                                 {product} {ergonomic}
   size_t MarkStackSize                            = 4194304                                   {product} {ergonomic}
   size_t MaxHeapSize                              = 2113929216                                {product} {ergonomic}
   size_t MaxNewSize                               = 1267728384                                {product} {ergonomic}
   size_t MinHeapDeltaBytes                        = 1048576                                   {product} {ergonomic}
   size_t MinHeapSize                              = 8388608                                   {product} {ergonomic}
    uintx NonNMethodCodeHeapSize                   = 5839372                                {pd product} {ergonomic}
    uintx NonProfiledCodeHeapSize                  = 122909434                              {pd product} {ergonomic}
    uintx ProfiledCodeHeapSize                     = 122909434                              {pd product} {ergonomic}
    uintx ReservedCodeCacheSize                    = 251658240                              {pd product} {ergonomic}
     bool SegmentedCodeCache                       = true                                      {product} {ergonomic}
   size_t SoftMaxHeapSize                          = 2113929216                             {manageable} {ergonomic}
     bool UseCompressedClassPointers               = true                           {product lp64_product} {ergonomic}
     bool UseCompressedOops                        = true                           {product lp64_product} {ergonomic}
     bool UseG1GC                                  = true                                      {product} {ergonomic}
     bool UseLargePagesIndividualAllocation        = false                                  {pd product} {ergonomic}

Logging:
Log output configuration:
 #0: stdout all=warning uptime,level,tags foldmultilines=false
 #1: stderr all=off uptime,level,tags foldmultilines=false

Environment Variables:
JAVA_HOME=C:\Program Files\Java\jdk-18.0.1.1
PATH=C:\Program Files\Common Files\Oracle\Java\javapath;C:\WINDOWS\system32;C:\WINDOWS;C:\WINDOWS\System32\Wbem;C:\WINDOWS\System32\WindowsPowerShell\v1.0\;C:\WINDOWS\System32\OpenSSH\;C:\Program Files\Git\cmd;C:\xampp\php;C:\composer;C:\Program Files\nodejs\;C:\Users\SHAKOUAT HOSSEN\AppData\Local\Pub\Cache\bin;C:\Users\SHAKOUAT HOSSEN\AppData\Local\Microsoft\WindowsApps;C:\Users\SHAKOUAT HOSSEN\AppData\Local\Programs\Microsoft VS Code\bin;C:\src\flutter\bin;C:\Program Files\Java\jdk-18.0.1.1\bin;C:\MinGW\bin;C:\Users\SHAKOUAT HOSSEN\AppData\Roaming\Composer\vendor\bin;C:\Users\SHAKOUAT HOSSEN\AppData\Local\GitHubDesktop\bin;C:\Users\SHAKOUAT HOSSEN\AppData\Roaming\npm;C:\Users\SHAKOUAT HOSSEN\AppData\Local\Pub\Cache\bin;
USERNAME=SHAKOUAT HOSSEN
OS=Windows_NT
PROCESSOR_IDENTIFIER=Intel64 Family 6 Model 165 Stepping 3, GenuineIntel



---------------  S Y S T E M  ---------------

OS:
 Windows 10 , 64 bit Build 19041 (10.0.19041.2546)
OS uptime: 1 days 18:10 hours

CPU: total 8 (initial active 8) (4 cores per cpu, 2 threads per core) family 6 model 165 stepping 3 microcode 0xcc, cx8, cmov, fxsr, ht, mmx, 3dnowpref, sse, sse2, sse3, ssse3, sse4.1, sse4.2, popcnt, lzcnt, tsc, tscinvbit, avx, avx2, aes, erms, clmul, bmi1, bmi2, adx, fma, vzeroupper, clflush, clflushopt

Memory: 4k page, system-wide physical 8058M (230M free)
TotalPageFile size 22804M (AvailPageFile size 1M)
current process WorkingSet (physical memory assigned to process): 77M, peak: 77M
current process commit charge ("private bytes"): 224M, peak: 224M

vm_info: Java HotSpot(TM) 64-Bit Server VM (18.0.1.1+2-6) for windows-amd64 JRE (18.0.1.1+2-6), built on Apr 25 2022 21:53:15 by "mach5one" with MS VC++ 16.8 / 16.9 (VS2019)

END.
