#
# There is insufficient memory for the Java Runtime Environment to continue.
# Native memory allocation (malloc) failed to allocate 32744 bytes for Chunk::new
# Possible reasons:
#   The system is out of physical RAM or swap space
#   The process is running with CompressedOops enabled, and the Java Heap may be blocking the growth of the native heap
# Possible solutions:
#   Reduce memory load on the system
#   Increase physical memory or swap space
#   Check if swap backing store is full
#   Decrease Java heap size (-Xmx/-Xms)
#   Decrease number of Java threads
#   Decrease Java thread stack sizes (-Xss)
#   Set larger code cache with -XX:ReservedCodeCacheSize=
#   JVM is running with Unscaled Compressed Oops mode in which the Java heap is
#     placed in the first 4GB address space. The Java Heap base address is the
#     maximum limit for the native heap growth. Please use -XX:HeapBaseMinAddress
#     to set the Java Heap base and to place the Java Heap above 4GB virtual address.
# This output file may be truncated or incomplete.
#
#  Out of Memory Error (arena.cpp:184), pid=11916, tid=4148
#
# JRE version: Java(TM) SE Runtime Environment (18.0.1.1+2) (build 18.0.1.1+2-6)
# Java VM: Java HotSpot(TM) 64-Bit Server VM (18.0.1.1+2-6, mixed mode, sharing, tiered, compressed oops, compressed class ptrs, g1 gc, windows-amd64)
# No core dump will be written. Minidumps are not enabled by default on client versions of Windows
#

---------------  S U M M A R Y ------------

Command Line: -Dclassworlds.conf=C:\Program Files\NetBeans-14\netbeans\java\maven\bin\m2.conf -Dmaven.home=C:\Program Files\NetBeans-14\netbeans\java\maven -Dlibrary.jansi.path=C:\Program Files\NetBeans-14\netbeans\java\maven\lib\jansi-native -Dmaven.multiModuleProjectDirectory=D:\Java\fastJavaProgram org.codehaus.plexus.classworlds.launcher.Launcher -Dexec.vmArgs= -Dexec.args=${exec.vmArgs} -classpath %classpath ${exec.mainClass} ${exec.appArgs} -Dexec.appArgs= -Dexec.mainClass=com.mycompany.fastjavaprogram.FastJavaProgram -Dexec.executable=C:\Program Files\Java\jdk-18.0.1.1\bin\java.exe -Dmaven.ext.class.path=C:\Program Files\NetBeans-14\netbeans\java\maven-nblib\netbeans-eventspy.jar org.codehaus.mojo:exec-maven-plugin:3.0.0:exec

Host: Intel(R) Core(TM) i3-10100 CPU @ 3.60GHz, 8 cores, 7G,  Windows 10 , 64 bit Build 19041 (10.0.19041.2546)
Time: Sun Apr  2 13:02:46 2023 Bangladesh Standard Time elapsed time: 7.166263 seconds (0d 0h 0m 7s)

---------------  T H R E A D  ---------------

Current thread (0x000001ae1925e490):  JavaThread "C2 CompilerThread0" daemon [_thread_in_native, id=4148, stack(0x000000788cf00000,0x000000788d000000)]


Current CompileTask:
C2:   7166  407       4       java.lang.String::hashCode (60 bytes)

Stack: [0x000000788cf00000,0x000000788d000000]
Native frames: (J=compiled Java code, j=interpreted, Vv=VM code, C=native code)
V  [jvm.dll+0x69887a]
V  [jvm.dll+0x7f38bd]
V  [jvm.dll+0x7f51ce]
V  [jvm.dll+0x7f5883]
V  [jvm.dll+0x25ca3f]
V  [jvm.dll+0xb8c2f]
V  [jvm.dll+0xb8fa5]
V  [jvm.dll+0x625770]
V  [jvm.dll+0x625906]
V  [jvm.dll+0x625906]
V  [jvm.dll+0x625906]
V  [jvm.dll+0x62b707]
V  [jvm.dll+0x62c662]
V  [jvm.dll+0x62aae4]
V  [jvm.dll+0x22fa98]
V  [jvm.dll+0x22eff1]
V  [jvm.dll+0x1b9cfc]
V  [jvm.dll+0x23e8ca]
V  [jvm.dll+0x23cbb5]
V  [jvm.dll+0x7a5fb1]
V  [jvm.dll+0x7a03ea]
V  [jvm.dll+0x697725]
C  [ucrtbase.dll+0x21bb2]
C  [KERNEL32.DLL+0x17614]
C  [ntdll.dll+0x526a1]


---------------  P R O C E S S  ---------------

Threads class SMR info:
_java_thread_list=0x000001ae1d435fb0, length=12, elements={
0x000001ae78f7cff0, 0x000001ae1923d410, 0x000001ae1923e070, 0x000001ae1925abc0,
0x000001ae1925c480, 0x000001ae1925ce20, 0x000001ae1925d7c0, 0x000001ae1925e490,
0x000001ae1925ee70, 0x000001ae19262140, 0x000001ae1d432510, 0x000001ae1d43a3d0
}

Java Threads: ( => current thread )
  0x000001ae78f7cff0 JavaThread "main" [_thread_in_native, id=18508, stack(0x000000788c100000,0x000000788c200000)]
  0x000001ae1923d410 JavaThread "Reference Handler" daemon [_thread_blocked, id=8312, stack(0x000000788c900000,0x000000788ca00000)]
  0x000001ae1923e070 JavaThread "Finalizer" daemon [_thread_blocked, id=20436, stack(0x000000788ca00000,0x000000788cb00000)]
  0x000001ae1925abc0 JavaThread "Signal Dispatcher" daemon [_thread_blocked, id=9272, stack(0x000000788cb00000,0x000000788cc00000)]
  0x000001ae1925c480 JavaThread "Attach Listener" daemon [_thread_blocked, id=5252, stack(0x000000788cc00000,0x000000788cd00000)]
  0x000001ae1925ce20 JavaThread "Service Thread" daemon [_thread_blocked, id=11604, stack(0x000000788cd00000,0x000000788ce00000)]
  0x000001ae1925d7c0 JavaThread "Monitor Deflation Thread" daemon [_thread_blocked, id=7688, stack(0x000000788ce00000,0x000000788cf00000)]
=>0x000001ae1925e490 JavaThread "C2 CompilerThread0" daemon [_thread_in_native, id=4148, stack(0x000000788cf00000,0x000000788d000000)]
  0x000001ae1925ee70 JavaThread "C1 CompilerThread0" daemon [_thread_blocked, id=3848, stack(0x000000788d000000,0x000000788d100000)]
  0x000001ae19262140 JavaThread "Sweeper thread" daemon [_thread_blocked, id=18804, stack(0x000000788d100000,0x000000788d200000)]
  0x000001ae1d432510 JavaThread "Notification Thread" daemon [_thread_blocked, id=13360, stack(0x000000788d200000,0x000000788d300000)]
  0x000001ae1d43a3d0 JavaThread "Common-Cleaner" daemon [_thread_blocked, id=13336, stack(0x000000788d400000,0x000000788d500000)]

Other Threads:
  0x000001ae1923ac80 VMThread "VM Thread" [stack: 0x000000788c800000,0x000000788c900000] [id=21200]
  0x000001ae192fed30 WatcherThread "VM Periodic Task Thread" [stack: 0x000000788d300000,0x000000788d400000] [id=3992]
  0x000001ae7b114380 WorkerThread "GC Thread#0" [stack: 0x000000788c300000,0x000000788c400000] [id=17540]
  0x000001ae7b124eb0 ConcurrentGCThread "G1 Main Marker" [stack: 0x000000788c400000,0x000000788c500000] [id=17544]
  0x000001ae7b1258a0 WorkerThread "G1 Conc#0" [stack: 0x000000788c500000,0x000000788c600000] [id=17548]
  0x000001ae7b172eb0 ConcurrentGCThread "G1 Refine#0" [stack: 0x000000788c600000,0x000000788c700000] [id=17552]
  0x000001ae7b1747d0 ConcurrentGCThread "G1 Service" [stack: 0x000000788c700000,0x000000788c800000] [id=18496]

Threads with active compile tasks:
C2 CompilerThread0     7180  407       4       java.lang.String::hashCode (60 bytes)

VM state: not at safepoint (normal execution)

VM Mutex/Monitor currently owned by a thread: None

Heap address: 0x0000000082000000, size: 2016 MB, Compressed Oops mode: 32-bit

CDS archive(s) mapped at: [0x0000000800000000-0x0000000800ba0000-0x0000000800ba0000), size 12189696, SharedBaseAddress: 0x0000000800000000, ArchiveRelocationMode: 0.
Compressed class space mapped at: 0x0000000800c00000-0x0000000840c00000, reserved size: 1073741824
Narrow klass base: 0x0000000800000000, Narrow klass shift: 0, Narrow klass range: 0x100000000

GC Precious Log:
 CardTable entry size: 512
 Card Set container configuration: InlinePtr #cards 5 size 8 Array Of Cards #cards 12 size 40 Howl #buckets 4 coarsen threshold 1843 Howl Bitmap #cards 512 size 80 coarsen threshold 460 Card regions per heap region 1 cards per card region 2048
 CPUs: 8 total, 8 available
 Memory: 8058M
 Large Page Support: Disabled
 NUMA Support: Disabled
 Compressed Oops: Enabled (32-bit)
 Heap Region Size: 1M
 Heap Min Capacity: 8M
 Heap Initial Capacity: 126M
 Heap Max Capacity: 2016M
 Pre-touch: Disabled
 Parallel Workers: 8
 Concurrent Workers: 2
 Concurrent Refinement Workers: 8
 Periodic GC: Disabled

Heap:
 garbage-first heap   total 129024K, used 5120K [0x0000000082000000, 0x0000000100000000)
  region size 1024K, 6 young (6144K), 0 survivors (0K)
 Metaspace       used 1561K, committed 1728K, reserved 1114112K
  class space    used 134K, committed 192K, reserved 1048576K

Heap Regions: E=young(eden), S=young(survivor), O=old, HS=humongous(starts), HC=humongous(continues), CS=collection set, F=free, OA=open archive, CA=closed archive, TAMS=top-at-mark-start (previous, next)
|   0|0x0000000082000000, 0x0000000082000000, 0x0000000082100000|  0%| F|  |TAMS 0x0000000082000000, 0x0000000082000000| Untracked 
|   1|0x0000000082100000, 0x0000000082100000, 0x0000000082200000|  0%| F|  |TAMS 0x0000000082100000, 0x0000000082100000| Untracked 
|   2|0x0000000082200000, 0x0000000082200000, 0x0000000082300000|  0%| F|  |TAMS 0x0000000082200000, 0x0000000082200000| Untracked 
|   3|0x0000000082300000, 0x0000000082300000, 0x0000000082400000|  0%| F|  |TAMS 0x0000000082300000, 0x0000000082300000| Untracked 
|   4|0x0000000082400000, 0x0000000082400000, 0x0000000082500000|  0%| F|  |TAMS 0x0000000082400000, 0x0000000082400000| Untracked 
|   5|0x0000000082500000, 0x0000000082500000, 0x0000000082600000|  0%| F|  |TAMS 0x0000000082500000, 0x0000000082500000| Untracked 
|   6|0x0000000082600000, 0x0000000082600000, 0x0000000082700000|  0%| F|  |TAMS 0x0000000082600000, 0x0000000082600000| Untracked 
|   7|0x0000000082700000, 0x0000000082700000, 0x0000000082800000|  0%| F|  |TAMS 0x0000000082700000, 0x0000000082700000| Untracked 
|   8|0x0000000082800000, 0x0000000082800000, 0x0000000082900000|  0%| F|  |TAMS 0x0000000082800000, 0x0000000082800000| Untracked 
|   9|0x0000000082900000, 0x0000000082900000, 0x0000000082a00000|  0%| F|  |TAMS 0x0000000082900000, 0x0000000082900000| Untracked 
|  10|0x0000000082a00000, 0x0000000082a00000, 0x0000000082b00000|  0%| F|  |TAMS 0x0000000082a00000, 0x0000000082a00000| Untracked 
|  11|0x0000000082b00000, 0x0000000082b00000, 0x0000000082c00000|  0%| F|  |TAMS 0x0000000082b00000, 0x0000000082b00000| Untracked 
|  12|0x0000000082c00000, 0x0000000082c00000, 0x0000000082d00000|  0%| F|  |TAMS 0x0000000082c00000, 0x0000000082c00000| Untracked 
|  13|0x0000000082d00000, 0x0000000082d00000, 0x0000000082e00000|  0%| F|  |TAMS 0x0000000082d00000, 0x0000000082d00000| Untracked 
|  14|0x0000000082e00000, 0x0000000082e00000, 0x0000000082f00000|  0%| F|  |TAMS 0x0000000082e00000, 0x0000000082e00000| Untracked 
|  15|0x0000000082f00000, 0x0000000082f00000, 0x0000000083000000|  0%| F|  |TAMS 0x0000000082f00000, 0x0000000082f00000| Untracked 
|  16|0x0000000083000000, 0x0000000083000000, 0x0000000083100000|  0%| F|  |TAMS 0x0000000083000000, 0x0000000083000000| Untracked 
|  17|0x0000000083100000, 0x0000000083100000, 0x0000000083200000|  0%| F|  |TAMS 0x0000000083100000, 0x0000000083100000| Untracked 
|  18|0x0000000083200000, 0x0000000083200000, 0x0000000083300000|  0%| F|  |TAMS 0x0000000083200000, 0x0000000083200000| Untracked 
|  19|0x0000000083300000, 0x0000000083300000, 0x0000000083400000|  0%| F|  |TAMS 0x0000000083300000, 0x0000000083300000| Untracked 
|  20|0x0000000083400000, 0x0000000083400000, 0x0000000083500000|  0%| F|  |TAMS 0x0000000083400000, 0x0000000083400000| Untracked 
|  21|0x0000000083500000, 0x0000000083500000, 0x0000000083600000|  0%| F|  |TAMS 0x0000000083500000, 0x0000000083500000| Untracked 
|  22|0x0000000083600000, 0x0000000083600000, 0x0000000083700000|  0%| F|  |TAMS 0x0000000083600000, 0x0000000083600000| Untracked 
|  23|0x0000000083700000, 0x0000000083700000, 0x0000000083800000|  0%| F|  |TAMS 0x0000000083700000, 0x0000000083700000| Untracked 
|  24|0x0000000083800000, 0x0000000083800000, 0x0000000083900000|  0%| F|  |TAMS 0x0000000083800000, 0x0000000083800000| Untracked 
|  25|0x0000000083900000, 0x0000000083900000, 0x0000000083a00000|  0%| F|  |TAMS 0x0000000083900000, 0x0000000083900000| Untracked 
|  26|0x0000000083a00000, 0x0000000083a00000, 0x0000000083b00000|  0%| F|  |TAMS 0x0000000083a00000, 0x0000000083a00000| Untracked 
|  27|0x0000000083b00000, 0x0000000083b00000, 0x0000000083c00000|  0%| F|  |TAMS 0x0000000083b00000, 0x0000000083b00000| Untracked 
|  28|0x0000000083c00000, 0x0000000083c00000, 0x0000000083d00000|  0%| F|  |TAMS 0x0000000083c00000, 0x0000000083c00000| Untracked 
|  29|0x0000000083d00000, 0x0000000083d00000, 0x0000000083e00000|  0%| F|  |TAMS 0x0000000083d00000, 0x0000000083d00000| Untracked 
|  30|0x0000000083e00000, 0x0000000083e00000, 0x0000000083f00000|  0%| F|  |TAMS 0x0000000083e00000, 0x0000000083e00000| Untracked 
|  31|0x0000000083f00000, 0x0000000083f00000, 0x0000000084000000|  0%| F|  |TAMS 0x0000000083f00000, 0x0000000083f00000| Untracked 
|  32|0x0000000084000000, 0x0000000084000000, 0x0000000084100000|  0%| F|  |TAMS 0x0000000084000000, 0x0000000084000000| Untracked 
|  33|0x0000000084100000, 0x0000000084100000, 0x0000000084200000|  0%| F|  |TAMS 0x0000000084100000, 0x0000000084100000| Untracked 
|  34|0x0000000084200000, 0x0000000084200000, 0x0000000084300000|  0%| F|  |TAMS 0x0000000084200000, 0x0000000084200000| Untracked 
|  35|0x0000000084300000, 0x0000000084300000, 0x0000000084400000|  0%| F|  |TAMS 0x0000000084300000, 0x0000000084300000| Untracked 
|  36|0x0000000084400000, 0x0000000084400000, 0x0000000084500000|  0%| F|  |TAMS 0x0000000084400000, 0x0000000084400000| Untracked 
|  37|0x0000000084500000, 0x0000000084500000, 0x0000000084600000|  0%| F|  |TAMS 0x0000000084500000, 0x0000000084500000| Untracked 
|  38|0x0000000084600000, 0x0000000084600000, 0x0000000084700000|  0%| F|  |TAMS 0x0000000084600000, 0x0000000084600000| Untracked 
|  39|0x0000000084700000, 0x0000000084700000, 0x0000000084800000|  0%| F|  |TAMS 0x0000000084700000, 0x0000000084700000| Untracked 
|  40|0x0000000084800000, 0x0000000084800000, 0x0000000084900000|  0%| F|  |TAMS 0x0000000084800000, 0x0000000084800000| Untracked 
|  41|0x0000000084900000, 0x0000000084900000, 0x0000000084a00000|  0%| F|  |TAMS 0x0000000084900000, 0x0000000084900000| Untracked 
|  42|0x0000000084a00000, 0x0000000084a00000, 0x0000000084b00000|  0%| F|  |TAMS 0x0000000084a00000, 0x0000000084a00000| Untracked 
|  43|0x0000000084b00000, 0x0000000084b00000, 0x0000000084c00000|  0%| F|  |TAMS 0x0000000084b00000, 0x0000000084b00000| Untracked 
|  44|0x0000000084c00000, 0x0000000084c00000, 0x0000000084d00000|  0%| F|  |TAMS 0x0000000084c00000, 0x0000000084c00000| Untracked 
|  45|0x0000000084d00000, 0x0000000084d00000, 0x0000000084e00000|  0%| F|  |TAMS 0x0000000084d00000, 0x0000000084d00000| Untracked 
|  46|0x0000000084e00000, 0x0000000084e00000, 0x0000000084f00000|  0%| F|  |TAMS 0x0000000084e00000, 0x0000000084e00000| Untracked 
|  47|0x0000000084f00000, 0x0000000084f00000, 0x0000000085000000|  0%| F|  |TAMS 0x0000000084f00000, 0x0000000084f00000| Untracked 
|  48|0x0000000085000000, 0x0000000085000000, 0x0000000085100000|  0%| F|  |TAMS 0x0000000085000000, 0x0000000085000000| Untracked 
|  49|0x0000000085100000, 0x0000000085100000, 0x0000000085200000|  0%| F|  |TAMS 0x0000000085100000, 0x0000000085100000| Untracked 
|  50|0x0000000085200000, 0x0000000085200000, 0x0000000085300000|  0%| F|  |TAMS 0x0000000085200000, 0x0000000085200000| Untracked 
|  51|0x0000000085300000, 0x0000000085300000, 0x0000000085400000|  0%| F|  |TAMS 0x0000000085300000, 0x0000000085300000| Untracked 
|  52|0x0000000085400000, 0x0000000085400000, 0x0000000085500000|  0%| F|  |TAMS 0x0000000085400000, 0x0000000085400000| Untracked 
|  53|0x0000000085500000, 0x0000000085500000, 0x0000000085600000|  0%| F|  |TAMS 0x0000000085500000, 0x0000000085500000| Untracked 
|  54|0x0000000085600000, 0x0000000085600000, 0x0000000085700000|  0%| F|  |TAMS 0x0000000085600000, 0x0000000085600000| Untracked 
|  55|0x0000000085700000, 0x0000000085700000, 0x0000000085800000|  0%| F|  |TAMS 0x0000000085700000, 0x0000000085700000| Untracked 
|  56|0x0000000085800000, 0x0000000085800000, 0x0000000085900000|  0%| F|  |TAMS 0x0000000085800000, 0x0000000085800000| Untracked 
|  57|0x0000000085900000, 0x0000000085900000, 0x0000000085a00000|  0%| F|  |TAMS 0x0000000085900000, 0x0000000085900000| Untracked 
|  58|0x0000000085a00000, 0x0000000085a00000, 0x0000000085b00000|  0%| F|  |TAMS 0x0000000085a00000, 0x0000000085a00000| Untracked 
|  59|0x0000000085b00000, 0x0000000085b00000, 0x0000000085c00000|  0%| F|  |TAMS 0x0000000085b00000, 0x0000000085b00000| Untracked 
|  60|0x0000000085c00000, 0x0000000085c00000, 0x0000000085d00000|  0%| F|  |TAMS 0x0000000085c00000, 0x0000000085c00000| Untracked 
|  61|0x0000000085d00000, 0x0000000085d00000, 0x0000000085e00000|  0%| F|  |TAMS 0x0000000085d00000, 0x0000000085d00000| Untracked 
|  62|0x0000000085e00000, 0x0000000085e00000, 0x0000000085f00000|  0%| F|  |TAMS 0x0000000085e00000, 0x0000000085e00000| Untracked 
|  63|0x0000000085f00000, 0x0000000085f00000, 0x0000000086000000|  0%| F|  |TAMS 0x0000000085f00000, 0x0000000085f00000| Untracked 
|  64|0x0000000086000000, 0x0000000086000000, 0x0000000086100000|  0%| F|  |TAMS 0x0000000086000000, 0x0000000086000000| Untracked 
|  65|0x0000000086100000, 0x0000000086100000, 0x0000000086200000|  0%| F|  |TAMS 0x0000000086100000, 0x0000000086100000| Untracked 
|  66|0x0000000086200000, 0x0000000086200000, 0x0000000086300000|  0%| F|  |TAMS 0x0000000086200000, 0x0000000086200000| Untracked 
|  67|0x0000000086300000, 0x0000000086300000, 0x0000000086400000|  0%| F|  |TAMS 0x0000000086300000, 0x0000000086300000| Untracked 
|  68|0x0000000086400000, 0x0000000086400000, 0x0000000086500000|  0%| F|  |TAMS 0x0000000086400000, 0x0000000086400000| Untracked 
|  69|0x0000000086500000, 0x0000000086500000, 0x0000000086600000|  0%| F|  |TAMS 0x0000000086500000, 0x0000000086500000| Untracked 
|  70|0x0000000086600000, 0x0000000086600000, 0x0000000086700000|  0%| F|  |TAMS 0x0000000086600000, 0x0000000086600000| Untracked 
|  71|0x0000000086700000, 0x0000000086700000, 0x0000000086800000|  0%| F|  |TAMS 0x0000000086700000, 0x0000000086700000| Untracked 
|  72|0x0000000086800000, 0x0000000086800000, 0x0000000086900000|  0%| F|  |TAMS 0x0000000086800000, 0x0000000086800000| Untracked 
|  73|0x0000000086900000, 0x0000000086900000, 0x0000000086a00000|  0%| F|  |TAMS 0x0000000086900000, 0x0000000086900000| Untracked 
|  74|0x0000000086a00000, 0x0000000086a00000, 0x0000000086b00000|  0%| F|  |TAMS 0x0000000086a00000, 0x0000000086a00000| Untracked 
|  75|0x0000000086b00000, 0x0000000086b00000, 0x0000000086c00000|  0%| F|  |TAMS 0x0000000086b00000, 0x0000000086b00000| Untracked 
|  76|0x0000000086c00000, 0x0000000086c00000, 0x0000000086d00000|  0%| F|  |TAMS 0x0000000086c00000, 0x0000000086c00000| Untracked 
|  77|0x0000000086d00000, 0x0000000086d00000, 0x0000000086e00000|  0%| F|  |TAMS 0x0000000086d00000, 0x0000000086d00000| Untracked 
|  78|0x0000000086e00000, 0x0000000086e00000, 0x0000000086f00000|  0%| F|  |TAMS 0x0000000086e00000, 0x0000000086e00000| Untracked 
|  79|0x0000000086f00000, 0x0000000086f00000, 0x0000000087000000|  0%| F|  |TAMS 0x0000000086f00000, 0x0000000086f00000| Untracked 
|  80|0x0000000087000000, 0x0000000087000000, 0x0000000087100000|  0%| F|  |TAMS 0x0000000087000000, 0x0000000087000000| Untracked 
|  81|0x0000000087100000, 0x0000000087100000, 0x0000000087200000|  0%| F|  |TAMS 0x0000000087100000, 0x0000000087100000| Untracked 
|  82|0x0000000087200000, 0x0000000087200000, 0x0000000087300000|  0%| F|  |TAMS 0x0000000087200000, 0x0000000087200000| Untracked 
|  83|0x0000000087300000, 0x0000000087300000, 0x0000000087400000|  0%| F|  |TAMS 0x0000000087300000, 0x0000000087300000| Untracked 
|  84|0x0000000087400000, 0x0000000087400000, 0x0000000087500000|  0%| F|  |TAMS 0x0000000087400000, 0x0000000087400000| Untracked 
|  85|0x0000000087500000, 0x0000000087500000, 0x0000000087600000|  0%| F|  |TAMS 0x0000000087500000, 0x0000000087500000| Untracked 
|  86|0x0000000087600000, 0x0000000087600000, 0x0000000087700000|  0%| F|  |TAMS 0x0000000087600000, 0x0000000087600000| Untracked 
|  87|0x0000000087700000, 0x0000000087700000, 0x0000000087800000|  0%| F|  |TAMS 0x0000000087700000, 0x0000000087700000| Untracked 
|  88|0x0000000087800000, 0x0000000087800000, 0x0000000087900000|  0%| F|  |TAMS 0x0000000087800000, 0x0000000087800000| Untracked 
|  89|0x0000000087900000, 0x0000000087900000, 0x0000000087a00000|  0%| F|  |TAMS 0x0000000087900000, 0x0000000087900000| Untracked 
|  90|0x0000000087a00000, 0x0000000087a00000, 0x0000000087b00000|  0%| F|  |TAMS 0x0000000087a00000, 0x0000000087a00000| Untracked 
|  91|0x0000000087b00000, 0x0000000087b00000, 0x0000000087c00000|  0%| F|  |TAMS 0x0000000087b00000, 0x0000000087b00000| Untracked 
|  92|0x0000000087c00000, 0x0000000087c00000, 0x0000000087d00000|  0%| F|  |TAMS 0x0000000087c00000, 0x0000000087c00000| Untracked 
|  93|0x0000000087d00000, 0x0000000087d00000, 0x0000000087e00000|  0%| F|  |TAMS 0x0000000087d00000, 0x0000000087d00000| Untracked 
|  94|0x0000000087e00000, 0x0000000087e00000, 0x0000000087f00000|  0%| F|  |TAMS 0x0000000087e00000, 0x0000000087e00000| Untracked 
|  95|0x0000000087f00000, 0x0000000087f00000, 0x0000000088000000|  0%| F|  |TAMS 0x0000000087f00000, 0x0000000087f00000| Untracked 
|  96|0x0000000088000000, 0x0000000088000000, 0x0000000088100000|  0%| F|  |TAMS 0x0000000088000000, 0x0000000088000000| Untracked 
|  97|0x0000000088100000, 0x0000000088100000, 0x0000000088200000|  0%| F|  |TAMS 0x0000000088100000, 0x0000000088100000| Untracked 
|  98|0x0000000088200000, 0x0000000088200000, 0x0000000088300000|  0%| F|  |TAMS 0x0000000088200000, 0x0000000088200000| Untracked 
|  99|0x0000000088300000, 0x0000000088300000, 0x0000000088400000|  0%| F|  |TAMS 0x0000000088300000, 0x0000000088300000| Untracked 
| 100|0x0000000088400000, 0x0000000088400000, 0x0000000088500000|  0%| F|  |TAMS 0x0000000088400000, 0x0000000088400000| Untracked 
| 101|0x0000000088500000, 0x0000000088500000, 0x0000000088600000|  0%| F|  |TAMS 0x0000000088500000, 0x0000000088500000| Untracked 
| 102|0x0000000088600000, 0x0000000088600000, 0x0000000088700000|  0%| F|  |TAMS 0x0000000088600000, 0x0000000088600000| Untracked 
| 103|0x0000000088700000, 0x0000000088700000, 0x0000000088800000|  0%| F|  |TAMS 0x0000000088700000, 0x0000000088700000| Untracked 
| 104|0x0000000088800000, 0x0000000088800000, 0x0000000088900000|  0%| F|  |TAMS 0x0000000088800000, 0x0000000088800000| Untracked 
| 105|0x0000000088900000, 0x0000000088900000, 0x0000000088a00000|  0%| F|  |TAMS 0x0000000088900000, 0x0000000088900000| Untracked 
| 106|0x0000000088a00000, 0x0000000088a00000, 0x0000000088b00000|  0%| F|  |TAMS 0x0000000088a00000, 0x0000000088a00000| Untracked 
| 107|0x0000000088b00000, 0x0000000088b00000, 0x0000000088c00000|  0%| F|  |TAMS 0x0000000088b00000, 0x0000000088b00000| Untracked 
| 108|0x0000000088c00000, 0x0000000088c00000, 0x0000000088d00000|  0%| F|  |TAMS 0x0000000088c00000, 0x0000000088c00000| Untracked 
| 109|0x0000000088d00000, 0x0000000088d00000, 0x0000000088e00000|  0%| F|  |TAMS 0x0000000088d00000, 0x0000000088d00000| Untracked 
| 110|0x0000000088e00000, 0x0000000088e00000, 0x0000000088f00000|  0%| F|  |TAMS 0x0000000088e00000, 0x0000000088e00000| Untracked 
| 111|0x0000000088f00000, 0x0000000088f00000, 0x0000000089000000|  0%| F|  |TAMS 0x0000000088f00000, 0x0000000088f00000| Untracked 
| 112|0x0000000089000000, 0x0000000089000000, 0x0000000089100000|  0%| F|  |TAMS 0x0000000089000000, 0x0000000089000000| Untracked 
| 113|0x0000000089100000, 0x0000000089100000, 0x0000000089200000|  0%| F|  |TAMS 0x0000000089100000, 0x0000000089100000| Untracked 
| 114|0x0000000089200000, 0x0000000089200000, 0x0000000089300000|  0%| F|  |TAMS 0x0000000089200000, 0x0000000089200000| Untracked 
| 115|0x0000000089300000, 0x0000000089300000, 0x0000000089400000|  0%| F|  |TAMS 0x0000000089300000, 0x0000000089300000| Untracked 
| 116|0x0000000089400000, 0x0000000089400000, 0x0000000089500000|  0%| F|  |TAMS 0x0000000089400000, 0x0000000089400000| Untracked 
| 117|0x0000000089500000, 0x0000000089500000, 0x0000000089600000|  0%| F|  |TAMS 0x0000000089500000, 0x0000000089500000| Untracked 
| 118|0x0000000089600000, 0x0000000089600000, 0x0000000089700000|  0%| F|  |TAMS 0x0000000089600000, 0x0000000089600000| Untracked 
| 119|0x0000000089700000, 0x0000000089700000, 0x0000000089800000|  0%| F|  |TAMS 0x0000000089700000, 0x0000000089700000| Untracked 
| 120|0x0000000089800000, 0x00000000898fbc18, 0x0000000089900000| 98%| E|  |TAMS 0x0000000089800000, 0x0000000089800000| Complete 
| 121|0x0000000089900000, 0x0000000089a00000, 0x0000000089a00000|100%| E|CS|TAMS 0x0000000089900000, 0x0000000089900000| Complete 
| 122|0x0000000089a00000, 0x0000000089b00000, 0x0000000089b00000|100%| E|CS|TAMS 0x0000000089a00000, 0x0000000089a00000| Complete 
| 123|0x0000000089b00000, 0x0000000089c00000, 0x0000000089c00000|100%| E|CS|TAMS 0x0000000089b00000, 0x0000000089b00000| Complete 
| 124|0x0000000089c00000, 0x0000000089d00000, 0x0000000089d00000|100%| E|CS|TAMS 0x0000000089c00000, 0x0000000089c00000| Complete 
| 125|0x0000000089d00000, 0x0000000089e00000, 0x0000000089e00000|100%| E|CS|TAMS 0x0000000089d00000, 0x0000000089d00000| Complete 

Card table byte_map: [0x000001ae7b8a0000,0x000001ae7bc90000] _byte_map_base: 0x000001ae7b490000

Marking Bits (Prev, Next): (CMBitMap*) 0x000001ae7b114980, (CMBitMap*) 0x000001ae7b1149c0
 Prev Bits: [0x000001ae7c080000, 0x000001ae7e000000)
 Next Bits: [0x000001ae7e000000, 0x000001ae7ff80000)

Polling page: 0x000001ae7a880000

Metaspace:

Usage:
  Non-class:      1.39 MB used.
      Class:    134.59 KB used.
       Both:      1.52 MB used.

Virtual space:
  Non-class space:       64.00 MB reserved,       1.50 MB (  2%) committed,  1 nodes.
      Class space:        1.00 GB reserved,     192.00 KB ( <1%) committed,  1 nodes.
             Both:        1.06 GB reserved,       1.69 MB ( <1%) committed. 

Chunk freelists:
   Non-Class:  3.36 MB
       Class:  3.66 MB
        Both:  7.02 MB

MaxMetaspaceSize: unlimited
CompressedClassSpaceSize: 1.00 GB
Initial GC threshold: 21.00 MB
Current GC threshold: 21.00 MB
CDS: on
MetaspaceReclaimPolicy: balanced
 - commit_granule_bytes: 65536.
 - commit_granule_words: 8192.
 - virtual_space_node_default_size: 8388608.
 - enlarge_chunks_in_place: 1.
 - new_chunks_are_fully_committed: 0.
 - uncommit_free_chunks: 1.
 - use_allocation_guard: 0.


Internal statistics:

num_allocs_failed_limit: 0.
num_arena_births: 22.
num_arena_deaths: 0.
num_vsnodes_births: 2.
num_vsnodes_deaths: 0.
num_space_committed: 27.
num_space_uncommitted: 0.
num_chunks_returned_to_freelist: 0.
num_chunks_taken_from_freelist: 56.
num_chunk_merges: 0.
num_chunk_splits: 40.
num_chunks_enlarged: 33.
num_inconsistent_stats: 0.

CodeHeap 'non-profiled nmethods': size=120000Kb used=118Kb max_used=118Kb free=119881Kb
 bounds [0x000001ae0f340000, 0x000001ae0f5b0000, 0x000001ae16870000]
CodeHeap 'profiled nmethods': size=120000Kb used=639Kb max_used=639Kb free=119360Kb
 bounds [0x000001ae07e10000, 0x000001ae08080000, 0x000001ae0f340000]
CodeHeap 'non-nmethods': size=5760Kb used=1112Kb max_used=1127Kb free=4647Kb
 bounds [0x000001ae07870000, 0x000001ae07ae0000, 0x000001ae07e10000]
 total_blobs=793 nmethods=413 adapters=293
 compilation: enabled
              stopped_count=0, restarted_count=0
 full_count=0

Compilation events (20 events):
Event: 7.089 Thread 0x000001ae1925ee70  398       3       jdk.internal.jimage.ImageStringsReader::hashCode (33 bytes)
Event: 7.089 Thread 0x000001ae1925ee70 nmethod 398 0x000001ae07e9a110 code [0x000001ae07e9a2c0, 0x000001ae07e9a438]
Event: 7.089 Thread 0x000001ae1925ee70  399       3       java.util.concurrent.ConcurrentHashMap$ValueIterator::next (34 bytes)
Event: 7.089 Thread 0x000001ae1925ee70 nmethod 399 0x000001ae07e9a510 code [0x000001ae07e9a6c0, 0x000001ae07e9a918]
Event: 7.089 Thread 0x000001ae1925ee70  400       3       java.util.Optional::empty (6 bytes)
Event: 7.089 Thread 0x000001ae1925ee70 nmethod 400 0x000001ae07e9aa10 code [0x000001ae07e9aba0, 0x000001ae07e9ac98]
Event: 7.089 Thread 0x000001ae1925ee70  401       3       java.lang.StringUTF16::compress (20 bytes)
Event: 7.089 Thread 0x000001ae1925ee70 nmethod 401 0x000001ae07e9ad10 code [0x000001ae07e9aec0, 0x000001ae07e9b108]
Event: 7.159 Thread 0x000001ae1925ee70  402       3       java.util.Properties::loadConvert (540 bytes)
Event: 7.160 Thread 0x000001ae1925ee70 nmethod 402 0x000001ae07e9b210 code [0x000001ae07e9b500, 0x000001ae07e9c938]
Event: 7.160 Thread 0x000001ae1925ee70  403 %     3       java.util.Properties$LineReader::readLine @ 53 (584 bytes)
Event: 7.162 Thread 0x000001ae1925ee70 nmethod 403% 0x000001ae07e9cf90 code [0x000001ae07e9d380, 0x000001ae07ea03d8]
Event: 7.162 Thread 0x000001ae1925ee70  404       3       jdk.internal.loader.BuiltinClassLoader::moduleReaderFor (45 bytes)
Event: 7.162 Thread 0x000001ae1925ee70 nmethod 404 0x000001ae07ea1210 code [0x000001ae07ea1400, 0x000001ae07ea1a98]
Event: 7.162 Thread 0x000001ae1925ee70  405       3       jdk.internal.module.SystemModuleFinders$SystemModuleReader::find (59 bytes)
Event: 7.163 Thread 0x000001ae1925ee70 nmethod 405 0x000001ae07ea1c90 code [0x000001ae07ea1f40, 0x000001ae07ea2b68]
Event: 7.163 Thread 0x000001ae1925ee70  406       3       java.lang.Math::abs (13 bytes)
Event: 7.163 Thread 0x000001ae1925ee70 nmethod 406 0x000001ae07ea3010 code [0x000001ae07ea31a0, 0x000001ae07ea3318]
Event: 7.163 Thread 0x000001ae1925e490  407       4       java.lang.String::hashCode (60 bytes)
Event: 7.164 Thread 0x000001ae1925ee70  408       3       java.util.Properties$LineReader::readLine (584 bytes)

GC Heap History (0 events):
No events

Deoptimization events (4 events):
Event: 6.801 Thread 0x000001ae78f7cff0 Uncommon trap: trap_request=0xffffff45 fr.pc=0x000001ae0f34aee4 relative=0x0000000000000064
Event: 6.801 Thread 0x000001ae78f7cff0 Uncommon trap: reason=unstable_if action=reinterpret pc=0x000001ae0f34aee4 method=java.io.WinNTFileSystem.isSlash(C)Z @ 9 c2
Event: 6.801 Thread 0x000001ae78f7cff0 DEOPT PACKING pc=0x000001ae0f34aee4 sp=0x000000788c1fe380
Event: 6.801 Thread 0x000001ae78f7cff0 DEOPT UNPACKING pc=0x000001ae078c23a3 sp=0x000000788c1fe308 mode 2

Classes loaded (20 events):
Event: 6.930 Loading class java/util/concurrent/LinkedBlockingQueue$Node
Event: 6.930 Loading class java/util/concurrent/LinkedBlockingQueue$Node done
Event: 6.932 Loading class java/net/URLClassLoader$3
Event: 6.932 Loading class java/net/URLClassLoader$3 done
Event: 6.932 Loading class java/net/URLClassLoader$3$1
Event: 6.932 Loading class java/net/URLClassLoader$3$1 done
Event: 7.036 Loading class java/util/LinkedHashMap$LinkedKeySet
Event: 7.036 Loading class java/util/LinkedHashMap$LinkedKeySet done
Event: 7.036 Loading class java/util/LinkedHashMap$LinkedKeyIterator
Event: 7.036 Loading class java/util/LinkedHashMap$LinkedKeyIterator done
Event: 7.089 Loading class jdk/internal/loader/URLClassPath$FileLoader$1
Event: 7.089 Loading class jdk/internal/loader/URLClassPath$FileLoader$1 done
Event: 7.157 Loading class sun/net/ProgressMonitor
Event: 7.157 Loading class sun/net/ProgressMonitor done
Event: 7.157 Loading class sun/net/DefaultProgressMeteringPolicy
Event: 7.157 Loading class sun/net/ProgressMeteringPolicy
Event: 7.157 Loading class sun/net/ProgressMeteringPolicy done
Event: 7.157 Loading class sun/net/DefaultProgressMeteringPolicy done
Event: 7.161 Loading class java/lang/InstantiationException
Event: 7.161 Loading class java/lang/InstantiationException done

Classes unloaded (0 events):
No events

Classes redefined (0 events):
No events

Internal exceptions (10 events):
Event: 6.826 Thread 0x000001ae78f7cff0 Exception <a 'java/lang/NoSuchMethodError'{0x0000000089aa79b8}: 'java.lang.Object java.lang.invoke.Invokers$Holder.invokeExact_MT(java.lang.Object, java.lang.Object, java.lang.Object, java.lang.Object, java.lang.Object)'> (0x0000000089aa79b8) 
thrown [s\open\src\hotspot\share\interpreter\linkResolver.cpp, line 766]
Event: 6.848 Thread 0x000001ae78f7cff0 Exception <a 'java/lang/NullPointerException'{0x00000000899009b8}> (0x00000000899009b8) 
thrown [s\open\src\hotspot\share\interpreter\linkResolver.cpp, line 1357]
Event: 6.877 Thread 0x000001ae78f7cff0 Exception <a 'java/lang/NullPointerException'{0x000000008992d2e0}> (0x000000008992d2e0) 
thrown [s\open\src\hotspot\share\interpreter\linkResolver.cpp, line 1357]
Event: 6.877 Thread 0x000001ae78f7cff0 Exception <a 'java/lang/NullPointerException'{0x000000008992d5b8}> (0x000000008992d5b8) 
thrown [s\open\src\hotspot\share\interpreter\linkResolver.cpp, line 1357]
Event: 6.877 Thread 0x000001ae78f7cff0 Exception <a 'java/lang/NullPointerException'{0x000000008992d890}> (0x000000008992d890) 
thrown [s\open\src\hotspot\share\interpreter\linkResolver.cpp, line 1357]
Event: 6.881 Thread 0x000001ae78f7cff0 Exception <a 'java/lang/NullPointerException'{0x0000000089932aa0}> (0x0000000089932aa0) 
thrown [s\open\src\hotspot\share\interpreter\linkResolver.cpp, line 1357]
Event: 6.883 Thread 0x000001ae78f7cff0 Exception <a 'java/lang/NullPointerException'{0x0000000089947678}> (0x0000000089947678) 
thrown [s\open\src\hotspot\share\interpreter\linkResolver.cpp, line 1357]
Event: 6.883 Thread 0x000001ae78f7cff0 Exception <a 'java/lang/NullPointerException'{0x0000000089947950}> (0x0000000089947950) 
thrown [s\open\src\hotspot\share\interpreter\linkResolver.cpp, line 1357]
Event: 6.883 Thread 0x000001ae78f7cff0 Exception <a 'java/lang/NullPointerException'{0x0000000089947c28}> (0x0000000089947c28) 
thrown [s\open\src\hotspot\share\interpreter\linkResolver.cpp, line 1357]
Event: 6.883 Thread 0x000001ae78f7cff0 Exception <a 'java/lang/NullPointerException'{0x0000000089947f00}> (0x0000000089947f00) 
thrown [s\open\src\hotspot\share\interpreter\linkResolver.cpp, line 1357]

VM Operations (8 events):
Event: 4.664 Executing VM operation: Cleanup
Event: 4.664 Executing VM operation: Cleanup done
Event: 6.680 Executing VM operation: Cleanup
Event: 6.680 Executing VM operation: Cleanup done
Event: 6.846 Executing VM operation: HandshakeAllThreads
Event: 6.846 Executing VM operation: HandshakeAllThreads done
Event: 6.856 Executing VM operation: HandshakeAllThreads
Event: 6.856 Executing VM operation: HandshakeAllThreads done

Events (20 events):
Event: 1.630 Loaded shared library C:\Program Files\Java\jdk-18.0.1.1\bin\java.dll
Event: 2.333 Loaded shared library C:\Program Files\Java\jdk-18.0.1.1\bin\jsvml.dll
Event: 2.333 Thread 0x000001ae78f7cff0 Thread added: 0x000001ae78f7cff0
Event: 2.654 Thread 0x000001ae1923d410 Thread added: 0x000001ae1923d410
Event: 2.654 Thread 0x000001ae1923e070 Thread added: 0x000001ae1923e070
Event: 2.719 Thread 0x000001ae1925abc0 Thread added: 0x000001ae1925abc0
Event: 2.719 Thread 0x000001ae1925c480 Thread added: 0x000001ae1925c480
Event: 2.719 Thread 0x000001ae1925ce20 Thread added: 0x000001ae1925ce20
Event: 2.719 Thread 0x000001ae1925d7c0 Thread added: 0x000001ae1925d7c0
Event: 2.719 Thread 0x000001ae1925e490 Thread added: 0x000001ae1925e490
Event: 2.802 Thread 0x000001ae1925ee70 Thread added: 0x000001ae1925ee70
Event: 2.936 Thread 0x000001ae19262140 Thread added: 0x000001ae19262140
Event: 3.028 Thread 0x000001ae1d432510 Thread added: 0x000001ae1d432510
Event: 3.037 Thread 0x000001ae1d43a3d0 Thread added: 0x000001ae1d43a3d0
Event: 3.936 Loaded shared library C:\Program Files\Java\jdk-18.0.1.1\bin\net.dll
Event: 3.938 Loaded shared library C:\Program Files\Java\jdk-18.0.1.1\bin\nio.dll
Event: 3.943 Loaded shared library C:\Program Files\Java\jdk-18.0.1.1\bin\zip.dll
Event: 6.853 Loaded shared library C:\Program Files\Java\jdk-18.0.1.1\bin\jimage.dll
Event: 6.871 Loaded shared library C:\Program Files\NetBeans-14\netbeans\java\maven\lib\jansi-native\Windows\x86_64\jansi.dll
Event: 6.892 Loaded shared library C:\Program Files\Java\jdk-18.0.1.1\bin\verify.dll


Dynamic libraries:
0x00007ff73cf50000 - 0x00007ff73cf60000 	C:\Program Files\Java\jdk-18.0.1.1\bin\java.exe
0x00007ffca9ff0000 - 0x00007ffcaa1e8000 	C:\WINDOWS\SYSTEM32\ntdll.dll
0x00007ffca9890000 - 0x00007ffca994f000 	C:\WINDOWS\System32\KERNEL32.DLL
0x00007ffca79b0000 - 0x00007ffca7c82000 	C:\WINDOWS\System32\KERNELBASE.dll
0x00007ffca7730000 - 0x00007ffca7830000 	C:\WINDOWS\System32\ucrtbase.dll
0x00007ffc92ff0000 - 0x00007ffc93008000 	C:\Program Files\Java\jdk-18.0.1.1\bin\jli.dll
0x00007ffca9950000 - 0x00007ffca99fe000 	C:\WINDOWS\System32\ADVAPI32.dll
0x00007ffca97f0000 - 0x00007ffca988e000 	C:\WINDOWS\System32\msvcrt.dll
0x00007ffca86c0000 - 0x00007ffca875c000 	C:\WINDOWS\System32\sechost.dll
0x00007ffca95f0000 - 0x00007ffca9715000 	C:\WINDOWS\System32\RPCRT4.dll
0x00007ffca8310000 - 0x00007ffca84b1000 	C:\WINDOWS\System32\USER32.dll
0x00007ffca7d30000 - 0x00007ffca7d52000 	C:\WINDOWS\System32\win32u.dll
0x00007ffca9ab0000 - 0x00007ffca9adb000 	C:\WINDOWS\System32\GDI32.dll
0x00007ffca7830000 - 0x00007ffca793f000 	C:\WINDOWS\System32\gdi32full.dll
0x00007ffca7c90000 - 0x00007ffca7d2d000 	C:\WINDOWS\System32\msvcp_win.dll
0x00007ffc7f640000 - 0x00007ffc7f65a000 	C:\Program Files\Java\jdk-18.0.1.1\bin\VCRUNTIME140.dll
0x00007ffc86d90000 - 0x00007ffc8702a000 	C:\WINDOWS\WinSxS\amd64_microsoft.windows.common-controls_6595b64144ccf1df_6.0.19041.1110_none_60b5254171f9507e\COMCTL32.dll
0x00007ffca18a0000 - 0x00007ffca18aa000 	C:\WINDOWS\SYSTEM32\VERSION.dll
0x00007ffca9a70000 - 0x00007ffca9aa2000 	C:\WINDOWS\System32\IMM32.DLL
0x00007ffc8f780000 - 0x00007ffc8f78c000 	C:\Program Files\Java\jdk-18.0.1.1\bin\vcruntime140_1.dll
0x00007ffc69510000 - 0x00007ffc6959d000 	C:\Program Files\Java\jdk-18.0.1.1\bin\msvcp140.dll
0x00007ffc474d0000 - 0x00007ffc480e0000 	C:\Program Files\Java\jdk-18.0.1.1\bin\server\jvm.dll
0x00007ffca9530000 - 0x00007ffca9538000 	C:\WINDOWS\System32\PSAPI.DLL
0x00007ffc8f7c0000 - 0x00007ffc8f7c9000 	C:\WINDOWS\SYSTEM32\WSOCK32.dll
0x00007ffca9a00000 - 0x00007ffca9a6b000 	C:\WINDOWS\System32\WS2_32.dll
0x00007ffc8d6b0000 - 0x00007ffc8d6d7000 	C:\WINDOWS\SYSTEM32\WINMM.dll
0x00007ffca55c0000 - 0x00007ffca55d2000 	C:\WINDOWS\SYSTEM32\kernel.appcore.dll
0x00007ffc8f2b0000 - 0x00007ffc8f2ba000 	C:\Program Files\Java\jdk-18.0.1.1\bin\jimage.dll
0x00007ffc95fb0000 - 0x00007ffc96194000 	C:\WINDOWS\SYSTEM32\DBGHELP.DLL
0x00007ffc965a0000 - 0x00007ffc965d5000 	C:\WINDOWS\SYSTEM32\dbgcore.DLL
0x00007ffca7f70000 - 0x00007ffca7ff2000 	C:\WINDOWS\System32\bcryptPrimitives.dll
0x00007ffc69bc0000 - 0x00007ffc69be5000 	C:\Program Files\Java\jdk-18.0.1.1\bin\java.dll
0x00007ffc69ac0000 - 0x00007ffc69b96000 	C:\Program Files\Java\jdk-18.0.1.1\bin\jsvml.dll
0x00007ffca89a0000 - 0x00007ffca90e5000 	C:\WINDOWS\System32\SHELL32.dll
0x00007ffca57c0000 - 0x00007ffca5f52000 	C:\WINDOWS\SYSTEM32\windows.storage.dll
0x00007ffca91d0000 - 0x00007ffca9525000 	C:\WINDOWS\System32\combase.dll
0x00007ffca70d0000 - 0x00007ffca7100000 	C:\WINDOWS\SYSTEM32\Wldp.dll
0x00007ffca8580000 - 0x00007ffca862d000 	C:\WINDOWS\System32\SHCORE.dll
0x00007ffca8760000 - 0x00007ffca87b5000 	C:\WINDOWS\System32\shlwapi.dll
0x00007ffca7620000 - 0x00007ffca763f000 	C:\WINDOWS\SYSTEM32\profapi.dll
0x00007ffc69aa0000 - 0x00007ffc69ab3000 	C:\Program Files\Java\jdk-18.0.1.1\bin\net.dll
0x00007ffca00a0000 - 0x00007ffca01ac000 	C:\WINDOWS\SYSTEM32\WINHTTP.dll
0x00007ffca6dc0000 - 0x00007ffca6e2a000 	C:\WINDOWS\system32\mswsock.dll
0x00007ffc69a80000 - 0x00007ffc69a96000 	C:\Program Files\Java\jdk-18.0.1.1\bin\nio.dll
0x00007ffc69a60000 - 0x00007ffc69a78000 	C:\Program Files\Java\jdk-18.0.1.1\bin\zip.dll
0x0000000069ac0000 - 0x0000000069ae4000 	C:\Program Files\NetBeans-14\netbeans\java\maven\lib\jansi-native\Windows\x86_64\jansi.dll
0x00007ffc81910000 - 0x00007ffc81920000 	C:\Program Files\Java\jdk-18.0.1.1\bin\verify.dll

dbghelp: loaded successfully - version: 4.0.5 - missing functions: none
symbol engine: initialized successfully - sym options: 0x614 - pdb path: .;C:\Program Files\Java\jdk-18.0.1.1\bin;C:\WINDOWS\SYSTEM32;C:\WINDOWS\WinSxS\amd64_microsoft.windows.common-controls_6595b64144ccf1df_6.0.19041.1110_none_60b5254171f9507e;C:\Program Files\Java\jdk-18.0.1.1\bin\server;C:\Program Files\NetBeans-14\netbeans\java\maven\lib\jansi-native\Windows\x86_64

VM Arguments:
jvm_args: -Dclassworlds.conf=C:\Program Files\NetBeans-14\netbeans\java\maven\bin\m2.conf -Dmaven.home=C:\Program Files\NetBeans-14\netbeans\java\maven -Dlibrary.jansi.path=C:\Program Files\NetBeans-14\netbeans\java\maven\lib\jansi-native -Dmaven.multiModuleProjectDirectory=D:\Java\fastJavaProgram 
java_command: org.codehaus.plexus.classworlds.launcher.Launcher -Dexec.vmArgs= -Dexec.args=${exec.vmArgs} -classpath %classpath ${exec.mainClass} ${exec.appArgs} -Dexec.appArgs= -Dexec.mainClass=com.mycompany.fastjavaprogram.FastJavaProgram -Dexec.executable=C:\Program Files\Java\jdk-18.0.1.1\bin\java.exe -Dmaven.ext.class.path=C:\Program Files\NetBeans-14\netbeans\java\maven-nblib\netbeans-eventspy.jar org.codehaus.mojo:exec-maven-plugin:3.0.0:exec
java_class_path (initial): C:\Program Files\NetBeans-14\netbeans\java\maven\boot\plexus-classworlds-2.6.0.jar
Launcher Type: SUN_STANDARD

[Global flags]
     intx CICompilerCount                          = 4                                         {product} {ergonomic}
     uint ConcGCThreads                            = 2                                         {product} {ergonomic}
     uint G1ConcRefinementThreads                  = 8                                         {product} {ergonomic}
   size_t G1HeapRegionSize                         = 1048576                                   {product} {ergonomic}
    uintx GCDrainStackTargetSize                   = 64                                        {product} {ergonomic}
   size_t InitialHeapSize                          = 132120576                                 {product} {ergonomic}
   size_t MarkStackSize                            = 4194304                                   {product} {ergonomic}
   size_t MaxHeapSize                              = 2113929216                                {product} {ergonomic}
   size_t MaxNewSize                               = 1267728384                                {product} {ergonomic}
   size_t MinHeapDeltaBytes                        = 1048576                                   {product} {ergonomic}
   size_t MinHeapSize                              = 8388608                                   {product} {ergonomic}
    uintx NonNMethodCodeHeapSize                   = 5839372                                {pd product} {ergonomic}
    uintx NonProfiledCodeHeapSize                  = 122909434                              {pd product} {ergonomic}
    uintx ProfiledCodeHeapSize                     = 122909434                              {pd product} {ergonomic}
    uintx ReservedCodeCacheSize                    = 251658240                              {pd product} {ergonomic}
     bool SegmentedCodeCache                       = true                                      {product} {ergonomic}
   size_t SoftMaxHeapSize                          = 2113929216                             {manageable} {ergonomic}
     bool UseCompressedClassPointers               = true                           {product lp64_product} {ergonomic}
     bool UseCompressedOops                        = true                           {product lp64_product} {ergonomic}
     bool UseG1GC                                  = true                                      {product} {ergonomic}
     bool UseLargePagesIndividualAllocation        = false                                  {pd product} {ergonomic}

Logging:
Log output configuration:
 #0: stdout all=warning uptime,level,tags foldmultilines=false
 #1: stderr all=off uptime,level,tags foldmultilines=false

Environment Variables:
JAVA_HOME=C:\Program Files\Java\jdk-18.0.1.1
PATH=C:\Program Files\Common Files\Oracle\Java\javapath;C:\WINDOWS\system32;C:\WINDOWS;C:\WINDOWS\System32\Wbem;C:\WINDOWS\System32\WindowsPowerShell\v1.0\;C:\WINDOWS\System32\OpenSSH\;C:\Program Files\Git\cmd;C:\xampp\php;C:\composer;C:\Program Files\nodejs\;C:\Users\SHAKOUAT HOSSEN\AppData\Local\Pub\Cache\bin;C:\Users\SHAKOUAT HOSSEN\AppData\Local\Microsoft\WindowsApps;C:\Users\SHAKOUAT HOSSEN\AppData\Local\Programs\Microsoft VS Code\bin;C:\src\flutter\bin;C:\Program Files\Java\jdk-18.0.1.1\bin;C:\MinGW\bin;C:\Users\SHAKOUAT HOSSEN\AppData\Roaming\Composer\vendor\bin;C:\Users\SHAKOUAT HOSSEN\AppData\Local\GitHubDesktop\bin;C:\Users\SHAKOUAT HOSSEN\AppData\Roaming\npm;C:\Users\SHAKOUAT HOSSEN\AppData\Local\Pub\Cache\bin;
USERNAME=SHAKOUAT HOSSEN
OS=Windows_NT
PROCESSOR_IDENTIFIER=Intel64 Family 6 Model 165 Stepping 3, GenuineIntel



---------------  S Y S T E M  ---------------

OS:
 Windows 10 , 64 bit Build 19041 (10.0.19041.2546)
OS uptime: 1 days 18:10 hours

CPU: total 8 (initial active 8) (4 cores per cpu, 2 threads per core) family 6 model 165 stepping 3 microcode 0xcc, cx8, cmov, fxsr, ht, mmx, 3dnowpref, sse, sse2, sse3, ssse3, sse4.1, sse4.2, popcnt, lzcnt, tsc, tscinvbit, avx, avx2, aes, erms, clmul, bmi1, bmi2, adx, fma, vzeroupper, clflush, clflushopt

Memory: 4k page, system-wide physical 8058M (378M free)
TotalPageFile size 22804M (AvailPageFile size 1M)
current process WorkingSet (physical memory assigned to process): 40M, peak: 40M
current process commit charge ("private bytes"): 212M, peak: 212M

vm_info: Java HotSpot(TM) 64-Bit Server VM (18.0.1.1+2-6) for windows-amd64 JRE (18.0.1.1+2-6), built on Apr 25 2022 21:53:15 by "mach5one" with MS VC++ 16.8 / 16.9 (VS2019)

END.
