#
# There is insufficient memory for the Java Runtime Environment to continue.
# Native memory allocation (mmap) failed to map 65536 bytes for Failed to commit metaspace.
# Possible reasons:
#   The system is out of physical RAM or swap space
#   The process is running with CompressedOops enabled, and the Java Heap may be blocking the growth of the native heap
# Possible solutions:
#   Reduce memory load on the system
#   Increase physical memory or swap space
#   Check if swap backing store is full
#   Decrease Java heap size (-Xmx/-Xms)
#   Decrease number of Java threads
#   Decrease Java thread stack sizes (-Xss)
#   Set larger code cache with -XX:ReservedCodeCacheSize=
#   JVM is running with Unscaled Compressed Oops mode in which the Java heap is
#     placed in the first 4GB address space. The Java Heap base address is the
#     maximum limit for the native heap growth. Please use -XX:HeapBaseMinAddress
#     to set the Java Heap base and to place the Java Heap above 4GB virtual address.
# This output file may be truncated or incomplete.
#
#  Out of Memory Error (virtualSpaceNode.cpp:110), pid=19756, tid=19992
#
# JRE version: Java(TM) SE Runtime Environment (18.0.1.1+2) (build 18.0.1.1+2-6)
# Java VM: Java HotSpot(TM) 64-Bit Server VM (18.0.1.1+2-6, mixed mode, sharing, tiered, compressed oops, compressed class ptrs, g1 gc, windows-amd64)
# No core dump will be written. Minidumps are not enabled by default on client versions of Windows
#

---------------  S U M M A R Y ------------

Command Line: -Dclassworlds.conf=C:\Program Files\NetBeans-14\netbeans\java\maven\bin\m2.conf -Dmaven.home=C:\Program Files\NetBeans-14\netbeans\java\maven -Dlibrary.jansi.path=C:\Program Files\NetBeans-14\netbeans\java\maven\lib\jansi-native -Dmaven.multiModuleProjectDirectory=D:\Java\fastJavaProgram org.codehaus.plexus.classworlds.launcher.Launcher -Dexec.vmArgs= -Dexec.args=${exec.vmArgs} -classpath %classpath ${exec.mainClass} ${exec.appArgs} -Dexec.appArgs= -Dexec.mainClass=com.mycompany.fastjavaprogram.FastJavaProgram -Dexec.executable=C:\Program Files\Java\jdk-18.0.1.1\bin\java.exe -Dmaven.ext.class.path=C:\Program Files\NetBeans-14\netbeans\java\maven-nblib\netbeans-eventspy.jar org.codehaus.mojo:exec-maven-plugin:3.0.0:exec

Host: Intel(R) Core(TM) i3-10100 CPU @ 3.60GHz, 8 cores, 7G,  Windows 10 , 64 bit Build 19041 (10.0.19041.2546)
Time: Sun Apr  2 13:02:40 2023 Bangladesh Standard Time elapsed time: 8.491714 seconds (0d 0h 0m 8s)

---------------  T H R E A D  ---------------

Current thread (0x0000025b0a224ed0):  JavaThread "main" [_thread_in_vm, id=19992, stack(0x00000072dff00000,0x00000072e0000000)]

Stack: [0x00000072dff00000,0x00000072e0000000]
Native frames: (J=compiled Java code, j=interpreted, Vv=VM code, C=native code)
V  [jvm.dll+0x69887a]
V  [jvm.dll+0x7f38bd]
V  [jvm.dll+0x7f51ce]
V  [jvm.dll+0x7f5883]
V  [jvm.dll+0x25ca3f]
V  [jvm.dll+0x7ef5cb]
V  [jvm.dll+0x63ea76]
V  [jvm.dll+0x1d721e]
V  [jvm.dll+0x64141b]
V  [jvm.dll+0x64121e]
V  [jvm.dll+0x63f43e]
V  [jvm.dll+0x2524a0]
V  [jvm.dll+0x202d5d]
V  [jvm.dll+0x1f8781]
V  [jvm.dll+0x55d685]
V  [jvm.dll+0x76db23]
V  [jvm.dll+0x76dc04]
V  [jvm.dll+0x42d234]
V  [jvm.dll+0x432f3f]
C  [java.dll+0x17ec]

Java frames: (J=compiled Java code, j=interpreted, Vv=VM code)
J 828  java.lang.ClassLoader.defineClass1(Ljava/lang/ClassLoader;Ljava/lang/String;[BIILjava/security/ProtectionDomain;Ljava/lang/String;)Ljava/lang/Class; java.base@18.0.1.1 (0 bytes) @ 0x0000025b1966c4e3 [0x0000025b1966c420+0x00000000000000c3]
J 837 c1 java.lang.ClassLoader.defineClass(Ljava/lang/String;[BIILjava/security/ProtectionDomain;)Ljava/lang/Class; java.base@18.0.1.1 (43 bytes) @ 0x0000025b122a1554 [0x0000025b122a1200+0x0000000000000354]
J 677 c1 java.security.SecureClassLoader.defineClass(Ljava/lang/String;[BIILjava/security/CodeSource;)Ljava/lang/Class; java.base@18.0.1.1 (16 bytes) @ 0x0000025b1224168c [0x0000025b122415c0+0x00000000000000cc]
J 696 c1 java.net.URLClassLoader.defineClass(Ljava/lang/String;Ljdk/internal/loader/Resource;)Ljava/lang/Class; java.base@18.0.1.1 (224 bytes) @ 0x0000025b12251674 [0x0000025b1224ffa0+0x00000000000016d4]
J 756 c1 java.net.URLClassLoader$1.run()Ljava/lang/Class; java.base@18.0.1.1 (81 bytes) @ 0x0000025b1227aacc [0x0000025b12279ea0+0x0000000000000c2c]
J 755 c1 java.net.URLClassLoader$1.run()Ljava/lang/Object; java.base@18.0.1.1 (5 bytes) @ 0x0000025b122799c4 [0x0000025b12279940+0x0000000000000084]
J 688 c1 java.security.AccessController.doPrivileged(Ljava/security/PrivilegedExceptionAction;Ljava/security/AccessControlContext;)Ljava/lang/Object; java.base@18.0.1.1 (26 bytes) @ 0x0000025b1224b67c [0x0000025b1224b4a0+0x00000000000001dc]
J 753 c1 java.net.URLClassLoader.findClass(Ljava/lang/String;)Ljava/lang/Class; java.base@18.0.1.1 (47 bytes) @ 0x0000025b12278c1c [0x0000025b12278a80+0x000000000000019c]
J 695 c1 org.codehaus.plexus.classworlds.realm.ClassRealm.loadClassFromSelf(Ljava/lang/String;)Ljava/lang/Class; (40 bytes) @ 0x0000025b1224f6d4 [0x0000025b1224f480+0x0000000000000254]
J 700 c1 org.codehaus.plexus.classworlds.strategy.SelfFirstStrategy.loadClass(Ljava/lang/String;)Ljava/lang/Class; (50 bytes) @ 0x0000025b12254894 [0x0000025b12254640+0x0000000000000254]
J 475 c1 org.codehaus.plexus.classworlds.realm.ClassRealm.loadClass(Ljava/lang/String;Z)Ljava/lang/Class; (33 bytes) @ 0x0000025b121b814c [0x0000025b121b7fe0+0x000000000000016c]
J 474 c1 org.codehaus.plexus.classworlds.realm.ClassRealm.loadClass(Ljava/lang/String;)Ljava/lang/Class; (7 bytes) @ 0x0000025b121b7ccc [0x0000025b121b7c40+0x000000000000008c]
v  ~StubRoutines::call_stub
j  org.eclipse.sisu.space.CloningClassSpace$CloningClassLoader.findClass(Ljava/lang/String;)Ljava/lang/Class;+31
J 692 c1 java.lang.ClassLoader.loadClass(Ljava/lang/String;Z)Ljava/lang/Class; java.base@18.0.1.1 (121 bytes) @ 0x0000025b1224dafc [0x0000025b1224d540+0x00000000000005bc]
j  org.eclipse.sisu.space.CloningClassSpace$CloningClassLoader.loadClass(Ljava/lang/String;Z)Ljava/lang/Class;+33
j  java.lang.ClassLoader.loadClass(Ljava/lang/String;)Ljava/lang/Class;+3 java.base@18.0.1.1
j  org.eclipse.sisu.space.URLClassSpace.loadClass(Ljava/lang/String;)Ljava/lang/Class;+5
j  org.eclipse.sisu.space.NamedClass.load()Ljava/lang/Class;+8
j  org.eclipse.sisu.wire.DependencyAnalyzer.visit(Lcom/google/inject/spi/ProviderInstanceBinding;)Ljava/lang/Boolean;+21
j  org.eclipse.sisu.wire.DependencyAnalyzer.visit(Lcom/google/inject/spi/ProviderInstanceBinding;)Ljava/lang/Object;+5
j  com.google.inject.internal.ProviderInstanceBindingImpl.acceptTargetVisitor(Lcom/google/inject/spi/BindingTargetVisitor;)Ljava/lang/Object;+27
j  org.eclipse.sisu.wire.ElementAnalyzer.visit(Lcom/google/inject/Binding;)Ljava/lang/Void;+43
j  org.eclipse.sisu.wire.ElementAnalyzer.visit(Lcom/google/inject/Binding;)Ljava/lang/Object;+5
j  com.google.inject.internal.BindingImpl.acceptVisitor(Lcom/google/inject/spi/ElementVisitor;)Ljava/lang/Object;+2
j  org.eclipse.sisu.wire.WireModule.configure(Lcom/google/inject/Binder;)V+39
j  com.google.inject.spi.Elements$RecordingBinder.install(Lcom/google/inject/Module;)V+161
j  com.google.inject.spi.Elements.getElements(Lcom/google/inject/Stage;Ljava/lang/Iterable;)Ljava/util/List;+40
j  com.google.inject.internal.InjectorShell$Builder.build(Lcom/google/inject/internal/Initializer;Lcom/google/inject/internal/ProcessedBindingData;Lcom/google/inject/internal/util/Stopwatch;Lcom/google/inject/internal/Errors;)Ljava/util/List;+122
j  com.google.inject.internal.InternalInjectorCreator.build()Lcom/google/inject/Injector;+48
j  com.google.inject.Guice.createInjector(Lcom/google/inject/Stage;Ljava/lang/Iterable;)Lcom/google/inject/Injector;+15
j  com.google.inject.Guice.createInjector(Ljava/lang/Iterable;)Lcom/google/inject/Injector;+4
j  com.google.inject.Guice.createInjector([Lcom/google/inject/Module;)Lcom/google/inject/Injector;+4
j  org.codehaus.plexus.DefaultPlexusContainer.addPlexusInjector(Ljava/util/List;[Lcom/google/inject/Module;)Lcom/google/inject/Injector;+88
j  org.codehaus.plexus.DefaultPlexusContainer.<init>(Lorg/codehaus/plexus/ContainerConfiguration;[Lcom/google/inject/Module;)V+396
j  org.apache.maven.cli.MavenCli.container(Lorg/apache/maven/cli/CliRequest;)Lorg/codehaus/plexus/PlexusContainer;+275
j  org.apache.maven.cli.MavenCli.doMain(Lorg/apache/maven/cli/CliRequest;)I+34
j  org.apache.maven.cli.MavenCli.main([Ljava/lang/String;Lorg/codehaus/plexus/classworlds/ClassWorld;)I+24
j  java.lang.invoke.DirectMethodHandle$Holder.invokeStatic(Ljava/lang/Object;Ljava/lang/Object;Ljava/lang/Object;)I+11 java.base@18.0.1.1
j  java.lang.invoke.LambdaForm$MH+0x0000000800c08800.invoke(Ljava/lang/Object;Ljava/lang/Object;Ljava/lang/Object;Ljava/lang/Object;)Ljava/lang/Object;+54 java.base@18.0.1.1
j  java.lang.invoke.LambdaForm$MH+0x0000000800c08c00.invokeExact_MT(Ljava/lang/Object;Ljava/lang/Object;Ljava/lang/Object;Ljava/lang/Object;Ljava/lang/Object;)Ljava/lang/Object;+22 java.base@18.0.1.1
j  jdk.internal.reflect.DirectMethodHandleAccessor.invokeImpl(Ljava/lang/Object;[Ljava/lang/Object;)Ljava/lang/Object;+72 java.base@18.0.1.1
j  jdk.internal.reflect.DirectMethodHandleAccessor.invoke(Ljava/lang/Object;[Ljava/lang/Object;)Ljava/lang/Object;+23 java.base@18.0.1.1
j  java.lang.reflect.Method.invoke(Ljava/lang/Object;[Ljava/lang/Object;)Ljava/lang/Object;+102 java.base@18.0.1.1
j  org.codehaus.plexus.classworlds.launcher.Launcher.launchEnhanced([Ljava/lang/String;)V+45
j  org.codehaus.plexus.classworlds.launcher.Launcher.launch([Ljava/lang/String;)V+2
j  org.codehaus.plexus.classworlds.launcher.Launcher.mainWithExitCode([Ljava/lang/String;)I+101
j  org.codehaus.plexus.classworlds.launcher.Launcher.main([Ljava/lang/String;)V+1
v  ~StubRoutines::call_stub

---------------  P R O C E S S  ---------------

Threads class SMR info:
_java_thread_list=0x0000025b2843f1c0, length=12, elements={
0x0000025b0a224ed0, 0x0000025b283bc090, 0x0000025b283bcc00, 0x0000025b283d8ef0,
0x0000025b283da7b0, 0x0000025b283db060, 0x0000025b283db910, 0x0000025b283dc4f0,
0x0000025b283dcde0, 0x0000025b283df6e0, 0x0000025b284388d0, 0x0000025b284431f0
}

Java Threads: ( => current thread )
=>0x0000025b0a224ed0 JavaThread "main" [_thread_in_vm, id=19992, stack(0x00000072dff00000,0x00000072e0000000)]
  0x0000025b283bc090 JavaThread "Reference Handler" daemon [_thread_blocked, id=20416, stack(0x00000072e0600000,0x00000072e0700000)]
  0x0000025b283bcc00 JavaThread "Finalizer" daemon [_thread_blocked, id=20420, stack(0x00000072e0700000,0x00000072e0800000)]
  0x0000025b283d8ef0 JavaThread "Signal Dispatcher" daemon [_thread_blocked, id=20440, stack(0x00000072e0800000,0x00000072e0900000)]
  0x0000025b283da7b0 JavaThread "Attach Listener" daemon [_thread_blocked, id=20444, stack(0x00000072e0900000,0x00000072e0a00000)]
  0x0000025b283db060 JavaThread "Service Thread" daemon [_thread_blocked, id=20448, stack(0x00000072e0a00000,0x00000072e0b00000)]
  0x0000025b283db910 JavaThread "Monitor Deflation Thread" daemon [_thread_blocked, id=20452, stack(0x00000072e0b00000,0x00000072e0c00000)]
  0x0000025b283dc4f0 JavaThread "C2 CompilerThread0" daemon [_thread_blocked, id=20456, stack(0x00000072e0c00000,0x00000072e0d00000)]
  0x0000025b283dcde0 JavaThread "C1 CompilerThread0" daemon [_thread_blocked, id=20460, stack(0x00000072e0d00000,0x00000072e0e00000)]
  0x0000025b283df6e0 JavaThread "Sweeper thread" daemon [_thread_blocked, id=20464, stack(0x00000072e0e00000,0x00000072e0f00000)]
  0x0000025b284388d0 JavaThread "Notification Thread" daemon [_thread_blocked, id=9352, stack(0x00000072e0f00000,0x00000072e1000000)]
  0x0000025b284431f0 JavaThread "Common-Cleaner" daemon [_thread_blocked, id=4120, stack(0x00000072e1100000,0x00000072e1200000)]

Other Threads:
  0x0000025b283b9250 VMThread "VM Thread" [stack: 0x00000072e0500000,0x00000072e0600000] [id=20224]
  0x0000025b28442dd0 WatcherThread "VM Periodic Task Thread" [stack: 0x00000072e1000000,0x00000072e1100000] [id=972]
  0x0000025b0a284460 WorkerThread "GC Thread#0" [stack: 0x00000072e0000000,0x00000072e0100000] [id=20068]
  0x0000025b2c944150 WorkerThread "GC Thread#1" [stack: 0x00000072e1200000,0x00000072e1300000] [id=3796]
  0x0000025b2d47c2e0 WorkerThread "GC Thread#2" [stack: 0x00000072e1300000,0x00000072e1400000] [id=20188]
  0x0000025b2d3f3850 WorkerThread "GC Thread#3" [stack: 0x00000072e1400000,0x00000072e1500000] [id=20924]
  0x0000025b2d2544b0 WorkerThread "GC Thread#4" [stack: 0x00000072e1500000,0x00000072e1600000] [id=13072]
  0x0000025b2d47c960 WorkerThread "GC Thread#5" [stack: 0x00000072e1600000,0x00000072e1700000] [id=2948]
  0x0000025b2d47cc00 WorkerThread "GC Thread#6" [stack: 0x00000072e1700000,0x00000072e1800000] [id=12676]
  0x0000025b0a295eb0 ConcurrentGCThread "G1 Main Marker" [stack: 0x00000072e0100000,0x00000072e0200000] [id=20072]
  0x0000025b0a2967b0 WorkerThread "G1 Conc#0" [stack: 0x00000072e0200000,0x00000072e0300000] [id=20076]
  0x0000025b0a2e4de0 ConcurrentGCThread "G1 Refine#0" [stack: 0x00000072e0300000,0x00000072e0400000] [id=20080]
  0x0000025b0a2e5600 ConcurrentGCThread "G1 Service" [stack: 0x00000072e0400000,0x00000072e0500000] [id=20084]

Threads with active compile tasks:

VM state: not at safepoint (normal execution)

VM Mutex/Monitor currently owned by a thread:  ([mutex/lock_event])
[0x0000025b0a21e2b0] Metaspace_lock - owner thread: 0x0000025b0a224ed0

Heap address: 0x0000000082000000, size: 2016 MB, Compressed Oops mode: 32-bit

CDS archive(s) mapped at: [0x0000000800000000-0x0000000800ba0000-0x0000000800ba0000), size 12189696, SharedBaseAddress: 0x0000000800000000, ArchiveRelocationMode: 0.
Compressed class space mapped at: 0x0000000800c00000-0x0000000840c00000, reserved size: 1073741824
Narrow klass base: 0x0000000800000000, Narrow klass shift: 0, Narrow klass range: 0x100000000

GC Precious Log:
 CardTable entry size: 512
 Card Set container configuration: InlinePtr #cards 5 size 8 Array Of Cards #cards 12 size 40 Howl #buckets 4 coarsen threshold 1843 Howl Bitmap #cards 512 size 80 coarsen threshold 460 Card regions per heap region 1 cards per card region 2048
 CPUs: 8 total, 8 available
 Memory: 8058M
 Large Page Support: Disabled
 NUMA Support: Disabled
 Compressed Oops: Enabled (32-bit)
 Heap Region Size: 1M
 Heap Min Capacity: 8M
 Heap Initial Capacity: 126M
 Heap Max Capacity: 2016M
 Pre-touch: Disabled
 Parallel Workers: 8
 Concurrent Workers: 2
 Concurrent Refinement Workers: 8
 Periodic GC: Disabled

Heap:
 garbage-first heap   total 129024K, used 13811K [0x0000000082000000, 0x0000000100000000)
  region size 1024K, 14 young (14336K), 3 survivors (3072K)
 Metaspace       used 6117K, committed 6272K, reserved 1114112K
  class space    used 698K, committed 768K, reserved 1048576K

Heap Regions: E=young(eden), S=young(survivor), O=old, HS=humongous(starts), HC=humongous(continues), CS=collection set, F=free, OA=open archive, CA=closed archive, TAMS=top-at-mark-start (previous, next)
|   0|0x0000000082000000, 0x000000008207ce00, 0x0000000082100000| 48%| O|  |TAMS 0x0000000082000000, 0x0000000082000000| Untracked 
|   1|0x0000000082100000, 0x0000000082100000, 0x0000000082200000|  0%| F|  |TAMS 0x0000000082100000, 0x0000000082100000| Untracked 
|   2|0x0000000082200000, 0x0000000082200000, 0x0000000082300000|  0%| F|  |TAMS 0x0000000082200000, 0x0000000082200000| Untracked 
|   3|0x0000000082300000, 0x0000000082300000, 0x0000000082400000|  0%| F|  |TAMS 0x0000000082300000, 0x0000000082300000| Untracked 
|   4|0x0000000082400000, 0x0000000082400000, 0x0000000082500000|  0%| F|  |TAMS 0x0000000082400000, 0x0000000082400000| Untracked 
|   5|0x0000000082500000, 0x0000000082500000, 0x0000000082600000|  0%| F|  |TAMS 0x0000000082500000, 0x0000000082500000| Untracked 
|   6|0x0000000082600000, 0x0000000082600000, 0x0000000082700000|  0%| F|  |TAMS 0x0000000082600000, 0x0000000082600000| Untracked 
|   7|0x0000000082700000, 0x0000000082700000, 0x0000000082800000|  0%| F|  |TAMS 0x0000000082700000, 0x0000000082700000| Untracked 
|   8|0x0000000082800000, 0x0000000082800000, 0x0000000082900000|  0%| F|  |TAMS 0x0000000082800000, 0x0000000082800000| Untracked 
|   9|0x0000000082900000, 0x0000000082900000, 0x0000000082a00000|  0%| F|  |TAMS 0x0000000082900000, 0x0000000082900000| Untracked 
|  10|0x0000000082a00000, 0x0000000082a00000, 0x0000000082b00000|  0%| F|  |TAMS 0x0000000082a00000, 0x0000000082a00000| Untracked 
|  11|0x0000000082b00000, 0x0000000082b00000, 0x0000000082c00000|  0%| F|  |TAMS 0x0000000082b00000, 0x0000000082b00000| Untracked 
|  12|0x0000000082c00000, 0x0000000082c00000, 0x0000000082d00000|  0%| F|  |TAMS 0x0000000082c00000, 0x0000000082c00000| Untracked 
|  13|0x0000000082d00000, 0x0000000082d00000, 0x0000000082e00000|  0%| F|  |TAMS 0x0000000082d00000, 0x0000000082d00000| Untracked 
|  14|0x0000000082e00000, 0x0000000082e00000, 0x0000000082f00000|  0%| F|  |TAMS 0x0000000082e00000, 0x0000000082e00000| Untracked 
|  15|0x0000000082f00000, 0x0000000082f00000, 0x0000000083000000|  0%| F|  |TAMS 0x0000000082f00000, 0x0000000082f00000| Untracked 
|  16|0x0000000083000000, 0x0000000083000000, 0x0000000083100000|  0%| F|  |TAMS 0x0000000083000000, 0x0000000083000000| Untracked 
|  17|0x0000000083100000, 0x0000000083100000, 0x0000000083200000|  0%| F|  |TAMS 0x0000000083100000, 0x0000000083100000| Untracked 
|  18|0x0000000083200000, 0x0000000083200000, 0x0000000083300000|  0%| F|  |TAMS 0x0000000083200000, 0x0000000083200000| Untracked 
|  19|0x0000000083300000, 0x0000000083300000, 0x0000000083400000|  0%| F|  |TAMS 0x0000000083300000, 0x0000000083300000| Untracked 
|  20|0x0000000083400000, 0x0000000083400000, 0x0000000083500000|  0%| F|  |TAMS 0x0000000083400000, 0x0000000083400000| Untracked 
|  21|0x0000000083500000, 0x0000000083500000, 0x0000000083600000|  0%| F|  |TAMS 0x0000000083500000, 0x0000000083500000| Untracked 
|  22|0x0000000083600000, 0x0000000083600000, 0x0000000083700000|  0%| F|  |TAMS 0x0000000083600000, 0x0000000083600000| Untracked 
|  23|0x0000000083700000, 0x0000000083700000, 0x0000000083800000|  0%| F|  |TAMS 0x0000000083700000, 0x0000000083700000| Untracked 
|  24|0x0000000083800000, 0x0000000083800000, 0x0000000083900000|  0%| F|  |TAMS 0x0000000083800000, 0x0000000083800000| Untracked 
|  25|0x0000000083900000, 0x0000000083900000, 0x0000000083a00000|  0%| F|  |TAMS 0x0000000083900000, 0x0000000083900000| Untracked 
|  26|0x0000000083a00000, 0x0000000083a00000, 0x0000000083b00000|  0%| F|  |TAMS 0x0000000083a00000, 0x0000000083a00000| Untracked 
|  27|0x0000000083b00000, 0x0000000083b00000, 0x0000000083c00000|  0%| F|  |TAMS 0x0000000083b00000, 0x0000000083b00000| Untracked 
|  28|0x0000000083c00000, 0x0000000083c00000, 0x0000000083d00000|  0%| F|  |TAMS 0x0000000083c00000, 0x0000000083c00000| Untracked 
|  29|0x0000000083d00000, 0x0000000083d00000, 0x0000000083e00000|  0%| F|  |TAMS 0x0000000083d00000, 0x0000000083d00000| Untracked 
|  30|0x0000000083e00000, 0x0000000083e00000, 0x0000000083f00000|  0%| F|  |TAMS 0x0000000083e00000, 0x0000000083e00000| Untracked 
|  31|0x0000000083f00000, 0x0000000083f00000, 0x0000000084000000|  0%| F|  |TAMS 0x0000000083f00000, 0x0000000083f00000| Untracked 
|  32|0x0000000084000000, 0x0000000084000000, 0x0000000084100000|  0%| F|  |TAMS 0x0000000084000000, 0x0000000084000000| Untracked 
|  33|0x0000000084100000, 0x0000000084100000, 0x0000000084200000|  0%| F|  |TAMS 0x0000000084100000, 0x0000000084100000| Untracked 
|  34|0x0000000084200000, 0x0000000084200000, 0x0000000084300000|  0%| F|  |TAMS 0x0000000084200000, 0x0000000084200000| Untracked 
|  35|0x0000000084300000, 0x0000000084300000, 0x0000000084400000|  0%| F|  |TAMS 0x0000000084300000, 0x0000000084300000| Untracked 
|  36|0x0000000084400000, 0x0000000084400000, 0x0000000084500000|  0%| F|  |TAMS 0x0000000084400000, 0x0000000084400000| Untracked 
|  37|0x0000000084500000, 0x0000000084500000, 0x0000000084600000|  0%| F|  |TAMS 0x0000000084500000, 0x0000000084500000| Untracked 
|  38|0x0000000084600000, 0x0000000084600000, 0x0000000084700000|  0%| F|  |TAMS 0x0000000084600000, 0x0000000084600000| Untracked 
|  39|0x0000000084700000, 0x0000000084700000, 0x0000000084800000|  0%| F|  |TAMS 0x0000000084700000, 0x0000000084700000| Untracked 
|  40|0x0000000084800000, 0x0000000084800000, 0x0000000084900000|  0%| F|  |TAMS 0x0000000084800000, 0x0000000084800000| Untracked 
|  41|0x0000000084900000, 0x0000000084900000, 0x0000000084a00000|  0%| F|  |TAMS 0x0000000084900000, 0x0000000084900000| Untracked 
|  42|0x0000000084a00000, 0x0000000084a00000, 0x0000000084b00000|  0%| F|  |TAMS 0x0000000084a00000, 0x0000000084a00000| Untracked 
|  43|0x0000000084b00000, 0x0000000084b00000, 0x0000000084c00000|  0%| F|  |TAMS 0x0000000084b00000, 0x0000000084b00000| Untracked 
|  44|0x0000000084c00000, 0x0000000084c00000, 0x0000000084d00000|  0%| F|  |TAMS 0x0000000084c00000, 0x0000000084c00000| Untracked 
|  45|0x0000000084d00000, 0x0000000084d00000, 0x0000000084e00000|  0%| F|  |TAMS 0x0000000084d00000, 0x0000000084d00000| Untracked 
|  46|0x0000000084e00000, 0x0000000084e00000, 0x0000000084f00000|  0%| F|  |TAMS 0x0000000084e00000, 0x0000000084e00000| Untracked 
|  47|0x0000000084f00000, 0x0000000084f00000, 0x0000000085000000|  0%| F|  |TAMS 0x0000000084f00000, 0x0000000084f00000| Untracked 
|  48|0x0000000085000000, 0x0000000085000000, 0x0000000085100000|  0%| F|  |TAMS 0x0000000085000000, 0x0000000085000000| Untracked 
|  49|0x0000000085100000, 0x0000000085100000, 0x0000000085200000|  0%| F|  |TAMS 0x0000000085100000, 0x0000000085100000| Untracked 
|  50|0x0000000085200000, 0x0000000085200000, 0x0000000085300000|  0%| F|  |TAMS 0x0000000085200000, 0x0000000085200000| Untracked 
|  51|0x0000000085300000, 0x0000000085300000, 0x0000000085400000|  0%| F|  |TAMS 0x0000000085300000, 0x0000000085300000| Untracked 
|  52|0x0000000085400000, 0x0000000085400000, 0x0000000085500000|  0%| F|  |TAMS 0x0000000085400000, 0x0000000085400000| Untracked 
|  53|0x0000000085500000, 0x0000000085500000, 0x0000000085600000|  0%| F|  |TAMS 0x0000000085500000, 0x0000000085500000| Untracked 
|  54|0x0000000085600000, 0x0000000085600000, 0x0000000085700000|  0%| F|  |TAMS 0x0000000085600000, 0x0000000085600000| Untracked 
|  55|0x0000000085700000, 0x0000000085700000, 0x0000000085800000|  0%| F|  |TAMS 0x0000000085700000, 0x0000000085700000| Untracked 
|  56|0x0000000085800000, 0x0000000085800000, 0x0000000085900000|  0%| F|  |TAMS 0x0000000085800000, 0x0000000085800000| Untracked 
|  57|0x0000000085900000, 0x0000000085900000, 0x0000000085a00000|  0%| F|  |TAMS 0x0000000085900000, 0x0000000085900000| Untracked 
|  58|0x0000000085a00000, 0x0000000085a00000, 0x0000000085b00000|  0%| F|  |TAMS 0x0000000085a00000, 0x0000000085a00000| Untracked 
|  59|0x0000000085b00000, 0x0000000085b00000, 0x0000000085c00000|  0%| F|  |TAMS 0x0000000085b00000, 0x0000000085b00000| Untracked 
|  60|0x0000000085c00000, 0x0000000085c00000, 0x0000000085d00000|  0%| F|  |TAMS 0x0000000085c00000, 0x0000000085c00000| Untracked 
|  61|0x0000000085d00000, 0x0000000085d00000, 0x0000000085e00000|  0%| F|  |TAMS 0x0000000085d00000, 0x0000000085d00000| Untracked 
|  62|0x0000000085e00000, 0x0000000085e00000, 0x0000000085f00000|  0%| F|  |TAMS 0x0000000085e00000, 0x0000000085e00000| Untracked 
|  63|0x0000000085f00000, 0x0000000085f00000, 0x0000000086000000|  0%| F|  |TAMS 0x0000000085f00000, 0x0000000085f00000| Untracked 
|  64|0x0000000086000000, 0x0000000086000000, 0x0000000086100000|  0%| F|  |TAMS 0x0000000086000000, 0x0000000086000000| Untracked 
|  65|0x0000000086100000, 0x0000000086100000, 0x0000000086200000|  0%| F|  |TAMS 0x0000000086100000, 0x0000000086100000| Untracked 
|  66|0x0000000086200000, 0x0000000086200000, 0x0000000086300000|  0%| F|  |TAMS 0x0000000086200000, 0x0000000086200000| Untracked 
|  67|0x0000000086300000, 0x0000000086300000, 0x0000000086400000|  0%| F|  |TAMS 0x0000000086300000, 0x0000000086300000| Untracked 
|  68|0x0000000086400000, 0x0000000086400000, 0x0000000086500000|  0%| F|  |TAMS 0x0000000086400000, 0x0000000086400000| Untracked 
|  69|0x0000000086500000, 0x0000000086500000, 0x0000000086600000|  0%| F|  |TAMS 0x0000000086500000, 0x0000000086500000| Untracked 
|  70|0x0000000086600000, 0x0000000086600000, 0x0000000086700000|  0%| F|  |TAMS 0x0000000086600000, 0x0000000086600000| Untracked 
|  71|0x0000000086700000, 0x0000000086700000, 0x0000000086800000|  0%| F|  |TAMS 0x0000000086700000, 0x0000000086700000| Untracked 
|  72|0x0000000086800000, 0x0000000086800000, 0x0000000086900000|  0%| F|  |TAMS 0x0000000086800000, 0x0000000086800000| Untracked 
|  73|0x0000000086900000, 0x0000000086900000, 0x0000000086a00000|  0%| F|  |TAMS 0x0000000086900000, 0x0000000086900000| Untracked 
|  74|0x0000000086a00000, 0x0000000086a00000, 0x0000000086b00000|  0%| F|  |TAMS 0x0000000086a00000, 0x0000000086a00000| Untracked 
|  75|0x0000000086b00000, 0x0000000086b00000, 0x0000000086c00000|  0%| F|  |TAMS 0x0000000086b00000, 0x0000000086b00000| Untracked 
|  76|0x0000000086c00000, 0x0000000086c00000, 0x0000000086d00000|  0%| F|  |TAMS 0x0000000086c00000, 0x0000000086c00000| Untracked 
|  77|0x0000000086d00000, 0x0000000086d00000, 0x0000000086e00000|  0%| F|  |TAMS 0x0000000086d00000, 0x0000000086d00000| Untracked 
|  78|0x0000000086e00000, 0x0000000086e00000, 0x0000000086f00000|  0%| F|  |TAMS 0x0000000086e00000, 0x0000000086e00000| Untracked 
|  79|0x0000000086f00000, 0x0000000086f00000, 0x0000000087000000|  0%| F|  |TAMS 0x0000000086f00000, 0x0000000086f00000| Untracked 
|  80|0x0000000087000000, 0x0000000087000000, 0x0000000087100000|  0%| F|  |TAMS 0x0000000087000000, 0x0000000087000000| Untracked 
|  81|0x0000000087100000, 0x0000000087100000, 0x0000000087200000|  0%| F|  |TAMS 0x0000000087100000, 0x0000000087100000| Untracked 
|  82|0x0000000087200000, 0x0000000087200000, 0x0000000087300000|  0%| F|  |TAMS 0x0000000087200000, 0x0000000087200000| Untracked 
|  83|0x0000000087300000, 0x0000000087300000, 0x0000000087400000|  0%| F|  |TAMS 0x0000000087300000, 0x0000000087300000| Untracked 
|  84|0x0000000087400000, 0x0000000087400000, 0x0000000087500000|  0%| F|  |TAMS 0x0000000087400000, 0x0000000087400000| Untracked 
|  85|0x0000000087500000, 0x0000000087500000, 0x0000000087600000|  0%| F|  |TAMS 0x0000000087500000, 0x0000000087500000| Untracked 
|  86|0x0000000087600000, 0x0000000087600000, 0x0000000087700000|  0%| F|  |TAMS 0x0000000087600000, 0x0000000087600000| Untracked 
|  87|0x0000000087700000, 0x0000000087700000, 0x0000000087800000|  0%| F|  |TAMS 0x0000000087700000, 0x0000000087700000| Untracked 
|  88|0x0000000087800000, 0x0000000087800000, 0x0000000087900000|  0%| F|  |TAMS 0x0000000087800000, 0x0000000087800000| Untracked 
|  89|0x0000000087900000, 0x0000000087900000, 0x0000000087a00000|  0%| F|  |TAMS 0x0000000087900000, 0x0000000087900000| Untracked 
|  90|0x0000000087a00000, 0x0000000087a00000, 0x0000000087b00000|  0%| F|  |TAMS 0x0000000087a00000, 0x0000000087a00000| Untracked 
|  91|0x0000000087b00000, 0x0000000087b00000, 0x0000000087c00000|  0%| F|  |TAMS 0x0000000087b00000, 0x0000000087b00000| Untracked 
|  92|0x0000000087c00000, 0x0000000087c00000, 0x0000000087d00000|  0%| F|  |TAMS 0x0000000087c00000, 0x0000000087c00000| Untracked 
|  93|0x0000000087d00000, 0x0000000087d00000, 0x0000000087e00000|  0%| F|  |TAMS 0x0000000087d00000, 0x0000000087d00000| Untracked 
|  94|0x0000000087e00000, 0x0000000087e00000, 0x0000000087f00000|  0%| F|  |TAMS 0x0000000087e00000, 0x0000000087e00000| Untracked 
|  95|0x0000000087f00000, 0x0000000087f00000, 0x0000000088000000|  0%| F|  |TAMS 0x0000000087f00000, 0x0000000087f00000| Untracked 
|  96|0x0000000088000000, 0x0000000088000000, 0x0000000088100000|  0%| F|  |TAMS 0x0000000088000000, 0x0000000088000000| Untracked 
|  97|0x0000000088100000, 0x0000000088100000, 0x0000000088200000|  0%| F|  |TAMS 0x0000000088100000, 0x0000000088100000| Untracked 
|  98|0x0000000088200000, 0x0000000088200000, 0x0000000088300000|  0%| F|  |TAMS 0x0000000088200000, 0x0000000088200000| Untracked 
|  99|0x0000000088300000, 0x0000000088300000, 0x0000000088400000|  0%| F|  |TAMS 0x0000000088300000, 0x0000000088300000| Untracked 
| 100|0x0000000088400000, 0x0000000088500000, 0x0000000088500000|100%| S|CS|TAMS 0x0000000088400000, 0x0000000088400000| Complete 
| 101|0x0000000088500000, 0x0000000088600000, 0x0000000088600000|100%| S|CS|TAMS 0x0000000088500000, 0x0000000088500000| Complete 
| 102|0x0000000088600000, 0x0000000088700000, 0x0000000088700000|100%| S|CS|TAMS 0x0000000088600000, 0x0000000088600000| Complete 
| 103|0x0000000088700000, 0x0000000088700000, 0x0000000088800000|  0%| F|  |TAMS 0x0000000088700000, 0x0000000088700000| Untracked 
| 104|0x0000000088800000, 0x0000000088800000, 0x0000000088900000|  0%| F|  |TAMS 0x0000000088800000, 0x0000000088800000| Untracked 
| 105|0x0000000088900000, 0x0000000088900000, 0x0000000088a00000|  0%| F|  |TAMS 0x0000000088900000, 0x0000000088900000| Untracked 
| 106|0x0000000088a00000, 0x0000000088a00000, 0x0000000088b00000|  0%| F|  |TAMS 0x0000000088a00000, 0x0000000088a00000| Untracked 
| 107|0x0000000088b00000, 0x0000000088b00000, 0x0000000088c00000|  0%| F|  |TAMS 0x0000000088b00000, 0x0000000088b00000| Untracked 
| 108|0x0000000088c00000, 0x0000000088c00000, 0x0000000088d00000|  0%| F|  |TAMS 0x0000000088c00000, 0x0000000088c00000| Untracked 
| 109|0x0000000088d00000, 0x0000000088d00000, 0x0000000088e00000|  0%| F|  |TAMS 0x0000000088d00000, 0x0000000088d00000| Untracked 
| 110|0x0000000088e00000, 0x0000000088e00000, 0x0000000088f00000|  0%| F|  |TAMS 0x0000000088e00000, 0x0000000088e00000| Untracked 
| 111|0x0000000088f00000, 0x0000000088f00000, 0x0000000089000000|  0%| F|  |TAMS 0x0000000088f00000, 0x0000000088f00000| Untracked 
| 112|0x0000000089000000, 0x0000000089000000, 0x0000000089100000|  0%| F|  |TAMS 0x0000000089000000, 0x0000000089000000| Untracked 
| 113|0x0000000089100000, 0x0000000089100000, 0x0000000089200000|  0%| F|  |TAMS 0x0000000089100000, 0x0000000089100000| Untracked 
| 114|0x0000000089200000, 0x0000000089200000, 0x0000000089300000|  0%| F|  |TAMS 0x0000000089200000, 0x0000000089200000| Untracked 
| 115|0x0000000089300000, 0x00000000893c9b68, 0x0000000089400000| 78%| E|  |TAMS 0x0000000089300000, 0x0000000089300000| Complete 
| 116|0x0000000089400000, 0x0000000089500000, 0x0000000089500000|100%| E|CS|TAMS 0x0000000089400000, 0x0000000089400000| Complete 
| 117|0x0000000089500000, 0x0000000089600000, 0x0000000089600000|100%| E|CS|TAMS 0x0000000089500000, 0x0000000089500000| Complete 
| 118|0x0000000089600000, 0x0000000089700000, 0x0000000089700000|100%| E|CS|TAMS 0x0000000089600000, 0x0000000089600000| Complete 
| 119|0x0000000089700000, 0x0000000089800000, 0x0000000089800000|100%| E|CS|TAMS 0x0000000089700000, 0x0000000089700000| Complete 
| 120|0x0000000089800000, 0x0000000089900000, 0x0000000089900000|100%| E|CS|TAMS 0x0000000089800000, 0x0000000089800000| Complete 
| 121|0x0000000089900000, 0x0000000089a00000, 0x0000000089a00000|100%| E|CS|TAMS 0x0000000089900000, 0x0000000089900000| Complete 
| 122|0x0000000089a00000, 0x0000000089b00000, 0x0000000089b00000|100%| E|CS|TAMS 0x0000000089a00000, 0x0000000089a00000| Complete 
| 123|0x0000000089b00000, 0x0000000089c00000, 0x0000000089c00000|100%| E|CS|TAMS 0x0000000089b00000, 0x0000000089b00000| Complete 
| 124|0x0000000089c00000, 0x0000000089d00000, 0x0000000089d00000|100%| E|CS|TAMS 0x0000000089c00000, 0x0000000089c00000| Complete 
| 125|0x0000000089d00000, 0x0000000089e00000, 0x0000000089e00000|100%| E|CS|TAMS 0x0000000089d00000, 0x0000000089d00000| Complete 

Card table byte_map: [0x0000025b21280000,0x0000025b21670000] _byte_map_base: 0x0000025b20e70000

Marking Bits (Prev, Next): (CMBitMap*) 0x0000025b0a285980, (CMBitMap*) 0x0000025b0a2859c0
 Prev Bits: [0x0000025b21a60000, 0x0000025b239e0000)
 Next Bits: [0x0000025b239e0000, 0x0000025b25960000)

Polling page: 0x0000025b099f0000

Metaspace:

Usage:
  Non-class:      5.29 MB used.
      Class:    698.33 KB used.
       Both:      5.97 MB used.

Virtual space:
  Non-class space:       64.00 MB reserved,       5.38 MB (  8%) committed,  1 nodes.
      Class space:        1.00 GB reserved,     768.00 KB ( <1%) committed,  1 nodes.
             Both:        1.06 GB reserved,       6.12 MB ( <1%) committed. 

Chunk freelists:
   Non-Class:  432.00 KB
       Class:  3.19 MB
        Both:  3.61 MB

MaxMetaspaceSize: unlimited
CompressedClassSpaceSize: 1.00 GB
Initial GC threshold: 21.00 MB
Current GC threshold: 21.00 MB
CDS: on
MetaspaceReclaimPolicy: balanced
 - commit_granule_bytes: 65536.
 - commit_granule_words: 8192.
 - virtual_space_node_default_size: 8388608.
 - enlarge_chunks_in_place: 1.
 - new_chunks_are_fully_committed: 0.
 - uncommit_free_chunks: 1.
 - use_allocation_guard: 0.


Internal statistics:

num_allocs_failed_limit: 0.
num_arena_births: 34.
num_arena_deaths: 0.
num_vsnodes_births: 2.
num_vsnodes_deaths: 0.
num_space_committed: 98.
num_space_uncommitted: 0.
num_chunks_returned_to_freelist: 0.
num_chunks_taken_from_freelist: 197.
num_chunk_merges: 0.
num_chunk_splits: 155.
num_chunks_enlarged: 139.
num_inconsistent_stats: 0.

CodeHeap 'non-profiled nmethods': size=120000Kb used=465Kb max_used=465Kb free=119534Kb
 bounds [0x0000025b19630000, 0x0000025b198a0000, 0x0000025b20b60000]
CodeHeap 'profiled nmethods': size=120000Kb used=2578Kb max_used=2578Kb free=117421Kb
 bounds [0x0000025b12100000, 0x0000025b12390000, 0x0000025b19630000]
CodeHeap 'non-nmethods': size=5760Kb used=1155Kb max_used=1190Kb free=4605Kb
 bounds [0x0000025b11b60000, 0x0000025b11dd0000, 0x0000025b12100000]
 total_blobs=1747 nmethods=1312 adapters=348
 compilation: enabled
              stopped_count=0, restarted_count=0
 full_count=0

Compilation events (20 events):
Event: 8.484 Thread 0x0000025b283dcde0 1305       3       java.lang.Class::getGenericSuperclass (28 bytes)
Event: 8.485 Thread 0x0000025b283dcde0 nmethod 1305 0x0000025b1237ff10 code [0x0000025b12380160, 0x0000025b12380b78]
Event: 8.485 Thread 0x0000025b283dcde0 1308       3       jdk.internal.org.objectweb.asm.AnnotationWriter::putAnnotations (67 bytes)
Event: 8.485 Thread 0x0000025b283dcde0 nmethod 1308 0x0000025b12380e90 code [0x0000025b123810a0, 0x0000025b123814d8]
Event: 8.485 Thread 0x0000025b283dcde0 1309       3       jdk.internal.org.objectweb.asm.Frame::merge (395 bytes)
Event: 8.485 Thread 0x0000025b283dc4f0 nmethod 1299 0x0000025b196a2590 code [0x0000025b196a2740, 0x0000025b196a2df8]
Event: 8.485 Thread 0x0000025b283dc4f0 1307       4       sun.reflect.generics.parser.SignatureParser::advance (53 bytes)
Event: 8.486 Thread 0x0000025b283dcde0 nmethod 1309 0x0000025b12381790 code [0x0000025b12381a40, 0x0000025b123828b8]
Event: 8.486 Thread 0x0000025b283dcde0 1310       3       java.util.LinkedHashMap$LinkedValueIterator::next (8 bytes)
Event: 8.486 Thread 0x0000025b283dc4f0 nmethod 1307 0x0000025b196a3210 code [0x0000025b196a3380, 0x0000025b196a3458]
Event: 8.486 Thread 0x0000025b283dcde0 nmethod 1310 0x0000025b12382f10 code [0x0000025b123830c0, 0x0000025b12383208]
Event: 8.486 Thread 0x0000025b283dcde0 1311       3       java.lang.invoke.MethodType::basicType (8 bytes)
Event: 8.486 Thread 0x0000025b283dcde0 nmethod 1311 0x0000025b12383310 code [0x0000025b123834a0, 0x0000025b123835d8]
Event: 8.486 Thread 0x0000025b283dcde0 1313       3       java.util.Arrays::sort (37 bytes)
Event: 8.486 Thread 0x0000025b283dcde0 nmethod 1313 0x0000025b12383690 code [0x0000025b12383840, 0x0000025b12383a38]
Event: 8.486 Thread 0x0000025b283dcde0 1312       3       com.google.inject.spi.InjectionPoint::getDeclaredMethods (17 bytes)
Event: 8.487 Thread 0x0000025b283dcde0 nmethod 1312 0x0000025b12383b10 code [0x0000025b12383cc0, 0x0000025b12383e38]
Event: 8.487 Thread 0x0000025b283dcde0 1314       3       com.google.common.collect.ImmutableSet::copyOf (42 bytes)
Event: 8.487 Thread 0x0000025b283dcde0 nmethod 1314 0x0000025b12383f90 code [0x0000025b12384180, 0x0000025b12384828]
Event: 8.490 Thread 0x0000025b283dc4f0 1315       4       java.lang.String::regionMatches (150 bytes)

GC Heap History (2 events):
Event: 7.924 GC heap before
{Heap before GC invocations=0 (full 0):
 garbage-first heap   total 129024K, used 22528K [0x0000000082000000, 0x0000000100000000)
  region size 1024K, 23 young (23552K), 0 survivors (0K)
 Metaspace       used 4817K, committed 4992K, reserved 1114112K
  class space    used 557K, committed 640K, reserved 1048576K
}
Event: 8.176 GC heap after
{Heap after GC invocations=1 (full 0):
 garbage-first heap   total 129024K, used 3571K [0x0000000082000000, 0x0000000100000000)
  region size 1024K, 3 young (3072K), 3 survivors (3072K)
 Metaspace       used 4817K, committed 4992K, reserved 1114112K
  class space    used 557K, committed 640K, reserved 1048576K
}

Deoptimization events (20 events):
Event: 7.762 Thread 0x0000025b0a224ed0 Uncommon trap: trap_request=0xffffffde fr.pc=0x0000025b1966f8c8 relative=0x0000000000000128
Event: 7.762 Thread 0x0000025b0a224ed0 Uncommon trap: reason=class_check action=maybe_recompile pc=0x0000025b1966f8c8 method=jdk.internal.misc.Unsafe.allocateUninitializedArray(Ljava/lang/Class;I)Ljava/lang/Object; @ 51 c2
Event: 7.762 Thread 0x0000025b0a224ed0 DEOPT PACKING pc=0x0000025b1966f8c8 sp=0x00000072dfffd9a0
Event: 7.762 Thread 0x0000025b0a224ed0 DEOPT UNPACKING pc=0x0000025b11bb23a3 sp=0x00000072dfffd928 mode 2
Event: 7.833 Thread 0x0000025b0a224ed0 DEOPT PACKING pc=0x0000025b12140b26 sp=0x00000072dfffde00
Event: 7.834 Thread 0x0000025b0a224ed0 DEOPT UNPACKING pc=0x0000025b11bb2b43 sp=0x00000072dfffd2d0 mode 0
Event: 8.180 Thread 0x0000025b0a224ed0 Uncommon trap: trap_request=0xffffff45 fr.pc=0x0000025b1967c350 relative=0x0000000000000a50
Event: 8.180 Thread 0x0000025b0a224ed0 Uncommon trap: reason=unstable_if action=reinterpret pc=0x0000025b1967c350 method=org.codehaus.plexus.util.xml.pull.MXParser.nextImpl()I @ 241 c2
Event: 8.180 Thread 0x0000025b0a224ed0 DEOPT PACKING pc=0x0000025b1967c350 sp=0x00000072dfffe250
Event: 8.180 Thread 0x0000025b0a224ed0 DEOPT UNPACKING pc=0x0000025b11bb23a3 sp=0x00000072dfffe1c8 mode 2
Event: 8.338 Thread 0x0000025b0a224ed0 Uncommon trap: trap_request=0xffffff45 fr.pc=0x0000025b19692a5c relative=0x00000000000004bc
Event: 8.338 Thread 0x0000025b0a224ed0 Uncommon trap: reason=unstable_if action=reinterpret pc=0x0000025b19692a5c method=java.lang.String.<init>([CIILjava/lang/Void;)V @ 5 c2
Event: 8.338 Thread 0x0000025b0a224ed0 DEOPT PACKING pc=0x0000025b19692a5c sp=0x00000072dfffde60
Event: 8.338 Thread 0x0000025b0a224ed0 DEOPT UNPACKING pc=0x0000025b11bb23a3 sp=0x00000072dfffdcf8 mode 2
Event: 8.417 Thread 0x0000025b0a224ed0 DEOPT PACKING pc=0x0000025b123191b4 sp=0x00000072dfffdff0
Event: 8.417 Thread 0x0000025b0a224ed0 DEOPT UNPACKING pc=0x0000025b11bb2b43 sp=0x00000072dfffd460 mode 0
Event: 8.471 Thread 0x0000025b0a224ed0 Uncommon trap: trap_request=0xffffffc6 fr.pc=0x0000025b19699cd8 relative=0x0000000000000298
Event: 8.471 Thread 0x0000025b0a224ed0 Uncommon trap: reason=bimorphic_or_optimized_type_check action=maybe_recompile pc=0x0000025b19699cd8 method=java.util.HashMap.getNode(Ljava/lang/Object;)Ljava/util/HashMap$Node; @ 128 c2
Event: 8.471 Thread 0x0000025b0a224ed0 DEOPT PACKING pc=0x0000025b19699cd8 sp=0x00000072dfffe320
Event: 8.471 Thread 0x0000025b0a224ed0 DEOPT UNPACKING pc=0x0000025b11bb23a3 sp=0x00000072dfffe2a8 mode 2

Classes loaded (20 events):
Event: 7.729 Loading class sun/reflect/generics/tree/Signature done
Event: 7.729 Loading class sun/reflect/generics/tree/ClassSignature done
Event: 7.729 Loading class java/lang/reflect/TypeVariable
Event: 7.729 Loading class java/lang/reflect/TypeVariable done
Event: 7.729 Loading class java/lang/reflect/WildcardType
Event: 7.729 Loading class java/lang/reflect/WildcardType done
Event: 7.736 Loading class sun/reflect/generics/tree/TypeVariableSignature
Event: 7.736 Loading class sun/reflect/generics/tree/TypeVariableSignature done
Event: 7.750 Loading class java/lang/annotation/IncompleteAnnotationException
Event: 7.750 Loading class java/lang/annotation/IncompleteAnnotationException done
Event: 7.834 Loading class jdk/internal/access/foreign/MemorySegmentProxy
Event: 7.834 Loading class jdk/internal/access/foreign/MemorySegmentProxy done
Event: 8.184 Loading class sun/reflect/generics/reflectiveObjects/TypeVariableImpl
Event: 8.184 Loading class sun/reflect/generics/reflectiveObjects/LazyReflectiveObjectGenerator
Event: 8.184 Loading class sun/reflect/generics/reflectiveObjects/LazyReflectiveObjectGenerator done
Event: 8.184 Loading class sun/reflect/generics/reflectiveObjects/TypeVariableImpl done
Event: 8.184 Loading class sun/reflect/generics/reflectiveObjects/ParameterizedTypeImpl
Event: 8.184 Loading class sun/reflect/generics/reflectiveObjects/ParameterizedTypeImpl done
Event: 8.184 Loading class sun/reflect/misc/ReflectUtil
Event: 8.184 Loading class sun/reflect/misc/ReflectUtil done

Classes unloaded (0 events):
No events

Classes redefined (0 events):
No events

Internal exceptions (12 events):
Event: 7.081 Thread 0x0000025b0a224ed0 Exception <a 'java/lang/NoSuchMethodError'{0x0000000089aa7978}: 'java.lang.Object java.lang.invoke.Invokers$Holder.invokeExact_MT(java.lang.Object, java.lang.Object, java.lang.Object, java.lang.Object, java.lang.Object)'> (0x0000000089aa7978) 
thrown [s\open\src\hotspot\share\interpreter\linkResolver.cpp, line 766]
Event: 7.105 Thread 0x0000025b0a224ed0 Exception <a 'java/lang/NullPointerException'{0x0000000089900a50}> (0x0000000089900a50) 
thrown [s\open\src\hotspot\share\interpreter\linkResolver.cpp, line 1357]
Event: 7.130 Thread 0x0000025b0a224ed0 Exception <a 'java/lang/NullPointerException'{0x000000008992d408}> (0x000000008992d408) 
thrown [s\open\src\hotspot\share\interpreter\linkResolver.cpp, line 1357]
Event: 7.130 Thread 0x0000025b0a224ed0 Exception <a 'java/lang/NullPointerException'{0x000000008992d6e0}> (0x000000008992d6e0) 
thrown [s\open\src\hotspot\share\interpreter\linkResolver.cpp, line 1357]
Event: 7.130 Thread 0x0000025b0a224ed0 Exception <a 'java/lang/NullPointerException'{0x000000008992d9b8}> (0x000000008992d9b8) 
thrown [s\open\src\hotspot\share\interpreter\linkResolver.cpp, line 1357]
Event: 7.132 Thread 0x0000025b0a224ed0 Exception <a 'java/lang/NullPointerException'{0x0000000089932bc8}> (0x0000000089932bc8) 
thrown [s\open\src\hotspot\share\interpreter\linkResolver.cpp, line 1357]
Event: 7.137 Thread 0x0000025b0a224ed0 Exception <a 'java/lang/NullPointerException'{0x00000000899477a0}> (0x00000000899477a0) 
thrown [s\open\src\hotspot\share\interpreter\linkResolver.cpp, line 1357]
Event: 7.137 Thread 0x0000025b0a224ed0 Exception <a 'java/lang/NullPointerException'{0x0000000089947a78}> (0x0000000089947a78) 
thrown [s\open\src\hotspot\share\interpreter\linkResolver.cpp, line 1357]
Event: 7.137 Thread 0x0000025b0a224ed0 Exception <a 'java/lang/NullPointerException'{0x0000000089947d50}> (0x0000000089947d50) 
thrown [s\open\src\hotspot\share\interpreter\linkResolver.cpp, line 1357]
Event: 7.137 Thread 0x0000025b0a224ed0 Exception <a 'java/lang/NullPointerException'{0x0000000089948028}> (0x0000000089948028) 
thrown [s\open\src\hotspot\share\interpreter\linkResolver.cpp, line 1357]
Event: 7.690 Thread 0x0000025b0a224ed0 Exception <a 'java/lang/NoSuchMethodError'{0x00000000890fdfc0}: 'java.lang.Object java.lang.invoke.DirectMethodHandle$Holder.newInvokeSpecial(java.lang.Object, java.lang.Object, java.lang.Object, java.lang.Object, java.lang.Object)'> (0x00000000890fdfc0) 
thrown [s\open\src\hotspot\share\interpreter\linkResolver.cpp, line 766]
Event: 7.751 Thread 0x0000025b0a224ed0 Exception <a 'java/lang/NoClassDefFoundError'{0x0000000088e553f8}: javax/enterprise/inject/Typed> (0x0000000088e553f8) 
thrown [s\open\src\hotspot\share\classfile\systemDictionary.cpp, line 244]

VM Operations (14 events):
Event: 4.858 Executing VM operation: Cleanup
Event: 4.859 Executing VM operation: Cleanup done
Event: 5.862 Executing VM operation: Cleanup
Event: 5.862 Executing VM operation: Cleanup done
Event: 6.866 Executing VM operation: Cleanup
Event: 6.866 Executing VM operation: Cleanup done
Event: 7.104 Executing VM operation: HandshakeAllThreads
Event: 7.104 Executing VM operation: HandshakeAllThreads done
Event: 7.121 Executing VM operation: HandshakeAllThreads
Event: 7.121 Executing VM operation: HandshakeAllThreads done
Event: 7.282 Executing VM operation: HandshakeAllThreads
Event: 7.282 Executing VM operation: HandshakeAllThreads done
Event: 7.923 Executing VM operation: G1CollectForAllocation
Event: 8.176 Executing VM operation: G1CollectForAllocation done

Events (20 events):
Event: 0.090 Loaded shared library C:\Program Files\Java\jdk-18.0.1.1\bin\java.dll
Event: 1.118 Loaded shared library C:\Program Files\Java\jdk-18.0.1.1\bin\jsvml.dll
Event: 1.120 Thread 0x0000025b0a224ed0 Thread added: 0x0000025b0a224ed0
Event: 1.865 Thread 0x0000025b283bc090 Thread added: 0x0000025b283bc090
Event: 1.865 Thread 0x0000025b283bcc00 Thread added: 0x0000025b283bcc00
Event: 2.134 Thread 0x0000025b283d8ef0 Thread added: 0x0000025b283d8ef0
Event: 2.134 Thread 0x0000025b283da7b0 Thread added: 0x0000025b283da7b0
Event: 2.134 Thread 0x0000025b283db060 Thread added: 0x0000025b283db060
Event: 2.134 Thread 0x0000025b283db910 Thread added: 0x0000025b283db910
Event: 2.134 Thread 0x0000025b283dc4f0 Thread added: 0x0000025b283dc4f0
Event: 2.135 Thread 0x0000025b283dcde0 Thread added: 0x0000025b283dcde0
Event: 2.135 Thread 0x0000025b283df6e0 Thread added: 0x0000025b283df6e0
Event: 2.162 Thread 0x0000025b284388d0 Thread added: 0x0000025b284388d0
Event: 2.166 Thread 0x0000025b284431f0 Thread added: 0x0000025b284431f0
Event: 3.134 Loaded shared library C:\Program Files\Java\jdk-18.0.1.1\bin\net.dll
Event: 3.987 Loaded shared library C:\Program Files\Java\jdk-18.0.1.1\bin\nio.dll
Event: 3.992 Loaded shared library C:\Program Files\Java\jdk-18.0.1.1\bin\zip.dll
Event: 7.112 Loaded shared library C:\Program Files\Java\jdk-18.0.1.1\bin\jimage.dll
Event: 7.129 Loaded shared library C:\Program Files\NetBeans-14\netbeans\java\maven\lib\jansi-native\Windows\x86_64\jansi.dll
Event: 7.144 Loaded shared library C:\Program Files\Java\jdk-18.0.1.1\bin\verify.dll


Dynamic libraries:
0x00007ff73cf50000 - 0x00007ff73cf60000 	C:\Program Files\Java\jdk-18.0.1.1\bin\java.exe
0x00007ffca9ff0000 - 0x00007ffcaa1e8000 	C:\WINDOWS\SYSTEM32\ntdll.dll
0x00007ffca9890000 - 0x00007ffca994f000 	C:\WINDOWS\System32\KERNEL32.DLL
0x00007ffca79b0000 - 0x00007ffca7c82000 	C:\WINDOWS\System32\KERNELBASE.dll
0x00007ffca7730000 - 0x00007ffca7830000 	C:\WINDOWS\System32\ucrtbase.dll
0x00007ffc92ff0000 - 0x00007ffc93008000 	C:\Program Files\Java\jdk-18.0.1.1\bin\jli.dll
0x00007ffca9950000 - 0x00007ffca99fe000 	C:\WINDOWS\System32\ADVAPI32.dll
0x00007ffca97f0000 - 0x00007ffca988e000 	C:\WINDOWS\System32\msvcrt.dll
0x00007ffca86c0000 - 0x00007ffca875c000 	C:\WINDOWS\System32\sechost.dll
0x00007ffca95f0000 - 0x00007ffca9715000 	C:\WINDOWS\System32\RPCRT4.dll
0x00007ffca8310000 - 0x00007ffca84b1000 	C:\WINDOWS\System32\USER32.dll
0x00007ffca7d30000 - 0x00007ffca7d52000 	C:\WINDOWS\System32\win32u.dll
0x00007ffca9ab0000 - 0x00007ffca9adb000 	C:\WINDOWS\System32\GDI32.dll
0x00007ffca7830000 - 0x00007ffca793f000 	C:\WINDOWS\System32\gdi32full.dll
0x00007ffca7c90000 - 0x00007ffca7d2d000 	C:\WINDOWS\System32\msvcp_win.dll
0x00007ffc7f640000 - 0x00007ffc7f65a000 	C:\Program Files\Java\jdk-18.0.1.1\bin\VCRUNTIME140.dll
0x00007ffc86d90000 - 0x00007ffc8702a000 	C:\WINDOWS\WinSxS\amd64_microsoft.windows.common-controls_6595b64144ccf1df_6.0.19041.1110_none_60b5254171f9507e\COMCTL32.dll
0x00007ffca18a0000 - 0x00007ffca18aa000 	C:\WINDOWS\SYSTEM32\VERSION.dll
0x00007ffca9a70000 - 0x00007ffca9aa2000 	C:\WINDOWS\System32\IMM32.DLL
0x00007ffc8f780000 - 0x00007ffc8f78c000 	C:\Program Files\Java\jdk-18.0.1.1\bin\vcruntime140_1.dll
0x00007ffc69510000 - 0x00007ffc6959d000 	C:\Program Files\Java\jdk-18.0.1.1\bin\msvcp140.dll
0x00007ffc474d0000 - 0x00007ffc480e0000 	C:\Program Files\Java\jdk-18.0.1.1\bin\server\jvm.dll
0x00007ffca9530000 - 0x00007ffca9538000 	C:\WINDOWS\System32\PSAPI.DLL
0x00007ffc8f7c0000 - 0x00007ffc8f7c9000 	C:\WINDOWS\SYSTEM32\WSOCK32.dll
0x00007ffca9a00000 - 0x00007ffca9a6b000 	C:\WINDOWS\System32\WS2_32.dll
0x00007ffc8d6b0000 - 0x00007ffc8d6d7000 	C:\WINDOWS\SYSTEM32\WINMM.dll
0x00007ffca55c0000 - 0x00007ffca55d2000 	C:\WINDOWS\SYSTEM32\kernel.appcore.dll
0x00007ffc8f2b0000 - 0x00007ffc8f2ba000 	C:\Program Files\Java\jdk-18.0.1.1\bin\jimage.dll
0x00007ffc95fb0000 - 0x00007ffc96194000 	C:\WINDOWS\SYSTEM32\DBGHELP.DLL
0x00007ffc965a0000 - 0x00007ffc965d5000 	C:\WINDOWS\SYSTEM32\dbgcore.DLL
0x00007ffca7f70000 - 0x00007ffca7ff2000 	C:\WINDOWS\System32\bcryptPrimitives.dll
0x00007ffc69bc0000 - 0x00007ffc69be5000 	C:\Program Files\Java\jdk-18.0.1.1\bin\java.dll
0x00007ffc69ac0000 - 0x00007ffc69b96000 	C:\Program Files\Java\jdk-18.0.1.1\bin\jsvml.dll
0x00007ffca89a0000 - 0x00007ffca90e5000 	C:\WINDOWS\System32\SHELL32.dll
0x00007ffca57c0000 - 0x00007ffca5f52000 	C:\WINDOWS\SYSTEM32\windows.storage.dll
0x00007ffca91d0000 - 0x00007ffca9525000 	C:\WINDOWS\System32\combase.dll
0x00007ffca70d0000 - 0x00007ffca7100000 	C:\WINDOWS\SYSTEM32\Wldp.dll
0x00007ffca8580000 - 0x00007ffca862d000 	C:\WINDOWS\System32\SHCORE.dll
0x00007ffca8760000 - 0x00007ffca87b5000 	C:\WINDOWS\System32\shlwapi.dll
0x00007ffca7620000 - 0x00007ffca763f000 	C:\WINDOWS\SYSTEM32\profapi.dll
0x00007ffc69aa0000 - 0x00007ffc69ab3000 	C:\Program Files\Java\jdk-18.0.1.1\bin\net.dll
0x00007ffca00a0000 - 0x00007ffca01ac000 	C:\WINDOWS\SYSTEM32\WINHTTP.dll
0x00007ffca6dc0000 - 0x00007ffca6e2a000 	C:\WINDOWS\system32\mswsock.dll
0x00007ffc69a80000 - 0x00007ffc69a96000 	C:\Program Files\Java\jdk-18.0.1.1\bin\nio.dll
0x00007ffc69a60000 - 0x00007ffc69a78000 	C:\Program Files\Java\jdk-18.0.1.1\bin\zip.dll
0x0000000069ac0000 - 0x0000000069ae4000 	C:\Program Files\NetBeans-14\netbeans\java\maven\lib\jansi-native\Windows\x86_64\jansi.dll
0x00007ffc81910000 - 0x00007ffc81920000 	C:\Program Files\Java\jdk-18.0.1.1\bin\verify.dll

dbghelp: loaded successfully - version: 4.0.5 - missing functions: none
symbol engine: initialized successfully - sym options: 0x614 - pdb path: .;C:\Program Files\Java\jdk-18.0.1.1\bin;C:\WINDOWS\SYSTEM32;C:\WINDOWS\WinSxS\amd64_microsoft.windows.common-controls_6595b64144ccf1df_6.0.19041.1110_none_60b5254171f9507e;C:\Program Files\Java\jdk-18.0.1.1\bin\server;C:\Program Files\NetBeans-14\netbeans\java\maven\lib\jansi-native\Windows\x86_64

VM Arguments:
jvm_args: -Dclassworlds.conf=C:\Program Files\NetBeans-14\netbeans\java\maven\bin\m2.conf -Dmaven.home=C:\Program Files\NetBeans-14\netbeans\java\maven -Dlibrary.jansi.path=C:\Program Files\NetBeans-14\netbeans\java\maven\lib\jansi-native -Dmaven.multiModuleProjectDirectory=D:\Java\fastJavaProgram 
java_command: org.codehaus.plexus.classworlds.launcher.Launcher -Dexec.vmArgs= -Dexec.args=${exec.vmArgs} -classpath %classpath ${exec.mainClass} ${exec.appArgs} -Dexec.appArgs= -Dexec.mainClass=com.mycompany.fastjavaprogram.FastJavaProgram -Dexec.executable=C:\Program Files\Java\jdk-18.0.1.1\bin\java.exe -Dmaven.ext.class.path=C:\Program Files\NetBeans-14\netbeans\java\maven-nblib\netbeans-eventspy.jar org.codehaus.mojo:exec-maven-plugin:3.0.0:exec
java_class_path (initial): C:\Program Files\NetBeans-14\netbeans\java\maven\boot\plexus-classworlds-2.6.0.jar
Launcher Type: SUN_STANDARD

[Global flags]
     intx CICompilerCount                          = 4                                         {product} {ergonomic}
     uint ConcGCThreads                            = 2                                         {product} {ergonomic}
     uint G1ConcRefinementThreads                  = 8                                         {product} {ergonomic}
   size_t G1HeapRegionSize                         = 1048576                                   {product} {ergonomic}
    uintx GCDrainStackTargetSize                   = 64                                        {product} {ergonomic}
   size_t InitialHeapSize                          = 132120576                                 {product} {ergonomic}
   size_t MarkStackSize                            = 4194304                                   {product} {ergonomic}
   size_t MaxHeapSize                              = 2113929216                                {product} {ergonomic}
   size_t MaxNewSize                               = 1267728384                                {product} {ergonomic}
   size_t MinHeapDeltaBytes                        = 1048576                                   {product} {ergonomic}
   size_t MinHeapSize                              = 8388608                                   {product} {ergonomic}
    uintx NonNMethodCodeHeapSize                   = 5839372                                {pd product} {ergonomic}
    uintx NonProfiledCodeHeapSize                  = 122909434                              {pd product} {ergonomic}
    uintx ProfiledCodeHeapSize                     = 122909434                              {pd product} {ergonomic}
    uintx ReservedCodeCacheSize                    = 251658240                              {pd product} {ergonomic}
     bool SegmentedCodeCache                       = true                                      {product} {ergonomic}
   size_t SoftMaxHeapSize                          = 2113929216                             {manageable} {ergonomic}
     bool UseCompressedClassPointers               = true                           {product lp64_product} {ergonomic}
     bool UseCompressedOops                        = true                           {product lp64_product} {ergonomic}
     bool UseG1GC                                  = true                                      {product} {ergonomic}
     bool UseLargePagesIndividualAllocation        = false                                  {pd product} {ergonomic}

Logging:
Log output configuration:
 #0: stdout all=warning uptime,level,tags foldmultilines=false
 #1: stderr all=off uptime,level,tags foldmultilines=false

Environment Variables:
JAVA_HOME=C:\Program Files\Java\jdk-18.0.1.1
PATH=C:\Program Files\Common Files\Oracle\Java\javapath;C:\WINDOWS\system32;C:\WINDOWS;C:\WINDOWS\System32\Wbem;C:\WINDOWS\System32\WindowsPowerShell\v1.0\;C:\WINDOWS\System32\OpenSSH\;C:\Program Files\Git\cmd;C:\xampp\php;C:\composer;C:\Program Files\nodejs\;C:\Users\SHAKOUAT HOSSEN\AppData\Local\Pub\Cache\bin;C:\Users\SHAKOUAT HOSSEN\AppData\Local\Microsoft\WindowsApps;C:\Users\SHAKOUAT HOSSEN\AppData\Local\Programs\Microsoft VS Code\bin;C:\src\flutter\bin;C:\Program Files\Java\jdk-18.0.1.1\bin;C:\MinGW\bin;C:\Users\SHAKOUAT HOSSEN\AppData\Roaming\Composer\vendor\bin;C:\Users\SHAKOUAT HOSSEN\AppData\Local\GitHubDesktop\bin;C:\Users\SHAKOUAT HOSSEN\AppData\Roaming\npm;C:\Users\SHAKOUAT HOSSEN\AppData\Local\Pub\Cache\bin;
USERNAME=SHAKOUAT HOSSEN
OS=Windows_NT
PROCESSOR_IDENTIFIER=Intel64 Family 6 Model 165 Stepping 3, GenuineIntel



---------------  S Y S T E M  ---------------

OS:
 Windows 10 , 64 bit Build 19041 (10.0.19041.2546)
OS uptime: 1 days 18:10 hours

CPU: total 8 (initial active 8) (4 cores per cpu, 2 threads per core) family 6 model 165 stepping 3 microcode 0xcc, cx8, cmov, fxsr, ht, mmx, 3dnowpref, sse, sse2, sse3, ssse3, sse4.1, sse4.2, popcnt, lzcnt, tsc, tscinvbit, avx, avx2, aes, erms, clmul, bmi1, bmi2, adx, fma, vzeroupper, clflush, clflushopt

Memory: 4k page, system-wide physical 8058M (405M free)
TotalPageFile size 22804M (AvailPageFile size 928M)
current process WorkingSet (physical memory assigned to process): 75M, peak: 75M
current process commit charge ("private bytes"): 221M, peak: 223M

vm_info: Java HotSpot(TM) 64-Bit Server VM (18.0.1.1+2-6) for windows-amd64 JRE (18.0.1.1+2-6), built on Apr 25 2022 21:53:15 by "mach5one" with MS VC++ 16.8 / 16.9 (VS2019)

END.
